[2026-01-24 02:38:36Z INFO HostContext] No proxy settings were found based on environmental variables (http_proxy/https_proxy/HTTP_PROXY/HTTPS_PROXY)
[2026-01-24 02:38:36Z INFO HostContext] Well known directory 'Bin': 'C:\ESP32_Wrover\ebesoh_esp32_wrover_projects\actions-runner\bin'
[2026-01-24 02:38:36Z INFO HostContext] Well known directory 'Root': 'C:\ESP32_Wrover\ebesoh_esp32_wrover_projects\actions-runner'
[2026-01-24 02:38:36Z INFO HostContext] Well known config file 'Credentials': 'C:\ESP32_Wrover\ebesoh_esp32_wrover_projects\actions-runner\.credentials'
[2026-01-24 02:38:36Z INFO HostContext] Well known directory 'Bin': 'C:\ESP32_Wrover\ebesoh_esp32_wrover_projects\actions-runner\bin'
[2026-01-24 02:38:36Z INFO HostContext] Well known directory 'Root': 'C:\ESP32_Wrover\ebesoh_esp32_wrover_projects\actions-runner'
[2026-01-24 02:38:36Z INFO HostContext] Well known config file 'Runner': 'C:\ESP32_Wrover\ebesoh_esp32_wrover_projects\actions-runner\.runner'
[2026-01-24 02:38:36Z INFO Worker] Version: 2.331.0
[2026-01-24 02:38:36Z INFO Worker] Commit: 39f6c643d3032f8795fa71f1482731ca90c8e038
[2026-01-24 02:38:36Z INFO Worker] Culture: en-US
[2026-01-24 02:38:36Z INFO Worker] UI Culture: en-US
[2026-01-24 02:38:36Z INFO Worker] Waiting to receive the job message from the channel.
[2026-01-24 02:38:36Z INFO ProcessChannel] Receiving message of length 22152, with hash 'ad89d08c8150ae9fc76db62414fbe385d57800e02c8be8251ae01e22b31d7bb4'
[2026-01-24 02:38:36Z INFO Worker] Message received.
[2026-01-24 02:38:36Z INFO Worker] Job message:
 {
  "environmentVariables": [
    {
      "type": 2,
      "file": 1,
      "line": 16,
      "col": 3,
      "map": [
        {
          "key": {
            "type": 0,
            "file": 1,
            "line": 16,
            "col": 3,
            "lit": "ESP_PORT"
          },
          "value": {
            "type": 0,
            "file": 1,
            "line": 16,
            "col": 13,
            "lit": "COM5"
          }
        },
        {
          "key": {
            "type": 0,
            "file": 1,
            "line": 17,
            "col": 3,
            "lit": "FIRMWARE"
          },
          "value": {
            "type": 0,
            "file": 1,
            "line": 17,
            "col": 13,
            "lit": "firmware/ESP32_GENERIC-SPIRAM-20251209-v1.27.0.bin"
          }
        },
        {
          "key": {
            "type": 0,
            "file": 1,
            "line": 18,
            "col": 3,
            "lit": "PYTHONUNBUFFERED"
          },
          "value": {
            "type": 0,
            "file": 1,
            "line": 18,
            "col": 21,
            "lit": "1"
          }
        }
      ]
    }
  ],
  "fileTable": [
    ".github/workflows/esp32-ci.yml"
  ],
  "mask": [
    {
      "type": "regex",
      "value": "***"
    },
    {
      "type": "regex",
      "value": "***"
    },
    {
      "type": "regex",
      "value": "***"
    },
    {
      "type": "regex",
      "value": "***"
    },
    {
      "type": "regex",
      "value": "***"
    },
    {
      "type": "regex",
      "value": "***"
    },
    {
      "type": "regex",
      "value": "***"
    },
    {
      "type": "regex",
      "value": "***"
    },
    {
      "type": "regex",
      "value": "***"
    },
    {
      "type": "regex",
      "value": "***"
    },
    {
      "type": "regex",
      "value": "***"
    },
    {
      "type": "regex",
      "value": "***"
    },
    {
      "type": "regex",
      "value": "***"
    },
    {
      "type": "regex",
      "value": "***"
    },
    {
      "type": "regex",
      "value": "***"
    },
    {
      "type": "regex",
      "value": "***"
    },
    {
      "type": "regex",
      "value": "***"
    },
    {
      "type": "regex",
      "value": "***"
    }
  ],
  "steps": [
    {
      "type": "action",
      "reference": {
        "type": "script"
      },
      "displayNameToken": {
        "type": 0,
        "file": 1,
        "line": 121,
        "col": 15,
        "lit": "Run DS18B20 Temperature tests"
      },
      "contextName": "__run",
      "inputs": {
        "type": 2,
        "map": [
          {
            "key": "script",
            "value": {
              "type": 0,
              "file": 1,
              "line": 124,
              "col": 14,
              "lit": "python -m mpremote connect %ESP_PORT% exec \"import test_runner_ds18b20; test_runner_ds18b20.main()\" > temp.txt\ntype temp.txt\nfindstr /C:\"CI_RESULT: FAIL\" temp.txt >nul && exit /b 1\n"
            }
          },
          {
            "key": "shell",
            "value": {
              "type": 0,
              "file": 1,
              "line": 122,
              "col": 16,
              "lit": "cmd"
            }
          }
        ]
      },
      "condition": "success()",
      "continueOnError": {
        "type": 5,
        "file": 1,
        "line": 123,
        "col": 28,
        "bool": true
      },
      "id": "49b539a6-b41f-40ae-841f-0193a648bc5e",
      "name": "__run"
    },
    {
      "type": "action",
      "reference": {
        "type": "script"
      },
      "displayNameToken": {
        "type": 0,
        "file": 1,
        "line": 129,
        "col": 15,
        "lit": "Run Wi-Fi tests"
      },
      "contextName": "__run_2",
      "inputs": {
        "type": 2,
        "map": [
          {
            "key": "script",
            "value": {
              "type": 0,
              "file": 1,
              "line": 132,
              "col": 14,
              "lit": "python -m mpremote connect %ESP_PORT% exec \"import test_wifi_runner; test_wifi_runner.run_all_wifi_tests()\" > wifi.txt\ntype wifi.txt\nfindstr /C:\"CI_RESULT: FAIL\" wifi.txt >nul && exit /b 1\n"
            }
          },
          {
            "key": "shell",
            "value": {
              "type": 0,
              "file": 1,
              "line": 130,
              "col": 16,
              "lit": "cmd"
            }
          }
        ]
      },
      "condition": "success()",
      "continueOnError": {
        "type": 5,
        "file": 1,
        "line": 131,
        "col": 28,
        "bool": true
      },
      "id": "67dbf8b5-9a8a-46ed-90b0-488ff5a28f49",
      "name": "__run_2"
    },
    {
      "type": "action",
      "reference": {
        "type": "script"
      },
      "displayNameToken": {
        "type": 0,
        "file": 1,
        "line": 137,
        "col": 15,
        "lit": "Run Bluetooth tests"
      },
      "contextName": "__run_3",
      "inputs": {
        "type": 2,
        "map": [
          {
            "key": "script",
            "value": {
              "type": 0,
              "file": 1,
              "line": 139,
              "col": 14,
              "lit": "python -m mpremote connect %ESP_PORT% exec \"import test_runner_bt; test_runner_bt.run_all_tests()\" > bt.txt\ntype bt.txt\nfindstr /C:\"CI_RESULT: FAIL\" bt.txt >nul && exit /b 1\n"
            }
          },
          {
            "key": "shell",
            "value": {
              "type": 0,
              "file": 1,
              "line": 138,
              "col": 16,
              "lit": "cmd"
            }
          }
        ]
      },
      "condition": "success()",
      "id": "e77563a9-5009-4ca6-a108-6b9eae91ebcb",
      "name": "__run_3"
    },
    {
      "type": "action",
      "reference": {
        "type": "repository",
        "name": "actions/upload-artifact",
        "ref": "v4",
        "repositoryType": "GitHub"
      },
      "contextName": "__actions_upload-artifact",
      "inputs": {
        "type": 2,
        "file": 1,
        "line": 147,
        "col": 11,
        "map": [
          {
            "key": {
              "type": 0,
              "file": 1,
              "line": 147,
              "col": 11,
              "lit": "name"
            },
            "value": {
              "type": 0,
              "file": 1,
              "line": 147,
              "col": 17,
              "lit": "hardware-test-logs"
            }
          },
          {
            "key": {
              "type": 0,
              "file": 1,
              "line": 148,
              "col": 11,
              "lit": "path"
            },
            "value": {
              "type": 0,
              "file": 1,
              "line": 148,
              "col": 17,
              "lit": "temp.txt\nwifi.txt\nbt.txt\n"
            }
          }
        ]
      },
      "condition": "always()",
      "id": "a5b59537-c07f-42a1-9d12-db507163bd08",
      "name": "__actions_upload-artifact"
    }
  ],
  "variables": {
    "Actions.EnableHttpRedirects": {
      "value": "true"
    },
    "DistributedTask.AddWarningToNode12Action": {
      "value": "true"
    },
    "DistributedTask.AddWarningToNode16Action": {
      "value": "true"
    },
    "DistributedTask.AllowRunnerContainerHooks": {
      "value": "true"
    },
    "DistributedTask.DeprecateStepOutputCommands": {
      "value": "true"
    },
    "DistributedTask.DetailUntarFailure": {
      "value": "true"
    },
    "DistributedTask.EnableCompositeActions": {
      "value": "true"
    },
    "DistributedTask.EnableJobServerQueueTelemetry": {
      "value": "true"
    },
    "DistributedTask.EnhancedAnnotations": {
      "value": "true"
    },
    "DistributedTask.ForceGithubJavascriptActionsToNode16": {
      "value": "true"
    },
    "DistributedTask.ForceGithubJavascriptActionsToNode20": {
      "value": "true"
    },
    "DistributedTask.LogTemplateErrorsAsDebugMessages": {
      "value": "true"
    },
    "DistributedTask.MarkJobAsFailedOnWorkerCrash": {
      "value": "true"
    },
    "DistributedTask.NewActionMetadata": {
      "value": "true"
    },
    "DistributedTask.UploadStepSummary": {
      "value": "true"
    },
    "DistributedTask.UseActionArchiveCache": {
      "value": "true"
    },
    "DistributedTask.UseWhich2": {
      "value": "true"
    },
    "RunService.FixEmbeddedIssues": {
      "value": "true"
    },
    "actions_add_check_run_id_to_job_context": {
      "value": "true"
    },
    "actions_container_action_runner_temp": {
      "value": "true"
    },
    "actions_display_helpful_actions_download_errors": {
      "value": "true"
    },
    "actions_runner_compare_workflow_parser": {
      "value": "false"
    },
    "actions_set_orchestration_id_env_for_actions": {
      "value": "false"
    },
    "actions_skip_retry_complete_job_upon_known_errors": {
      "value": "true"
    },
    "actions_uses_cache_service_v2": {
      "value": "true"
    },
    "github_token": {
      "value": "***",
      "isSecret": true
    },
    "system.from_run_service": {
      "value": "true"
    },
    "system.github.job": {
      "value": "hardware-tests"
    },
    "system.github.launch_endpoint": {
      "value": "https://launch.actions.githubusercontent.com"
    },
    "system.github.results_endpoint": {
      "value": "https://results-receiver.actions.githubusercontent.com/"
    },
    "system.github.results_upload_with_sdk": {
      "value": "true"
    },
    "system.github.token": {
      "value": "***",
      "isSecret": true
    },
    "system.github.token.permissions": {
      "value": "{\"Contents\":\"read\",\"Metadata\":\"read\",\"Packages\":\"read\"}"
    },
    "system.orchestrationId": {
      "value": "e7fb25d5-81ed-4df6-8e4b-48bb3789111a.hardware-tests.__default"
    },
    "system.phaseDisplayName": {
      "value": "Hardware Tests (Temperature, Wi-Fi, Bluetooth)"
    },
    "system.runner.lowdiskspacethreshold": {
      "value": "100"
    },
    "system.runnerEnvironment": {
      "value": "self-hosted"
    },
    "system.runnerGroupName": {
      "value": "Default"
    }
  },
  "messageType": "RunnerJobRequest",
  "plan": {
    "scopeIdentifier": "00000000-0000-0000-0000-000000000000",
    "planType": "actions",
    "version": 0,
    "planId": "e7fb25d5-81ed-4df6-8e4b-48bb3789111a",
    "planGroup": null,
    "artifactUri": null,
    "artifactLocation": null,
    "definition": null,
    "owner": null
  },
  "timeline": {
    "id": "e7fb25d5-81ed-4df6-8e4b-48bb3789111a",
    "changeId": 0,
    "location": null
  },
  "jobId": "29d98d34-41bc-585f-8663-e81b24c7565b",
  "jobDisplayName": "Hardware Tests (Temperature, Wi-Fi, Bluetooth)",
  "jobName": "__default",
  "requestId": 0,
  "lockedUntil": "0001-01-01T00:00:00",
  "resources": {
    "endpoints": [
      {
        "data": {
          "ServerId": "",
          "ServerName": "",
          "CacheServerUrl": "https://artifactcache.actions.githubusercontent.com/34JA5Uwd79UWO7O3EL9bnmESHaWSbMRpXIKH2Ha9fSKf2CpyCy/",
          "FeedStreamUrl": "wss://results-receiver.actions.githubusercontent.com/_ws/ingest.sock",
          "ResultsServiceUrl": "https://results-receiver.actions.githubusercontent.com/",
          "PipelinesServiceUrl": "https://pipelinesghubeus2.actions.githubusercontent.com/34JA5Uwd79UWO7O3EL9bnmESHaWSbMRpXIKH2Ha9fSKf2CpyCy/",
          "GenerateIdTokenUrl": "",
          "ConnectivityChecks": "[\"https://broker.actions.githubusercontent.com/health\",\"https://token.actions.githubusercontent.com/ready\"]"
        },
        "name": "SystemVssConnection",
        "url": "https://run-actions-2-azure-eastus.actions.githubusercontent.com/161/",
        "authorization": {
          "parameters": {
            "AccessToken": "***"
          },
          "scheme": "OAuth"
        },
        "isShared": false,
        "isReady": true
      }
    ]
  },
  "contextData": {
    "github": {
      "t": 2,
      "d": [
        {
          "k": "ref",
          "v": "refs/heads/main"
        },
        {
          "k": "sha",
          "v": "50538d711409a004d27ea1b2bc6588ad7f7583e2"
        },
        {
          "k": "repository",
          "v": "Ebesoh/ebesoh_esp32_wrover_projects"
        },
        {
          "k": "repository_owner",
          "v": "Ebesoh"
        },
        {
          "k": "repository_owner_id",
          "v": "98786507"
        },
        {
          "k": "repositoryUrl",
          "v": "git://github.com/Ebesoh/ebesoh_esp32_wrover_projects.git"
        },
        {
          "k": "run_id",
          "v": "21307500019"
        },
        {
          "k": "run_number",
          "v": "35"
        },
        {
          "k": "retention_days",
          "v": "90"
        },
        {
          "k": "run_attempt",
          "v": "2"
        },
        {
          "k": "artifact_cache_size_limit",
          "v": "10"
        },
        {
          "k": "repository_visibility",
          "v": "public"
        },
        {
          "k": "actor_id",
          "v": "98786507"
        },
        {
          "k": "actor",
          "v": "Ebesoh"
        },
        {
          "k": "workflow",
          "v": "ESP32 Hardware Testing"
        },
        {
          "k": "head_ref",
          "v": ""
        },
        {
          "k": "base_ref",
          "v": ""
        },
        {
          "k": "event_name",
          "v": "push"
        },
        {
          "k": "server_url",
          "v": "https://github.com"
        },
        {
          "k": "api_url",
          "v": "https://api.github.com"
        },
        {
          "k": "graphql_url",
          "v": "https://api.github.com/graphql"
        },
        {
          "k": "ref_name",
          "v": "main"
        },
        {
          "k": "ref_protected",
          "v": false
        },
        {
          "k": "ref_type",
          "v": "branch"
        },
        {
          "k": "secret_source",
          "v": "Actions"
        },
        {
          "k": "event",
          "v": {
            "t": 2,
            "d": [
              {
                "k": "after",
                "v": "50538d711409a004d27ea1b2bc6588ad7f7583e2"
              },
              {
                "k": "base_ref",
                "v": null
              },
              {
                "k": "before",
                "v": "3363913159ffb5a644d8f113cf9a1344fd6a8828"
              },
              {
                "k": "commits",
                "v": {
                  "t": 1,
                  "a": [
                    {
                      "t": 2,
                      "d": [
                        {
                          "k": "author",
                          "v": {
                            "t": 2,
                            "d": [
                              {
                                "k": "email",
                                "v": "ebesoh82@gmail.com"
                              },
                              {
                                "k": "name",
                                "v": "Ebesoh"
                              },
                              {
                                "k": "username",
                                "v": "Ebesoh"
                              }
                            ]
                          }
                        },
                        {
                          "k": "committer",
                          "v": {
                            "t": 2,
                            "d": [
                              {
                                "k": "email",
                                "v": "ebesoh82@gmail.com"
                              },
                              {
                                "k": "name",
                                "v": "Ebesoh"
                              },
                              {
                                "k": "username",
                                "v": "Ebesoh"
                              }
                            ]
                          }
                        },
                        {
                          "k": "distinct",
                          "v": true
                        },
                        {
                          "k": "id",
                          "v": "50538d711409a004d27ea1b2bc6588ad7f7583e2"
                        },
                        {
                          "k": "message",
                          "v": "changes made"
                        },
                        {
                          "k": "timestamp",
                          "v": "2026-01-24T03:16:10+01:00"
                        },
                        {
                          "k": "tree_id",
                          "v": "bb690d34a6f45e38f0f84bfba335d1e3f16042fc"
                        },
                        {
                          "k": "url",
                          "v": "https://github.com/Ebesoh/ebesoh_esp32_wrover_projects/commit/50538d711409a004d27ea1b2bc6588ad7f7583e2"
                        }
                      ]
                    }
                  ]
                }
              },
              {
                "k": "compare",
                "v": "https://github.com/Ebesoh/ebesoh_esp32_wrover_projects/compare/3363913159ff...50538d711409"
              },
              {
                "k": "created",
                "v": false
              },
              {
                "k": "deleted",
                "v": false
              },
              {
                "k": "forced",
                "v": false
              },
              {
                "k": "head_commit",
                "v": {
                  "t": 2,
                  "d": [
                    {
                      "k": "author",
                      "v": {
                        "t": 2,
                        "d": [
                          {
                            "k": "email",
                            "v": "ebesoh82@gmail.com"
                          },
                          {
                            "k": "name",
                            "v": "Ebesoh"
                          },
                          {
                            "k": "username",
                            "v": "Ebesoh"
                          }
                        ]
                      }
                    },
                    {
                      "k": "committer",
                      "v": {
                        "t": 2,
                        "d": [
                          {
                            "k": "email",
                            "v": "ebesoh82@gmail.com"
                          },
                          {
                            "k": "name",
                            "v": "Ebesoh"
                          },
                          {
                            "k": "username",
                            "v": "Ebesoh"
                          }
                        ]
                      }
                    },
                    {
                      "k": "distinct",
                      "v": true
                    },
                    {
                      "k": "id",
                      "v": "50538d711409a004d27ea1b2bc6588ad7f7583e2"
                    },
                    {
                      "k": "message",
                      "v": "changes made"
                    },
                    {
                      "k": "timestamp",
                      "v": "2026-01-24T03:16:10+01:00"
                    },
                    {
                      "k": "tree_id",
                      "v": "bb690d34a6f45e38f0f84bfba335d1e3f16042fc"
                    },
                    {
                      "k": "url",
                      "v": "https://github.com/Ebesoh/ebesoh_esp32_wrover_projects/commit/50538d711409a004d27ea1b2bc6588ad7f7583e2"
                    }
                  ]
                }
              },
              {
                "k": "pusher",
                "v": {
                  "t": 2,
                  "d": [
                    {
                      "k": "email",
                      "v": "98786507+Ebesoh@users.noreply.github.com"
                    },
                    {
                      "k": "name",
                      "v": "Ebesoh"
                    }
                  ]
                }
              },
              {
                "k": "ref",
                "v": "refs/heads/main"
              },
              {
                "k": "repository",
                "v": {
                  "t": 2,
                  "d": [
                    {
                      "k": "allow_forking",
                      "v": true
                    },
                    {
                      "k": "archive_url",
                      "v": "https://api.github.com/repos/Ebesoh/ebesoh_esp32_wrover_projects/{archive_format}{/ref}"
                    },
                    {
                      "k": "archived",
                      "v": false
                    },
                    {
                      "k": "assignees_url",
                      "v": "https://api.github.com/repos/Ebesoh/ebesoh_esp32_wrover_projects/assignees{/user}"
                    },
                    {
                      "k": "blobs_url",
                      "v": "https://api.github.com/repos/Ebesoh/ebesoh_esp32_wrover_projects/git/blobs{/sha}"
                    },
                    {
                      "k": "branches_url",
                      "v": "https://api.github.com/repos/Ebesoh/ebesoh_esp32_wrover_projects/branches{/branch}"
                    },
                    {
                      "k": "clone_url",
                      "v": "https://github.com/Ebesoh/ebesoh_esp32_wrover_projects.git"
                    },
                    {
                      "k": "collaborators_url",
                      "v": "https://api.github.com/repos/Ebesoh/ebesoh_esp32_wrover_projects/collaborators{/collaborator}"
                    },
                    {
                      "k": "comments_url",
                      "v": "https://api.github.com/repos/Ebesoh/ebesoh_esp32_wrover_projects/comments{/number}"
                    },
                    {
                      "k": "commits_url",
                      "v": "https://api.github.com/repos/Ebesoh/ebesoh_esp32_wrover_projects/commits{/sha}"
                    },
                    {
                      "k": "compare_url",
                      "v": "https://api.github.com/repos/Ebesoh/ebesoh_esp32_wrover_projects/compare/{base}...{head}"
                    },
                    {
                      "k": "contents_url",
                      "v": "https://api.github.com/repos/Ebesoh/ebesoh_esp32_wrover_projects/contents/{+path}"
                    },
                    {
                      "k": "contributors_url",
                      "v": "https://api.github.com/repos/Ebesoh/ebesoh_esp32_wrover_projects/contributors"
                    },
                    {
                      "k": "created_at",
                      "v": 1769125078.0
                    },
                    {
                      "k": "default_branch",
                      "v": "main"
                    },
                    {
                      "k": "deployments_url",
                      "v": "https://api.github.com/repos/Ebesoh/ebesoh_esp32_wrover_projects/deployments"
                    },
                    {
                      "k": "description",
                      "v": "esp32 wrover projects created by ebesoh "
                    },
                    {
                      "k": "disabled",
                      "v": false
                    },
                    {
                      "k": "downloads_url",
                      "v": "https://api.github.com/repos/Ebesoh/ebesoh_esp32_wrover_projects/downloads"
                    },
                    {
                      "k": "events_url",
                      "v": "https://api.github.com/repos/Ebesoh/ebesoh_esp32_wrover_projects/events"
                    },
                    {
                      "k": "fork",
                      "v": false
                    },
                    {
                      "k": "forks",
                      "v": 0.0
                    },
                    {
                      "k": "forks_count",
                      "v": 0.0
                    },
                    {
                      "k": "forks_url",
                      "v": "https://api.github.com/repos/Ebesoh/ebesoh_esp32_wrover_projects/forks"
                    },
                    {
                      "k": "full_name",
                      "v": "Ebesoh/ebesoh_esp32_wrover_projects"
                    },
                    {
                      "k": "git_commits_url",
                      "v": "https://api.github.com/repos/Ebesoh/ebesoh_esp32_wrover_projects/git/commits{/sha}"
                    },
                    {
                      "k": "git_refs_url",
                      "v": "https://api.github.com/repos/Ebesoh/ebesoh_esp32_wrover_projects/git/refs{/sha}"
                    },
                    {
                      "k": "git_tags_url",
                      "v": "https://api.github.com/repos/Ebesoh/ebesoh_esp32_wrover_projects/git/tags{/sha}"
                    },
                    {
                      "k": "git_url",
                      "v": "git://github.com/Ebesoh/ebesoh_esp32_wrover_projects.git"
                    },
                    {
                      "k": "has_discussions",
                      "v": false
                    },
                    {
                      "k": "has_downloads",
                      "v": true
                    },
                    {
                      "k": "has_issues",
                      "v": true
                    },
                    {
                      "k": "has_pages",
                      "v": false
                    },
                    {
                      "k": "has_projects",
                      "v": true
                    },
                    {
                      "k": "has_wiki",
                      "v": true
                    },
                    {
                      "k": "homepage",
                      "v": null
                    },
                    {
                      "k": "hooks_url",
                      "v": "https://api.github.com/repos/Ebesoh/ebesoh_esp32_wrover_projects/hooks"
                    },
                    {
                      "k": "html_url",
                      "v": "https://github.com/Ebesoh/ebesoh_esp32_wrover_projects"
                    },
                    {
                      "k": "id",
                      "v": 1140178483.0
                    },
                    {
                      "k": "is_template",
                      "v": false
                    },
                    {
                      "k": "issue_comment_url",
                      "v": "https://api.github.com/repos/Ebesoh/ebesoh_esp32_wrover_projects/issues/comments{/number}"
                    },
                    {
                      "k": "issue_events_url",
                      "v": "https://api.github.com/repos/Ebesoh/ebesoh_esp32_wrover_projects/issues/events{/number}"
                    },
                    {
                      "k": "issues_url",
                      "v": "https://api.github.com/repos/Ebesoh/ebesoh_esp32_wrover_projects/issues{/number}"
                    },
                    {
                      "k": "keys_url",
                      "v": "https://api.github.com/repos/Ebesoh/ebesoh_esp32_wrover_projects/keys{/key_id}"
                    },
                    {
                      "k": "labels_url",
                      "v": "https://api.github.com/repos/Ebesoh/ebesoh_esp32_wrover_projects/labels{/name}"
                    },
                    {
                      "k": "language",
                      "v": "Python"
                    },
                    {
                      "k": "languages_url",
                      "v": "https://api.github.com/repos/Ebesoh/ebesoh_esp32_wrover_projects/languages"
                    },
                    {
                      "k": "license",
                      "v": null
                    },
                    {
                      "k": "master_branch",
                      "v": "main"
                    },
                    {
                      "k": "merges_url",
                      "v": "https://api.github.com/repos/Ebesoh/ebesoh_esp32_wrover_projects/merges"
                    },
                    {
                      "k": "milestones_url",
                      "v": "https://api.github.com/repos/Ebesoh/ebesoh_esp32_wrover_projects/milestones{/number}"
                    },
                    {
                      "k": "mirror_url",
                      "v": null
                    },
                    {
                      "k": "name",
                      "v": "ebesoh_esp32_wrover_projects"
                    },
                    {
                      "k": "node_id",
                      "v": "R_kgDOQ_W-Mw"
                    },
                    {
                      "k": "notifications_url",
                      "v": "https://api.github.com/repos/Ebesoh/ebesoh_esp32_wrover_projects/notifications{?since,all,participating}"
                    },
                    {
                      "k": "open_issues",
                      "v": 0.0
                    },
                    {
                      "k": "open_issues_count",
                      "v": 0.0
                    },
                    {
                      "k": "owner",
                      "v": {
                        "t": 2,
                        "d": [
                          {
                            "k": "avatar_url",
                            "v": "https://avatars.githubusercontent.com/u/98786507?v=4"
                          },
                          {
                            "k": "email",
                            "v": "98786507+Ebesoh@users.noreply.github.com"
                          },
                          {
                            "k": "events_url",
                            "v": "https://api.github.com/users/Ebesoh/events{/privacy}"
                          },
                          {
                            "k": "followers_url",
                            "v": "https://api.github.com/users/Ebesoh/followers"
                          },
                          {
                            "k": "following_url",
                            "v": "https://api.github.com/users/Ebesoh/following{/other_user}"
                          },
                          {
                            "k": "gists_url",
                            "v": "https://api.github.com/users/Ebesoh/gists{/gist_id}"
                          },
                          {
                            "k": "gravatar_id",
                            "v": ""
                          },
                          {
                            "k": "html_url",
                            "v": "https://github.com/Ebesoh"
                          },
                          {
                            "k": "id",
                            "v": 98786507.0
                          },
                          {
                            "k": "login",
                            "v": "Ebesoh"
                          },
                          {
                            "k": "name",
                            "v": "Ebesoh"
                          },
                          {
                            "k": "node_id",
                            "v": "U_kgDOBeNcyw"
                          },
                          {
                            "k": "organizations_url",
                            "v": "https://api.github.com/users/Ebesoh/orgs"
                          },
                          {
                            "k": "received_events_url",
                            "v": "https://api.github.com/users/Ebesoh/received_events"
                          },
                          {
                            "k": "repos_url",
                            "v": "https://api.github.com/users/Ebesoh/repos"
                          },
                          {
                            "k": "site_admin",
                            "v": false
                          },
                          {
                            "k": "starred_url",
                            "v": "https://api.github.com/users/Ebesoh/starred{/owner}{/repo}"
                          },
                          {
                            "k": "subscriptions_url",
                            "v": "https://api.github.com/users/Ebesoh/subscriptions"
                          },
                          {
                            "k": "type",
                            "v": "User"
                          },
                          {
                            "k": "url",
                            "v": "https://api.github.com/users/Ebesoh"
                          },
                          {
                            "k": "user_view_type",
                            "v": "public"
                          }
                        ]
                      }
                    },
                    {
                      "k": "private",
                      "v": false
                    },
                    {
                      "k": "pulls_url",
                      "v": "https://api.github.com/repos/Ebesoh/ebesoh_esp32_wrover_projects/pulls{/number}"
                    },
                    {
                      "k": "pushed_at",
                      "v": 1769221088.0
                    },
                    {
                      "k": "releases_url",
                      "v": "https://api.github.com/repos/Ebesoh/ebesoh_esp32_wrover_projects/releases{/id}"
                    },
                    {
                      "k": "size",
                      "v": 1168.0
                    },
                    {
                      "k": "ssh_url",
                      "v": "git@github.com:Ebesoh/ebesoh_esp32_wrover_projects.git"
                    },
                    {
                      "k": "stargazers",
                      "v": 0.0
                    },
                    {
                      "k": "stargazers_count",
                      "v": 0.0
                    },
                    {
                      "k": "stargazers_url",
                      "v": "https://api.github.com/repos/Ebesoh/ebesoh_esp32_wrover_projects/stargazers"
                    },
                    {
                      "k": "statuses_url",
                      "v": "https://api.github.com/repos/Ebesoh/ebesoh_esp32_wrover_projects/statuses/{sha}"
                    },
                    {
                      "k": "subscribers_url",
                      "v": "https://api.github.com/repos/Ebesoh/ebesoh_esp32_wrover_projects/subscribers"
                    },
                    {
                      "k": "subscription_url",
                      "v": "https://api.github.com/repos/Ebesoh/ebesoh_esp32_wrover_projects/subscription"
                    },
                    {
                      "k": "svn_url",
                      "v": "https://github.com/Ebesoh/ebesoh_esp32_wrover_projects"
                    },
                    {
                      "k": "tags_url",
                      "v": "https://api.github.com/repos/Ebesoh/ebesoh_esp32_wrover_projects/tags"
                    },
                    {
                      "k": "teams_url",
                      "v": "https://api.github.com/repos/Ebesoh/ebesoh_esp32_wrover_projects/teams"
                    },
                    {
                      "k": "topics",
                      "v": {
                        "t": 1
                      }
                    },
                    {
                      "k": "trees_url",
                      "v": "https://api.github.com/repos/Ebesoh/ebesoh_esp32_wrover_projects/git/trees{/sha}"
                    },
                    {
                      "k": "updated_at",
                      "v": "2026-01-24T01:58:10Z"
                    },
                    {
                      "k": "url",
                      "v": "https://api.github.com/repos/Ebesoh/ebesoh_esp32_wrover_projects"
                    },
                    {
                      "k": "visibility",
                      "v": "public"
                    },
                    {
                      "k": "watchers",
                      "v": 0.0
                    },
                    {
                      "k": "watchers_count",
                      "v": 0.0
                    },
                    {
                      "k": "web_commit_signoff_required",
                      "v": false
                    }
                  ]
                }
              },
              {
                "k": "sender",
                "v": {
                  "t": 2,
                  "d": [
                    {
                      "k": "avatar_url",
                      "v": "https://avatars.githubusercontent.com/u/98786507?v=4"
                    },
                    {
                      "k": "events_url",
                      "v": "https://api.github.com/users/Ebesoh/events{/privacy}"
                    },
                    {
                      "k": "followers_url",
                      "v": "https://api.github.com/users/Ebesoh/followers"
                    },
                    {
                      "k": "following_url",
                      "v": "https://api.github.com/users/Ebesoh/following{/other_user}"
                    },
                    {
                      "k": "gists_url",
                      "v": "https://api.github.com/users/Ebesoh/gists{/gist_id}"
                    },
                    {
                      "k": "gravatar_id",
                      "v": ""
                    },
                    {
                      "k": "html_url",
                      "v": "https://github.com/Ebesoh"
                    },
                    {
                      "k": "id",
                      "v": 98786507.0
                    },
                    {
                      "k": "login",
                      "v": "Ebesoh"
                    },
                    {
                      "k": "node_id",
                      "v": "U_kgDOBeNcyw"
                    },
                    {
                      "k": "organizations_url",
                      "v": "https://api.github.com/users/Ebesoh/orgs"
                    },
                    {
                      "k": "received_events_url",
                      "v": "https://api.github.com/users/Ebesoh/received_events"
                    },
                    {
                      "k": "repos_url",
                      "v": "https://api.github.com/users/Ebesoh/repos"
                    },
                    {
                      "k": "site_admin",
                      "v": false
                    },
                    {
                      "k": "starred_url",
                      "v": "https://api.github.com/users/Ebesoh/starred{/owner}{/repo}"
                    },
                    {
                      "k": "subscriptions_url",
                      "v": "https://api.github.com/users/Ebesoh/subscriptions"
                    },
                    {
                      "k": "type",
                      "v": "User"
                    },
                    {
                      "k": "url",
                      "v": "https://api.github.com/users/Ebesoh"
                    },
                    {
                      "k": "user_view_type",
                      "v": "public"
                    }
                  ]
                }
              }
            ]
          }
        },
        {
          "k": "workflow_ref",
          "v": "Ebesoh/ebesoh_esp32_wrover_projects/.github/workflows/esp32-ci.yml@refs/heads/main"
        },
        {
          "k": "workflow_sha",
          "v": "50538d711409a004d27ea1b2bc6588ad7f7583e2"
        },
        {
          "k": "repository_id",
          "v": "1140178483"
        },
        {
          "k": "triggering_actor",
          "v": "Ebesoh"
        }
      ]
    },
    "inputs": {
      "t": 2
    },
    "job": {
      "t": 2,
      "d": [
        {
          "k": "check_run_id",
          "v": 61338742563.0
        }
      ]
    },
    "matrix": null,
    "needs": {
      "t": 2,
      "d": [
        {
          "k": "system-self-test",
          "v": {
            "t": 2,
            "d": [
              {
                "k": "result",
                "v": "success"
              },
              {
                "k": "outputs",
                "v": {
                  "t": 2
                }
              }
            ]
          }
        }
      ]
    },
    "strategy": {
      "t": 2,
      "d": [
        {
          "k": "fail-fast",
          "v": true
        },
        {
          "k": "job-index",
          "v": 0.0
        },
        {
          "k": "job-total",
          "v": 1.0
        },
        {
          "k": "max-parallel",
          "v": 1.0
        }
      ]
    },
    "vars": {
      "t": 2
    }
  },
  "billingOwnerId": "U_kgDOBeNcyw"
}
[2026-01-24 02:38:36Z INFO JobRunner] Job ID 29d98d34-41bc-585f-8663-e81b24c7565b
[2026-01-24 02:38:36Z INFO ConfigurationStore] currentAssemblyLocation: C:\ESP32_Wrover\ebesoh_esp32_wrover_projects\actions-runner\bin\Runner.Worker.dll
[2026-01-24 02:38:36Z INFO HostContext] Well known directory 'Bin': 'C:\ESP32_Wrover\ebesoh_esp32_wrover_projects\actions-runner\bin'
[2026-01-24 02:38:36Z INFO ConfigurationStore] binPath: C:\ESP32_Wrover\ebesoh_esp32_wrover_projects\actions-runner\bin
[2026-01-24 02:38:36Z INFO HostContext] Well known directory 'Bin': 'C:\ESP32_Wrover\ebesoh_esp32_wrover_projects\actions-runner\bin'
[2026-01-24 02:38:36Z INFO HostContext] Well known directory 'Root': 'C:\ESP32_Wrover\ebesoh_esp32_wrover_projects\actions-runner'
[2026-01-24 02:38:36Z INFO ConfigurationStore] RootFolder: C:\ESP32_Wrover\ebesoh_esp32_wrover_projects\actions-runner
[2026-01-24 02:38:36Z INFO HostContext] Well known directory 'Bin': 'C:\ESP32_Wrover\ebesoh_esp32_wrover_projects\actions-runner\bin'
[2026-01-24 02:38:36Z INFO HostContext] Well known directory 'Root': 'C:\ESP32_Wrover\ebesoh_esp32_wrover_projects\actions-runner'
[2026-01-24 02:38:36Z INFO HostContext] Well known config file 'Runner': 'C:\ESP32_Wrover\ebesoh_esp32_wrover_projects\actions-runner\.runner'
[2026-01-24 02:38:36Z INFO ConfigurationStore] ConfigFilePath: C:\ESP32_Wrover\ebesoh_esp32_wrover_projects\actions-runner\.runner
[2026-01-24 02:38:36Z INFO HostContext] Well known directory 'Bin': 'C:\ESP32_Wrover\ebesoh_esp32_wrover_projects\actions-runner\bin'
[2026-01-24 02:38:36Z INFO HostContext] Well known directory 'Root': 'C:\ESP32_Wrover\ebesoh_esp32_wrover_projects\actions-runner'
[2026-01-24 02:38:36Z INFO HostContext] Well known config file 'MigratedRunner': 'C:\ESP32_Wrover\ebesoh_esp32_wrover_projects\actions-runner\.runner_migrated'
[2026-01-24 02:38:36Z INFO ConfigurationStore] MigratedConfigFilePath: C:\ESP32_Wrover\ebesoh_esp32_wrover_projects\actions-runner\.runner_migrated
[2026-01-24 02:38:36Z INFO HostContext] Well known directory 'Bin': 'C:\ESP32_Wrover\ebesoh_esp32_wrover_projects\actions-runner\bin'
[2026-01-24 02:38:36Z INFO HostContext] Well known directory 'Root': 'C:\ESP32_Wrover\ebesoh_esp32_wrover_projects\actions-runner'
[2026-01-24 02:38:36Z INFO HostContext] Well known config file 'Credentials': 'C:\ESP32_Wrover\ebesoh_esp32_wrover_projects\actions-runner\.credentials'
[2026-01-24 02:38:36Z INFO ConfigurationStore] CredFilePath: C:\ESP32_Wrover\ebesoh_esp32_wrover_projects\actions-runner\.credentials
[2026-01-24 02:38:36Z INFO HostContext] Well known directory 'Bin': 'C:\ESP32_Wrover\ebesoh_esp32_wrover_projects\actions-runner\bin'
[2026-01-24 02:38:36Z INFO HostContext] Well known directory 'Root': 'C:\ESP32_Wrover\ebesoh_esp32_wrover_projects\actions-runner'
[2026-01-24 02:38:36Z INFO HostContext] Well known config file 'MigratedCredentials': 'C:\ESP32_Wrover\ebesoh_esp32_wrover_projects\actions-runner\.credentials_migrated'
[2026-01-24 02:38:36Z INFO ConfigurationStore] MigratedCredFilePath: C:\ESP32_Wrover\ebesoh_esp32_wrover_projects\actions-runner\.credentials_migrated
[2026-01-24 02:38:36Z INFO HostContext] Well known directory 'Bin': 'C:\ESP32_Wrover\ebesoh_esp32_wrover_projects\actions-runner\bin'
[2026-01-24 02:38:36Z INFO HostContext] Well known directory 'Root': 'C:\ESP32_Wrover\ebesoh_esp32_wrover_projects\actions-runner'
[2026-01-24 02:38:36Z INFO HostContext] Well known config file 'Service': 'C:\ESP32_Wrover\ebesoh_esp32_wrover_projects\actions-runner\.service'
[2026-01-24 02:38:36Z INFO ConfigurationStore] ServiceConfigFilePath: C:\ESP32_Wrover\ebesoh_esp32_wrover_projects\actions-runner\.service
[2026-01-24 02:38:36Z INFO ConfigurationStore] Read setting file: 413 chars
[2026-01-24 02:38:36Z INFO JobRunner] Initializing launch client
[2026-01-24 02:38:36Z INFO JobServerQueue] Initializing results client
[2026-01-24 02:38:36Z INFO ResultServer] Creating websocket client ...wss://results-receiver.actions.githubusercontent.com/_ws/ingest.sock
[2026-01-24 02:38:36Z INFO ResultServer] Attempting to start websocket client with delay 00:00:00.
[2026-01-24 02:38:37Z INFO JobServerQueue] Start process web console line queue.
[2026-01-24 02:38:37Z INFO JobServerQueue] Start process file upload queue.
[2026-01-24 02:38:37Z INFO JobServerQueue] Start results file upload queue.
[2026-01-24 02:38:37Z INFO JobServerQueue] Starting results-based upload queue...
[2026-01-24 02:38:37Z INFO JobServerQueue] Start process timeline update queue.
[2026-01-24 02:38:37Z INFO ExecutionContext] Initializing Job context
[2026-01-24 02:38:37Z INFO ExecutionContext] Initialize GitHub context
[2026-01-24 02:38:37Z INFO ExecutionContext] Initialize Env context
[2026-01-24 02:38:37Z INFO HostContext] Well known directory 'Bin': 'C:\ESP32_Wrover\ebesoh_esp32_wrover_projects\actions-runner\bin'
[2026-01-24 02:38:37Z INFO HostContext] Well known directory 'Root': 'C:\ESP32_Wrover\ebesoh_esp32_wrover_projects\actions-runner'
[2026-01-24 02:38:37Z INFO HostContext] Well known directory 'Diag': 'C:\ESP32_Wrover\ebesoh_esp32_wrover_projects\actions-runner\_diag'
[2026-01-24 02:38:37Z INFO HostContext] Well known directory 'Bin': 'C:\ESP32_Wrover\ebesoh_esp32_wrover_projects\actions-runner\bin'
[2026-01-24 02:38:37Z INFO HostContext] Well known directory 'Root': 'C:\ESP32_Wrover\ebesoh_esp32_wrover_projects\actions-runner'
[2026-01-24 02:38:37Z INFO HostContext] Well known directory 'Diag': 'C:\ESP32_Wrover\ebesoh_esp32_wrover_projects\actions-runner\_diag'
[2026-01-24 02:38:37Z INFO JobRunner] Starting the job execution context.
[2026-01-24 02:38:37Z INFO HostContext] Well known directory 'Bin': 'C:\ESP32_Wrover\ebesoh_esp32_wrover_projects\actions-runner\bin'
[2026-01-24 02:38:37Z INFO HostContext] Well known directory 'Root': 'C:\ESP32_Wrover\ebesoh_esp32_wrover_projects\actions-runner'
[2026-01-24 02:38:37Z INFO HostContext] Well known directory 'Work': 'C:\ESP32_Wrover\ebesoh_esp32_wrover_projects\actions-runner\_work'
[2026-01-24 02:38:37Z INFO JobRunner] Validating directory permissions for: 'C:\ESP32_Wrover\ebesoh_esp32_wrover_projects\actions-runner\_work'
[2026-01-24 02:38:37Z INFO HostContext] Well known directory 'Bin': 'C:\ESP32_Wrover\ebesoh_esp32_wrover_projects\actions-runner\bin'
[2026-01-24 02:38:37Z INFO HostContext] Well known directory 'Root': 'C:\ESP32_Wrover\ebesoh_esp32_wrover_projects\actions-runner'
[2026-01-24 02:38:37Z INFO HostContext] Well known directory 'Work': 'C:\ESP32_Wrover\ebesoh_esp32_wrover_projects\actions-runner\_work'
[2026-01-24 02:38:37Z INFO HostContext] Well known directory 'Tools': 'C:\ESP32_Wrover\ebesoh_esp32_wrover_projects\actions-runner\_work\_tool'
[2026-01-24 02:38:37Z INFO HostContext] Well known directory 'Bin': 'C:\ESP32_Wrover\ebesoh_esp32_wrover_projects\actions-runner\bin'
[2026-01-24 02:38:37Z INFO HostContext] Well known directory 'Root': 'C:\ESP32_Wrover\ebesoh_esp32_wrover_projects\actions-runner'
[2026-01-24 02:38:37Z INFO HostContext] Well known directory 'Work': 'C:\ESP32_Wrover\ebesoh_esp32_wrover_projects\actions-runner\_work'
[2026-01-24 02:38:37Z INFO HostContext] Well known directory 'Temp': 'C:\ESP32_Wrover\ebesoh_esp32_wrover_projects\actions-runner\_work\_temp'
[2026-01-24 02:38:37Z INFO JobRunner] Getting job extension.
[2026-01-24 02:38:37Z INFO JobRunner] Initialize job. Getting all job steps.
[2026-01-24 02:38:37Z INFO HostContext] Well known directory 'Bin': 'C:\ESP32_Wrover\ebesoh_esp32_wrover_projects\actions-runner\bin'
[2026-01-24 02:38:37Z INFO HostContext] Well known directory 'Root': 'C:\ESP32_Wrover\ebesoh_esp32_wrover_projects\actions-runner'
[2026-01-24 02:38:37Z INFO HostContext] Well known directory 'Diag': 'C:\ESP32_Wrover\ebesoh_esp32_wrover_projects\actions-runner\_diag'
[2026-01-24 02:38:37Z INFO HostContext] Well known directory 'Bin': 'C:\ESP32_Wrover\ebesoh_esp32_wrover_projects\actions-runner\bin'
[2026-01-24 02:38:37Z INFO HostContext] Well known directory 'Root': 'C:\ESP32_Wrover\ebesoh_esp32_wrover_projects\actions-runner'
[2026-01-24 02:38:37Z INFO HostContext] Well known directory 'Diag': 'C:\ESP32_Wrover\ebesoh_esp32_wrover_projects\actions-runner\_diag'
[2026-01-24 02:38:37Z INFO HostContext] Well known directory 'Bin': 'C:\ESP32_Wrover\ebesoh_esp32_wrover_projects\actions-runner\bin'
[2026-01-24 02:38:37Z INFO HostContext] Well known directory 'Root': 'C:\ESP32_Wrover\ebesoh_esp32_wrover_projects\actions-runner'
[2026-01-24 02:38:37Z INFO HostContext] Well known config file 'Credentials': 'C:\ESP32_Wrover\ebesoh_esp32_wrover_projects\actions-runner\.credentials'
[2026-01-24 02:38:37Z INFO HostContext] Well known directory 'Bin': 'C:\ESP32_Wrover\ebesoh_esp32_wrover_projects\actions-runner\bin'
[2026-01-24 02:38:37Z INFO HostContext] Well known directory 'Root': 'C:\ESP32_Wrover\ebesoh_esp32_wrover_projects\actions-runner'
[2026-01-24 02:38:37Z INFO HostContext] Well known config file 'SetupInfo': 'C:\ESP32_Wrover\ebesoh_esp32_wrover_projects\actions-runner\.setup_info'
[2026-01-24 02:38:37Z INFO HostContext] Well known directory 'Bin': 'C:\ESP32_Wrover\ebesoh_esp32_wrover_projects\actions-runner\bin'
[2026-01-24 02:38:37Z INFO HostContext] Well known directory 'Root': 'C:\ESP32_Wrover\ebesoh_esp32_wrover_projects\actions-runner'
[2026-01-24 02:38:37Z INFO HostContext] Well known directory 'Work': 'C:\ESP32_Wrover\ebesoh_esp32_wrover_projects\actions-runner\_work'
[2026-01-24 02:38:37Z INFO PipelineDirectoryManager] Loading tracking config if exists: C:\ESP32_Wrover\ebesoh_esp32_wrover_projects\actions-runner\_work\_PipelineMapping\Ebesoh/ebesoh_esp32_wrover_projects\PipelineFolder.json
[2026-01-24 02:38:37Z INFO PipelineDirectoryManager] Updating job run properties.
[2026-01-24 02:38:37Z INFO HostContext] Well known directory 'Bin': 'C:\ESP32_Wrover\ebesoh_esp32_wrover_projects\actions-runner\bin'
[2026-01-24 02:38:37Z INFO HostContext] Well known directory 'Root': 'C:\ESP32_Wrover\ebesoh_esp32_wrover_projects\actions-runner'
[2026-01-24 02:38:37Z INFO HostContext] Well known directory 'Work': 'C:\ESP32_Wrover\ebesoh_esp32_wrover_projects\actions-runner\_work'
[2026-01-24 02:38:37Z INFO HostContext] Well known directory 'Bin': 'C:\ESP32_Wrover\ebesoh_esp32_wrover_projects\actions-runner\bin'
[2026-01-24 02:38:37Z INFO HostContext] Well known directory 'Root': 'C:\ESP32_Wrover\ebesoh_esp32_wrover_projects\actions-runner'
[2026-01-24 02:38:37Z INFO HostContext] Well known directory 'Work': 'C:\ESP32_Wrover\ebesoh_esp32_wrover_projects\actions-runner\_work'
[2026-01-24 02:38:37Z INFO HostContext] Well known directory 'Bin': 'C:\ESP32_Wrover\ebesoh_esp32_wrover_projects\actions-runner\bin'
[2026-01-24 02:38:37Z INFO HostContext] Well known directory 'Root': 'C:\ESP32_Wrover\ebesoh_esp32_wrover_projects\actions-runner'
[2026-01-24 02:38:37Z INFO HostContext] Well known directory 'Work': 'C:\ESP32_Wrover\ebesoh_esp32_wrover_projects\actions-runner\_work'
[2026-01-24 02:38:37Z INFO JobExtension] Downloading actions
[2026-01-24 02:38:37Z INFO HostContext] Well known directory 'Bin': 'C:\ESP32_Wrover\ebesoh_esp32_wrover_projects\actions-runner\bin'
[2026-01-24 02:38:37Z INFO HostContext] Well known directory 'Root': 'C:\ESP32_Wrover\ebesoh_esp32_wrover_projects\actions-runner'
[2026-01-24 02:38:37Z INFO HostContext] Well known directory 'Work': 'C:\ESP32_Wrover\ebesoh_esp32_wrover_projects\actions-runner\_work'
[2026-01-24 02:38:37Z INFO HostContext] Well known directory 'Actions': 'C:\ESP32_Wrover\ebesoh_esp32_wrover_projects\actions-runner\_work\_actions'
[2026-01-24 02:38:37Z INFO Worker] Listening for cancel message from the channel.
[2026-01-24 02:38:37Z INFO Worker] Waiting for the job to complete or for a cancel message from the channel.
[2026-01-24 02:38:37Z INFO ResultServer] Successfully started websocket client.
[2026-01-24 02:38:37Z INFO JobServerQueue] Try to append 1 batches web console lines for record '629dcbaa-fddd-489f-833e-9d1159dfff49', success rate: 1/1.
