[2026-01-24 01:11:04Z INFO HostContext] No proxy settings were found based on environmental variables (http_proxy/https_proxy/HTTP_PROXY/HTTPS_PROXY)
[2026-01-24 01:11:04Z INFO HostContext] Well known directory 'Bin': 'C:\ESP32_Wrover\ebesoh_esp32_wrover_projects\actions-runner\bin'
[2026-01-24 01:11:04Z INFO HostContext] Well known directory 'Root': 'C:\ESP32_Wrover\ebesoh_esp32_wrover_projects\actions-runner'
[2026-01-24 01:11:04Z INFO HostContext] Well known config file 'Credentials': 'C:\ESP32_Wrover\ebesoh_esp32_wrover_projects\actions-runner\.credentials'
[2026-01-24 01:11:04Z INFO HostContext] Well known directory 'Bin': 'C:\ESP32_Wrover\ebesoh_esp32_wrover_projects\actions-runner\bin'
[2026-01-24 01:11:04Z INFO HostContext] Well known directory 'Root': 'C:\ESP32_Wrover\ebesoh_esp32_wrover_projects\actions-runner'
[2026-01-24 01:11:04Z INFO HostContext] Well known config file 'Runner': 'C:\ESP32_Wrover\ebesoh_esp32_wrover_projects\actions-runner\.runner'
[2026-01-24 01:11:04Z INFO Worker] Version: 2.331.0
[2026-01-24 01:11:04Z INFO Worker] Commit: 39f6c643d3032f8795fa71f1482731ca90c8e038
[2026-01-24 01:11:04Z INFO Worker] Culture: en-US
[2026-01-24 01:11:04Z INFO Worker] UI Culture: en-US
[2026-01-24 01:11:04Z INFO Worker] Waiting to receive the job message from the channel.
[2026-01-24 01:11:04Z INFO ProcessChannel] Receiving message of length 21200, with hash 'a1e8321600b64aa945a7465cad45a360a336df83797e0588205f71dad68528a6'
[2026-01-24 01:11:04Z INFO Worker] Message received.
[2026-01-24 01:11:04Z INFO Worker] Job message:
 {
  "environmentVariables": [
    {
      "type": 2,
      "file": 1,
      "line": 16,
      "col": 3,
      "map": [
        {
          "key": {
            "type": 0,
            "file": 1,
            "line": 16,
            "col": 3,
            "lit": "ESP_PORT"
          },
          "value": {
            "type": 0,
            "file": 1,
            "line": 16,
            "col": 13,
            "lit": "COM5"
          }
        },
        {
          "key": {
            "type": 0,
            "file": 1,
            "line": 17,
            "col": 3,
            "lit": "FIRMWARE"
          },
          "value": {
            "type": 0,
            "file": 1,
            "line": 17,
            "col": 13,
            "lit": "firmware/ESP32_GENERIC-SPIRAM-20251209-v1.27.0.bin"
          }
        },
        {
          "key": {
            "type": 0,
            "file": 1,
            "line": 18,
            "col": 3,
            "lit": "PYTHONUNBUFFERED"
          },
          "value": {
            "type": 0,
            "file": 1,
            "line": 18,
            "col": 21,
            "lit": "1"
          }
        }
      ]
    }
  ],
  "fileTable": [
    ".github/workflows/esp32-ci.yml"
  ],
  "mask": [
    {
      "type": "regex",
      "value": "***"
    },
    {
      "type": "regex",
      "value": "***"
    },
    {
      "type": "regex",
      "value": "***"
    },
    {
      "type": "regex",
      "value": "***"
    },
    {
      "type": "regex",
      "value": "***"
    },
    {
      "type": "regex",
      "value": "***"
    },
    {
      "type": "regex",
      "value": "***"
    },
    {
      "type": "regex",
      "value": "***"
    },
    {
      "type": "regex",
      "value": "***"
    },
    {
      "type": "regex",
      "value": "***"
    },
    {
      "type": "regex",
      "value": "***"
    },
    {
      "type": "regex",
      "value": "***"
    },
    {
      "type": "regex",
      "value": "***"
    },
    {
      "type": "regex",
      "value": "***"
    },
    {
      "type": "regex",
      "value": "***"
    },
    {
      "type": "regex",
      "value": "***"
    },
    {
      "type": "regex",
      "value": "***"
    },
    {
      "type": "regex",
      "value": "***"
    }
  ],
  "steps": [
    {
      "type": "action",
      "reference": {
        "type": "script"
      },
      "displayNameToken": {
        "type": 0,
        "file": 1,
        "line": 121,
        "col": 15,
        "lit": "Run DS18B20 tests"
      },
      "contextName": "__run",
      "inputs": {
        "type": 2,
        "map": [
          {
            "key": "script",
            "value": {
              "type": 0,
              "file": 1,
              "line": 123,
              "col": 14,
              "lit": "python -m mpremote connect %ESP_PORT% exec \"import test_runner_ds18b20; test_runner_ds18b20.main()\" > temp.txt\ntype temp.txt\nfindstr /C:\"CI_RESULT: FAIL\" temp.txt >nul && exit /b 1\n"
            }
          },
          {
            "key": "shell",
            "value": {
              "type": 0,
              "file": 1,
              "line": 122,
              "col": 16,
              "lit": "cmd"
            }
          }
        ]
      },
      "condition": "success()",
      "id": "b7a97b13-f56f-4992-93b7-c3be2f7cdc39",
      "name": "__run"
    },
    {
      "type": "action",
      "reference": {
        "type": "repository",
        "name": "actions/upload-artifact",
        "ref": "v4",
        "repositoryType": "GitHub"
      },
      "contextName": "__actions_upload-artifact",
      "inputs": {
        "type": 2,
        "file": 1,
        "line": 131,
        "col": 11,
        "map": [
          {
            "key": {
              "type": 0,
              "file": 1,
              "line": 131,
              "col": 11,
              "lit": "name"
            },
            "value": {
              "type": 0,
              "file": 1,
              "line": 131,
              "col": 17,
              "lit": "ds18b20-log"
            }
          },
          {
            "key": {
              "type": 0,
              "file": 1,
              "line": 132,
              "col": 11,
              "lit": "path"
            },
            "value": {
              "type": 0,
              "file": 1,
              "line": 132,
              "col": 17,
              "lit": "temp.txt"
            }
          }
        ]
      },
      "condition": "always()",
      "id": "47e384bf-739f-4b70-8371-cdcbd89643a5",
      "name": "__actions_upload-artifact"
    }
  ],
  "variables": {
    "Actions.EnableHttpRedirects": {
      "value": "true"
    },
    "DistributedTask.AddWarningToNode12Action": {
      "value": "true"
    },
    "DistributedTask.AddWarningToNode16Action": {
      "value": "true"
    },
    "DistributedTask.AllowRunnerContainerHooks": {
      "value": "true"
    },
    "DistributedTask.DeprecateStepOutputCommands": {
      "value": "true"
    },
    "DistributedTask.DetailUntarFailure": {
      "value": "true"
    },
    "DistributedTask.EnableCompositeActions": {
      "value": "true"
    },
    "DistributedTask.EnableJobServerQueueTelemetry": {
      "value": "true"
    },
    "DistributedTask.EnhancedAnnotations": {
      "value": "true"
    },
    "DistributedTask.ForceGithubJavascriptActionsToNode16": {
      "value": "true"
    },
    "DistributedTask.ForceGithubJavascriptActionsToNode20": {
      "value": "true"
    },
    "DistributedTask.LogTemplateErrorsAsDebugMessages": {
      "value": "true"
    },
    "DistributedTask.MarkJobAsFailedOnWorkerCrash": {
      "value": "true"
    },
    "DistributedTask.NewActionMetadata": {
      "value": "true"
    },
    "DistributedTask.UploadStepSummary": {
      "value": "true"
    },
    "DistributedTask.UseActionArchiveCache": {
      "value": "true"
    },
    "DistributedTask.UseWhich2": {
      "value": "true"
    },
    "RunService.FixEmbeddedIssues": {
      "value": "true"
    },
    "actions_add_check_run_id_to_job_context": {
      "value": "true"
    },
    "actions_container_action_runner_temp": {
      "value": "true"
    },
    "actions_display_helpful_actions_download_errors": {
      "value": "true"
    },
    "actions_runner_compare_workflow_parser": {
      "value": "false"
    },
    "actions_set_orchestration_id_env_for_actions": {
      "value": "false"
    },
    "actions_skip_retry_complete_job_upon_known_errors": {
      "value": "true"
    },
    "actions_uses_cache_service_v2": {
      "value": "true"
    },
    "github_token": {
      "value": "***",
      "isSecret": true
    },
    "system.from_run_service": {
      "value": "true"
    },
    "system.github.job": {
      "value": "ds18b20-tests"
    },
    "system.github.launch_endpoint": {
      "value": "https://launch.actions.githubusercontent.com"
    },
    "system.github.results_endpoint": {
      "value": "https://results-receiver.actions.githubusercontent.com/"
    },
    "system.github.results_upload_with_sdk": {
      "value": "true"
    },
    "system.github.token": {
      "value": "***",
      "isSecret": true
    },
    "system.github.token.permissions": {
      "value": "{\"Contents\":\"read\",\"Metadata\":\"read\",\"Packages\":\"read\"}"
    },
    "system.orchestrationId": {
      "value": "0b62620b-2bba-4903-880f-1587cc8ebc57.ds18b20-tests.__default"
    },
    "system.phaseDisplayName": {
      "value": "DS18B20 Temperature Tests"
    },
    "system.runner.lowdiskspacethreshold": {
      "value": "100"
    },
    "system.runnerEnvironment": {
      "value": "self-hosted"
    },
    "system.runnerGroupName": {
      "value": "Default"
    }
  },
  "messageType": "RunnerJobRequest",
  "plan": {
    "scopeIdentifier": "00000000-0000-0000-0000-000000000000",
    "planType": "actions",
    "version": 0,
    "planId": "0b62620b-2bba-4903-880f-1587cc8ebc57",
    "planGroup": null,
    "artifactUri": null,
    "artifactLocation": null,
    "definition": null,
    "owner": null
  },
  "timeline": {
    "id": "0b62620b-2bba-4903-880f-1587cc8ebc57",
    "changeId": 0,
    "location": null
  },
  "jobId": "dfebf173-63e1-554c-9183-bda96f53ea4d",
  "jobDisplayName": "DS18B20 Temperature Tests",
  "jobName": "__default",
  "requestId": 0,
  "lockedUntil": "0001-01-01T00:00:00",
  "resources": {
    "endpoints": [
      {
        "data": {
          "ServerId": "",
          "ServerName": "",
          "CacheServerUrl": "https://artifactcache.actions.githubusercontent.com/34JA5Uwd79UWO7O3EL9bnmESHaWSbMRpXIKH2Ha9fSKf2CpyCy/",
          "FeedStreamUrl": "wss://results-receiver.actions.githubusercontent.com/_ws/ingest.sock",
          "ResultsServiceUrl": "https://results-receiver.actions.githubusercontent.com/",
          "PipelinesServiceUrl": "https://pipelinesghubeus2.actions.githubusercontent.com/34JA5Uwd79UWO7O3EL9bnmESHaWSbMRpXIKH2Ha9fSKf2CpyCy/",
          "GenerateIdTokenUrl": "",
          "ConnectivityChecks": "[\"https://broker.actions.githubusercontent.com/health\",\"https://token.actions.githubusercontent.com/ready\"]"
        },
        "name": "SystemVssConnection",
        "url": "https://run-actions-2-azure-eastus.actions.githubusercontent.com/101/",
        "authorization": {
          "parameters": {
            "AccessToken": "***"
          },
          "scheme": "OAuth"
        },
        "isShared": false,
        "isReady": true
      }
    ]
  },
  "contextData": {
    "github": {
      "t": 2,
      "d": [
        {
          "k": "ref",
          "v": "refs/heads/main"
        },
        {
          "k": "sha",
          "v": "1515afecbf8335ebf398841f2a63bd3e9c0c07b3"
        },
        {
          "k": "repository",
          "v": "Ebesoh/ebesoh_esp32_wrover_projects"
        },
        {
          "k": "repository_owner",
          "v": "Ebesoh"
        },
        {
          "k": "repository_owner_id",
          "v": "98786507"
        },
        {
          "k": "repositoryUrl",
          "v": "git://github.com/Ebesoh/ebesoh_esp32_wrover_projects.git"
        },
        {
          "k": "run_id",
          "v": "21306324317"
        },
        {
          "k": "run_number",
          "v": "30"
        },
        {
          "k": "retention_days",
          "v": "90"
        },
        {
          "k": "run_attempt",
          "v": "1"
        },
        {
          "k": "artifact_cache_size_limit",
          "v": "10"
        },
        {
          "k": "repository_visibility",
          "v": "public"
        },
        {
          "k": "actor_id",
          "v": "98786507"
        },
        {
          "k": "actor",
          "v": "Ebesoh"
        },
        {
          "k": "workflow",
          "v": "ESP32 Hardware Testing"
        },
        {
          "k": "head_ref",
          "v": ""
        },
        {
          "k": "base_ref",
          "v": ""
        },
        {
          "k": "event_name",
          "v": "push"
        },
        {
          "k": "server_url",
          "v": "https://github.com"
        },
        {
          "k": "api_url",
          "v": "https://api.github.com"
        },
        {
          "k": "graphql_url",
          "v": "https://api.github.com/graphql"
        },
        {
          "k": "ref_name",
          "v": "main"
        },
        {
          "k": "ref_protected",
          "v": false
        },
        {
          "k": "ref_type",
          "v": "branch"
        },
        {
          "k": "secret_source",
          "v": "Actions"
        },
        {
          "k": "event",
          "v": {
            "t": 2,
            "d": [
              {
                "k": "after",
                "v": "1515afecbf8335ebf398841f2a63bd3e9c0c07b3"
              },
              {
                "k": "base_ref",
                "v": null
              },
              {
                "k": "before",
                "v": "531550332056dad29fdd8485a74bdbd03591697d"
              },
              {
                "k": "commits",
                "v": {
                  "t": 1,
                  "a": [
                    {
                      "t": 2,
                      "d": [
                        {
                          "k": "author",
                          "v": {
                            "t": 2,
                            "d": [
                              {
                                "k": "email",
                                "v": "98786507+Ebesoh@users.noreply.github.com"
                              },
                              {
                                "k": "name",
                                "v": "Ebesoh"
                              },
                              {
                                "k": "username",
                                "v": "Ebesoh"
                              }
                            ]
                          }
                        },
                        {
                          "k": "committer",
                          "v": {
                            "t": 2,
                            "d": [
                              {
                                "k": "email",
                                "v": "noreply@github.com"
                              },
                              {
                                "k": "name",
                                "v": "GitHub"
                              },
                              {
                                "k": "username",
                                "v": "web-flow"
                              }
                            ]
                          }
                        },
                        {
                          "k": "distinct",
                          "v": true
                        },
                        {
                          "k": "id",
                          "v": "1515afecbf8335ebf398841f2a63bd3e9c0c07b3"
                        },
                        {
                          "k": "message",
                          "v": "Refactor CI workflow by removing error handling and updating dependencies\n\nRemoved 'continue-on-error' and 'needs' dependencies from DS18B20, Wi-Fi, and Bluetooth tests. Updated final verdict evaluation to include new dependencies."
                        },
                        {
                          "k": "timestamp",
                          "v": "2026-01-24T01:59:49+01:00"
                        },
                        {
                          "k": "tree_id",
                          "v": "5ff934c8825f61b39c84dc66c624750baec45770"
                        },
                        {
                          "k": "url",
                          "v": "https://github.com/Ebesoh/ebesoh_esp32_wrover_projects/commit/1515afecbf8335ebf398841f2a63bd3e9c0c07b3"
                        }
                      ]
                    }
                  ]
                }
              },
              {
                "k": "compare",
                "v": "https://github.com/Ebesoh/ebesoh_esp32_wrover_projects/compare/531550332056...1515afecbf83"
              },
              {
                "k": "created",
                "v": false
              },
              {
                "k": "deleted",
                "v": false
              },
              {
                "k": "forced",
                "v": false
              },
              {
                "k": "head_commit",
                "v": {
                  "t": 2,
                  "d": [
                    {
                      "k": "author",
                      "v": {
                        "t": 2,
                        "d": [
                          {
                            "k": "email",
                            "v": "98786507+Ebesoh@users.noreply.github.com"
                          },
                          {
                            "k": "name",
                            "v": "Ebesoh"
                          },
                          {
                            "k": "username",
                            "v": "Ebesoh"
                          }
                        ]
                      }
                    },
                    {
                      "k": "committer",
                      "v": {
                        "t": 2,
                        "d": [
                          {
                            "k": "email",
                            "v": "noreply@github.com"
                          },
                          {
                            "k": "name",
                            "v": "GitHub"
                          },
                          {
                            "k": "username",
                            "v": "web-flow"
                          }
                        ]
                      }
                    },
                    {
                      "k": "distinct",
                      "v": true
                    },
                    {
                      "k": "id",
                      "v": "1515afecbf8335ebf398841f2a63bd3e9c0c07b3"
                    },
                    {
                      "k": "message",
                      "v": "Refactor CI workflow by removing error handling and updating dependencies\n\nRemoved 'continue-on-error' and 'needs' dependencies from DS18B20, Wi-Fi, and Bluetooth tests. Updated final verdict evaluation to include new dependencies."
                    },
                    {
                      "k": "timestamp",
                      "v": "2026-01-24T01:59:49+01:00"
                    },
                    {
                      "k": "tree_id",
                      "v": "5ff934c8825f61b39c84dc66c624750baec45770"
                    },
                    {
                      "k": "url",
                      "v": "https://github.com/Ebesoh/ebesoh_esp32_wrover_projects/commit/1515afecbf8335ebf398841f2a63bd3e9c0c07b3"
                    }
                  ]
                }
              },
              {
                "k": "pusher",
                "v": {
                  "t": 2,
                  "d": [
                    {
                      "k": "email",
                      "v": "98786507+Ebesoh@users.noreply.github.com"
                    },
                    {
                      "k": "name",
                      "v": "Ebesoh"
                    }
                  ]
                }
              },
              {
                "k": "ref",
                "v": "refs/heads/main"
              },
              {
                "k": "repository",
                "v": {
                  "t": 2,
                  "d": [
                    {
                      "k": "allow_forking",
                      "v": true
                    },
                    {
                      "k": "archive_url",
                      "v": "https://api.github.com/repos/Ebesoh/ebesoh_esp32_wrover_projects/{archive_format}{/ref}"
                    },
                    {
                      "k": "archived",
                      "v": false
                    },
                    {
                      "k": "assignees_url",
                      "v": "https://api.github.com/repos/Ebesoh/ebesoh_esp32_wrover_projects/assignees{/user}"
                    },
                    {
                      "k": "blobs_url",
                      "v": "https://api.github.com/repos/Ebesoh/ebesoh_esp32_wrover_projects/git/blobs{/sha}"
                    },
                    {
                      "k": "branches_url",
                      "v": "https://api.github.com/repos/Ebesoh/ebesoh_esp32_wrover_projects/branches{/branch}"
                    },
                    {
                      "k": "clone_url",
                      "v": "https://github.com/Ebesoh/ebesoh_esp32_wrover_projects.git"
                    },
                    {
                      "k": "collaborators_url",
                      "v": "https://api.github.com/repos/Ebesoh/ebesoh_esp32_wrover_projects/collaborators{/collaborator}"
                    },
                    {
                      "k": "comments_url",
                      "v": "https://api.github.com/repos/Ebesoh/ebesoh_esp32_wrover_projects/comments{/number}"
                    },
                    {
                      "k": "commits_url",
                      "v": "https://api.github.com/repos/Ebesoh/ebesoh_esp32_wrover_projects/commits{/sha}"
                    },
                    {
                      "k": "compare_url",
                      "v": "https://api.github.com/repos/Ebesoh/ebesoh_esp32_wrover_projects/compare/{base}...{head}"
                    },
                    {
                      "k": "contents_url",
                      "v": "https://api.github.com/repos/Ebesoh/ebesoh_esp32_wrover_projects/contents/{+path}"
                    },
                    {
                      "k": "contributors_url",
                      "v": "https://api.github.com/repos/Ebesoh/ebesoh_esp32_wrover_projects/contributors"
                    },
                    {
                      "k": "created_at",
                      "v": 1769125078.0
                    },
                    {
                      "k": "default_branch",
                      "v": "main"
                    },
                    {
                      "k": "deployments_url",
                      "v": "https://api.github.com/repos/Ebesoh/ebesoh_esp32_wrover_projects/deployments"
                    },
                    {
                      "k": "description",
                      "v": "esp32 wrover projects created by ebesoh "
                    },
                    {
                      "k": "disabled",
                      "v": false
                    },
                    {
                      "k": "downloads_url",
                      "v": "https://api.github.com/repos/Ebesoh/ebesoh_esp32_wrover_projects/downloads"
                    },
                    {
                      "k": "events_url",
                      "v": "https://api.github.com/repos/Ebesoh/ebesoh_esp32_wrover_projects/events"
                    },
                    {
                      "k": "fork",
                      "v": false
                    },
                    {
                      "k": "forks",
                      "v": 0.0
                    },
                    {
                      "k": "forks_count",
                      "v": 0.0
                    },
                    {
                      "k": "forks_url",
                      "v": "https://api.github.com/repos/Ebesoh/ebesoh_esp32_wrover_projects/forks"
                    },
                    {
                      "k": "full_name",
                      "v": "Ebesoh/ebesoh_esp32_wrover_projects"
                    },
                    {
                      "k": "git_commits_url",
                      "v": "https://api.github.com/repos/Ebesoh/ebesoh_esp32_wrover_projects/git/commits{/sha}"
                    },
                    {
                      "k": "git_refs_url",
                      "v": "https://api.github.com/repos/Ebesoh/ebesoh_esp32_wrover_projects/git/refs{/sha}"
                    },
                    {
                      "k": "git_tags_url",
                      "v": "https://api.github.com/repos/Ebesoh/ebesoh_esp32_wrover_projects/git/tags{/sha}"
                    },
                    {
                      "k": "git_url",
                      "v": "git://github.com/Ebesoh/ebesoh_esp32_wrover_projects.git"
                    },
                    {
                      "k": "has_discussions",
                      "v": false
                    },
                    {
                      "k": "has_downloads",
                      "v": true
                    },
                    {
                      "k": "has_issues",
                      "v": true
                    },
                    {
                      "k": "has_pages",
                      "v": false
                    },
                    {
                      "k": "has_projects",
                      "v": true
                    },
                    {
                      "k": "has_wiki",
                      "v": true
                    },
                    {
                      "k": "homepage",
                      "v": null
                    },
                    {
                      "k": "hooks_url",
                      "v": "https://api.github.com/repos/Ebesoh/ebesoh_esp32_wrover_projects/hooks"
                    },
                    {
                      "k": "html_url",
                      "v": "https://github.com/Ebesoh/ebesoh_esp32_wrover_projects"
                    },
                    {
                      "k": "id",
                      "v": 1140178483.0
                    },
                    {
                      "k": "is_template",
                      "v": false
                    },
                    {
                      "k": "issue_comment_url",
                      "v": "https://api.github.com/repos/Ebesoh/ebesoh_esp32_wrover_projects/issues/comments{/number}"
                    },
                    {
                      "k": "issue_events_url",
                      "v": "https://api.github.com/repos/Ebesoh/ebesoh_esp32_wrover_projects/issues/events{/number}"
                    },
                    {
                      "k": "issues_url",
                      "v": "https://api.github.com/repos/Ebesoh/ebesoh_esp32_wrover_projects/issues{/number}"
                    },
                    {
                      "k": "keys_url",
                      "v": "https://api.github.com/repos/Ebesoh/ebesoh_esp32_wrover_projects/keys{/key_id}"
                    },
                    {
                      "k": "labels_url",
                      "v": "https://api.github.com/repos/Ebesoh/ebesoh_esp32_wrover_projects/labels{/name}"
                    },
                    {
                      "k": "language",
                      "v": "Python"
                    },
                    {
                      "k": "languages_url",
                      "v": "https://api.github.com/repos/Ebesoh/ebesoh_esp32_wrover_projects/languages"
                    },
                    {
                      "k": "license",
                      "v": null
                    },
                    {
                      "k": "master_branch",
                      "v": "main"
                    },
                    {
                      "k": "merges_url",
                      "v": "https://api.github.com/repos/Ebesoh/ebesoh_esp32_wrover_projects/merges"
                    },
                    {
                      "k": "milestones_url",
                      "v": "https://api.github.com/repos/Ebesoh/ebesoh_esp32_wrover_projects/milestones{/number}"
                    },
                    {
                      "k": "mirror_url",
                      "v": null
                    },
                    {
                      "k": "name",
                      "v": "ebesoh_esp32_wrover_projects"
                    },
                    {
                      "k": "node_id",
                      "v": "R_kgDOQ_W-Mw"
                    },
                    {
                      "k": "notifications_url",
                      "v": "https://api.github.com/repos/Ebesoh/ebesoh_esp32_wrover_projects/notifications{?since,all,participating}"
                    },
                    {
                      "k": "open_issues",
                      "v": 0.0
                    },
                    {
                      "k": "open_issues_count",
                      "v": 0.0
                    },
                    {
                      "k": "owner",
                      "v": {
                        "t": 2,
                        "d": [
                          {
                            "k": "avatar_url",
                            "v": "https://avatars.githubusercontent.com/u/98786507?v=4"
                          },
                          {
                            "k": "email",
                            "v": "98786507+Ebesoh@users.noreply.github.com"
                          },
                          {
                            "k": "events_url",
                            "v": "https://api.github.com/users/Ebesoh/events{/privacy}"
                          },
                          {
                            "k": "followers_url",
                            "v": "https://api.github.com/users/Ebesoh/followers"
                          },
                          {
                            "k": "following_url",
                            "v": "https://api.github.com/users/Ebesoh/following{/other_user}"
                          },
                          {
                            "k": "gists_url",
                            "v": "https://api.github.com/users/Ebesoh/gists{/gist_id}"
                          },
                          {
                            "k": "gravatar_id",
                            "v": ""
                          },
                          {
                            "k": "html_url",
                            "v": "https://github.com/Ebesoh"
                          },
                          {
                            "k": "id",
                            "v": 98786507.0
                          },
                          {
                            "k": "login",
                            "v": "Ebesoh"
                          },
                          {
                            "k": "name",
                            "v": "Ebesoh"
                          },
                          {
                            "k": "node_id",
                            "v": "U_kgDOBeNcyw"
                          },
                          {
                            "k": "organizations_url",
                            "v": "https://api.github.com/users/Ebesoh/orgs"
                          },
                          {
                            "k": "received_events_url",
                            "v": "https://api.github.com/users/Ebesoh/received_events"
                          },
                          {
                            "k": "repos_url",
                            "v": "https://api.github.com/users/Ebesoh/repos"
                          },
                          {
                            "k": "site_admin",
                            "v": false
                          },
                          {
                            "k": "starred_url",
                            "v": "https://api.github.com/users/Ebesoh/starred{/owner}{/repo}"
                          },
                          {
                            "k": "subscriptions_url",
                            "v": "https://api.github.com/users/Ebesoh/subscriptions"
                          },
                          {
                            "k": "type",
                            "v": "User"
                          },
                          {
                            "k": "url",
                            "v": "https://api.github.com/users/Ebesoh"
                          },
                          {
                            "k": "user_view_type",
                            "v": "public"
                          }
                        ]
                      }
                    },
                    {
                      "k": "private",
                      "v": false
                    },
                    {
                      "k": "pulls_url",
                      "v": "https://api.github.com/repos/Ebesoh/ebesoh_esp32_wrover_projects/pulls{/number}"
                    },
                    {
                      "k": "pushed_at",
                      "v": 1769216389.0
                    },
                    {
                      "k": "releases_url",
                      "v": "https://api.github.com/repos/Ebesoh/ebesoh_esp32_wrover_projects/releases{/id}"
                    },
                    {
                      "k": "size",
                      "v": 1154.0
                    },
                    {
                      "k": "ssh_url",
                      "v": "git@github.com:Ebesoh/ebesoh_esp32_wrover_projects.git"
                    },
                    {
                      "k": "stargazers",
                      "v": 0.0
                    },
                    {
                      "k": "stargazers_count",
                      "v": 0.0
                    },
                    {
                      "k": "stargazers_url",
                      "v": "https://api.github.com/repos/Ebesoh/ebesoh_esp32_wrover_projects/stargazers"
                    },
                    {
                      "k": "statuses_url",
                      "v": "https://api.github.com/repos/Ebesoh/ebesoh_esp32_wrover_projects/statuses/{sha}"
                    },
                    {
                      "k": "subscribers_url",
                      "v": "https://api.github.com/repos/Ebesoh/ebesoh_esp32_wrover_projects/subscribers"
                    },
                    {
                      "k": "subscription_url",
                      "v": "https://api.github.com/repos/Ebesoh/ebesoh_esp32_wrover_projects/subscription"
                    },
                    {
                      "k": "svn_url",
                      "v": "https://github.com/Ebesoh/ebesoh_esp32_wrover_projects"
                    },
                    {
                      "k": "tags_url",
                      "v": "https://api.github.com/repos/Ebesoh/ebesoh_esp32_wrover_projects/tags"
                    },
                    {
                      "k": "teams_url",
                      "v": "https://api.github.com/repos/Ebesoh/ebesoh_esp32_wrover_projects/teams"
                    },
                    {
                      "k": "topics",
                      "v": {
                        "t": 1
                      }
                    },
                    {
                      "k": "trees_url",
                      "v": "https://api.github.com/repos/Ebesoh/ebesoh_esp32_wrover_projects/git/trees{/sha}"
                    },
                    {
                      "k": "updated_at",
                      "v": "2026-01-24T00:29:13Z"
                    },
                    {
                      "k": "url",
                      "v": "https://api.github.com/repos/Ebesoh/ebesoh_esp32_wrover_projects"
                    },
                    {
                      "k": "visibility",
                      "v": "public"
                    },
                    {
                      "k": "watchers",
                      "v": 0.0
                    },
                    {
                      "k": "watchers_count",
                      "v": 0.0
                    },
                    {
                      "k": "web_commit_signoff_required",
                      "v": false
                    }
                  ]
                }
              },
              {
                "k": "sender",
                "v": {
                  "t": 2,
                  "d": [
                    {
                      "k": "avatar_url",
                      "v": "https://avatars.githubusercontent.com/u/98786507?v=4"
                    },
                    {
                      "k": "events_url",
                      "v": "https://api.github.com/users/Ebesoh/events{/privacy}"
                    },
                    {
                      "k": "followers_url",
                      "v": "https://api.github.com/users/Ebesoh/followers"
                    },
                    {
                      "k": "following_url",
                      "v": "https://api.github.com/users/Ebesoh/following{/other_user}"
                    },
                    {
                      "k": "gists_url",
                      "v": "https://api.github.com/users/Ebesoh/gists{/gist_id}"
                    },
                    {
                      "k": "gravatar_id",
                      "v": ""
                    },
                    {
                      "k": "html_url",
                      "v": "https://github.com/Ebesoh"
                    },
                    {
                      "k": "id",
                      "v": 98786507.0
                    },
                    {
                      "k": "login",
                      "v": "Ebesoh"
                    },
                    {
                      "k": "node_id",
                      "v": "U_kgDOBeNcyw"
                    },
                    {
                      "k": "organizations_url",
                      "v": "https://api.github.com/users/Ebesoh/orgs"
                    },
                    {
                      "k": "received_events_url",
                      "v": "https://api.github.com/users/Ebesoh/received_events"
                    },
                    {
                      "k": "repos_url",
                      "v": "https://api.github.com/users/Ebesoh/repos"
                    },
                    {
                      "k": "site_admin",
                      "v": false
                    },
                    {
                      "k": "starred_url",
                      "v": "https://api.github.com/users/Ebesoh/starred{/owner}{/repo}"
                    },
                    {
                      "k": "subscriptions_url",
                      "v": "https://api.github.com/users/Ebesoh/subscriptions"
                    },
                    {
                      "k": "type",
                      "v": "User"
                    },
                    {
                      "k": "url",
                      "v": "https://api.github.com/users/Ebesoh"
                    },
                    {
                      "k": "user_view_type",
                      "v": "public"
                    }
                  ]
                }
              }
            ]
          }
        },
        {
          "k": "workflow_ref",
          "v": "Ebesoh/ebesoh_esp32_wrover_projects/.github/workflows/esp32-ci.yml@refs/heads/main"
        },
        {
          "k": "workflow_sha",
          "v": "1515afecbf8335ebf398841f2a63bd3e9c0c07b3"
        },
        {
          "k": "repository_id",
          "v": "1140178483"
        },
        {
          "k": "triggering_actor",
          "v": "Ebesoh"
        }
      ]
    },
    "inputs": {
      "t": 2
    },
    "job": {
      "t": 2,
      "d": [
        {
          "k": "check_run_id",
          "v": 61335315839.0
        }
      ]
    },
    "matrix": null,
    "needs": {
      "t": 2,
      "d": [
        {
          "k": "system-self-test",
          "v": {
            "t": 2,
            "d": [
              {
                "k": "result",
                "v": "success"
              },
              {
                "k": "outputs",
                "v": {
                  "t": 2
                }
              }
            ]
          }
        }
      ]
    },
    "strategy": {
      "t": 2,
      "d": [
        {
          "k": "fail-fast",
          "v": true
        },
        {
          "k": "job-index",
          "v": 0.0
        },
        {
          "k": "job-total",
          "v": 1.0
        },
        {
          "k": "max-parallel",
          "v": 1.0
        }
      ]
    },
    "vars": {
      "t": 2
    }
  },
  "billingOwnerId": "U_kgDOBeNcyw"
}
[2026-01-24 01:11:04Z INFO JobRunner] Job ID dfebf173-63e1-554c-9183-bda96f53ea4d
[2026-01-24 01:11:04Z INFO ConfigurationStore] currentAssemblyLocation: C:\ESP32_Wrover\ebesoh_esp32_wrover_projects\actions-runner\bin\Runner.Worker.dll
[2026-01-24 01:11:04Z INFO HostContext] Well known directory 'Bin': 'C:\ESP32_Wrover\ebesoh_esp32_wrover_projects\actions-runner\bin'
[2026-01-24 01:11:04Z INFO ConfigurationStore] binPath: C:\ESP32_Wrover\ebesoh_esp32_wrover_projects\actions-runner\bin
[2026-01-24 01:11:04Z INFO HostContext] Well known directory 'Bin': 'C:\ESP32_Wrover\ebesoh_esp32_wrover_projects\actions-runner\bin'
[2026-01-24 01:11:04Z INFO HostContext] Well known directory 'Root': 'C:\ESP32_Wrover\ebesoh_esp32_wrover_projects\actions-runner'
[2026-01-24 01:11:04Z INFO ConfigurationStore] RootFolder: C:\ESP32_Wrover\ebesoh_esp32_wrover_projects\actions-runner
[2026-01-24 01:11:04Z INFO HostContext] Well known directory 'Bin': 'C:\ESP32_Wrover\ebesoh_esp32_wrover_projects\actions-runner\bin'
[2026-01-24 01:11:04Z INFO HostContext] Well known directory 'Root': 'C:\ESP32_Wrover\ebesoh_esp32_wrover_projects\actions-runner'
[2026-01-24 01:11:04Z INFO HostContext] Well known config file 'Runner': 'C:\ESP32_Wrover\ebesoh_esp32_wrover_projects\actions-runner\.runner'
[2026-01-24 01:11:04Z INFO ConfigurationStore] ConfigFilePath: C:\ESP32_Wrover\ebesoh_esp32_wrover_projects\actions-runner\.runner
[2026-01-24 01:11:04Z INFO HostContext] Well known directory 'Bin': 'C:\ESP32_Wrover\ebesoh_esp32_wrover_projects\actions-runner\bin'
[2026-01-24 01:11:04Z INFO HostContext] Well known directory 'Root': 'C:\ESP32_Wrover\ebesoh_esp32_wrover_projects\actions-runner'
[2026-01-24 01:11:04Z INFO HostContext] Well known config file 'MigratedRunner': 'C:\ESP32_Wrover\ebesoh_esp32_wrover_projects\actions-runner\.runner_migrated'
[2026-01-24 01:11:04Z INFO ConfigurationStore] MigratedConfigFilePath: C:\ESP32_Wrover\ebesoh_esp32_wrover_projects\actions-runner\.runner_migrated
[2026-01-24 01:11:04Z INFO HostContext] Well known directory 'Bin': 'C:\ESP32_Wrover\ebesoh_esp32_wrover_projects\actions-runner\bin'
[2026-01-24 01:11:04Z INFO HostContext] Well known directory 'Root': 'C:\ESP32_Wrover\ebesoh_esp32_wrover_projects\actions-runner'
[2026-01-24 01:11:04Z INFO HostContext] Well known config file 'Credentials': 'C:\ESP32_Wrover\ebesoh_esp32_wrover_projects\actions-runner\.credentials'
[2026-01-24 01:11:04Z INFO ConfigurationStore] CredFilePath: C:\ESP32_Wrover\ebesoh_esp32_wrover_projects\actions-runner\.credentials
[2026-01-24 01:11:04Z INFO HostContext] Well known directory 'Bin': 'C:\ESP32_Wrover\ebesoh_esp32_wrover_projects\actions-runner\bin'
[2026-01-24 01:11:04Z INFO HostContext] Well known directory 'Root': 'C:\ESP32_Wrover\ebesoh_esp32_wrover_projects\actions-runner'
[2026-01-24 01:11:04Z INFO HostContext] Well known config file 'MigratedCredentials': 'C:\ESP32_Wrover\ebesoh_esp32_wrover_projects\actions-runner\.credentials_migrated'
[2026-01-24 01:11:04Z INFO ConfigurationStore] MigratedCredFilePath: C:\ESP32_Wrover\ebesoh_esp32_wrover_projects\actions-runner\.credentials_migrated
[2026-01-24 01:11:04Z INFO HostContext] Well known directory 'Bin': 'C:\ESP32_Wrover\ebesoh_esp32_wrover_projects\actions-runner\bin'
[2026-01-24 01:11:04Z INFO HostContext] Well known directory 'Root': 'C:\ESP32_Wrover\ebesoh_esp32_wrover_projects\actions-runner'
[2026-01-24 01:11:04Z INFO HostContext] Well known config file 'Service': 'C:\ESP32_Wrover\ebesoh_esp32_wrover_projects\actions-runner\.service'
[2026-01-24 01:11:04Z INFO ConfigurationStore] ServiceConfigFilePath: C:\ESP32_Wrover\ebesoh_esp32_wrover_projects\actions-runner\.service
[2026-01-24 01:11:04Z INFO ConfigurationStore] Read setting file: 413 chars
[2026-01-24 01:11:04Z INFO JobRunner] Initializing launch client
[2026-01-24 01:11:04Z INFO JobServerQueue] Initializing results client
[2026-01-24 01:11:04Z INFO ResultServer] Creating websocket client ...wss://results-receiver.actions.githubusercontent.com/_ws/ingest.sock
[2026-01-24 01:11:04Z INFO ResultServer] Attempting to start websocket client with delay 00:00:00.
[2026-01-24 01:11:04Z INFO JobServerQueue] Start process web console line queue.
[2026-01-24 01:11:04Z INFO JobServerQueue] Start process file upload queue.
[2026-01-24 01:11:04Z INFO JobServerQueue] Start results file upload queue.
[2026-01-24 01:11:04Z INFO JobServerQueue] Starting results-based upload queue...
[2026-01-24 01:11:04Z INFO JobServerQueue] Start process timeline update queue.
[2026-01-24 01:11:04Z INFO ExecutionContext] Initializing Job context
[2026-01-24 01:11:04Z INFO ExecutionContext] Initialize GitHub context
[2026-01-24 01:11:04Z INFO ExecutionContext] Initialize Env context
[2026-01-24 01:11:04Z INFO HostContext] Well known directory 'Bin': 'C:\ESP32_Wrover\ebesoh_esp32_wrover_projects\actions-runner\bin'
[2026-01-24 01:11:04Z INFO HostContext] Well known directory 'Root': 'C:\ESP32_Wrover\ebesoh_esp32_wrover_projects\actions-runner'
[2026-01-24 01:11:04Z INFO HostContext] Well known directory 'Diag': 'C:\ESP32_Wrover\ebesoh_esp32_wrover_projects\actions-runner\_diag'
[2026-01-24 01:11:04Z INFO HostContext] Well known directory 'Bin': 'C:\ESP32_Wrover\ebesoh_esp32_wrover_projects\actions-runner\bin'
[2026-01-24 01:11:04Z INFO HostContext] Well known directory 'Root': 'C:\ESP32_Wrover\ebesoh_esp32_wrover_projects\actions-runner'
[2026-01-24 01:11:04Z INFO HostContext] Well known directory 'Diag': 'C:\ESP32_Wrover\ebesoh_esp32_wrover_projects\actions-runner\_diag'
[2026-01-24 01:11:04Z INFO JobRunner] Starting the job execution context.
[2026-01-24 01:11:04Z INFO HostContext] Well known directory 'Bin': 'C:\ESP32_Wrover\ebesoh_esp32_wrover_projects\actions-runner\bin'
[2026-01-24 01:11:04Z INFO HostContext] Well known directory 'Root': 'C:\ESP32_Wrover\ebesoh_esp32_wrover_projects\actions-runner'
[2026-01-24 01:11:04Z INFO HostContext] Well known directory 'Work': 'C:\ESP32_Wrover\ebesoh_esp32_wrover_projects\actions-runner\_work'
[2026-01-24 01:11:04Z INFO JobRunner] Validating directory permissions for: 'C:\ESP32_Wrover\ebesoh_esp32_wrover_projects\actions-runner\_work'
[2026-01-24 01:11:04Z INFO HostContext] Well known directory 'Bin': 'C:\ESP32_Wrover\ebesoh_esp32_wrover_projects\actions-runner\bin'
[2026-01-24 01:11:04Z INFO HostContext] Well known directory 'Root': 'C:\ESP32_Wrover\ebesoh_esp32_wrover_projects\actions-runner'
[2026-01-24 01:11:04Z INFO HostContext] Well known directory 'Work': 'C:\ESP32_Wrover\ebesoh_esp32_wrover_projects\actions-runner\_work'
[2026-01-24 01:11:04Z INFO HostContext] Well known directory 'Tools': 'C:\ESP32_Wrover\ebesoh_esp32_wrover_projects\actions-runner\_work\_tool'
[2026-01-24 01:11:04Z INFO HostContext] Well known directory 'Bin': 'C:\ESP32_Wrover\ebesoh_esp32_wrover_projects\actions-runner\bin'
[2026-01-24 01:11:04Z INFO HostContext] Well known directory 'Root': 'C:\ESP32_Wrover\ebesoh_esp32_wrover_projects\actions-runner'
[2026-01-24 01:11:04Z INFO HostContext] Well known directory 'Work': 'C:\ESP32_Wrover\ebesoh_esp32_wrover_projects\actions-runner\_work'
[2026-01-24 01:11:04Z INFO HostContext] Well known directory 'Temp': 'C:\ESP32_Wrover\ebesoh_esp32_wrover_projects\actions-runner\_work\_temp'
[2026-01-24 01:11:04Z INFO JobRunner] Getting job extension.
[2026-01-24 01:11:04Z INFO JobRunner] Initialize job. Getting all job steps.
[2026-01-24 01:11:04Z INFO HostContext] Well known directory 'Bin': 'C:\ESP32_Wrover\ebesoh_esp32_wrover_projects\actions-runner\bin'
[2026-01-24 01:11:04Z INFO HostContext] Well known directory 'Root': 'C:\ESP32_Wrover\ebesoh_esp32_wrover_projects\actions-runner'
[2026-01-24 01:11:04Z INFO HostContext] Well known directory 'Diag': 'C:\ESP32_Wrover\ebesoh_esp32_wrover_projects\actions-runner\_diag'
[2026-01-24 01:11:04Z INFO HostContext] Well known directory 'Bin': 'C:\ESP32_Wrover\ebesoh_esp32_wrover_projects\actions-runner\bin'
[2026-01-24 01:11:04Z INFO HostContext] Well known directory 'Root': 'C:\ESP32_Wrover\ebesoh_esp32_wrover_projects\actions-runner'
[2026-01-24 01:11:04Z INFO HostContext] Well known directory 'Diag': 'C:\ESP32_Wrover\ebesoh_esp32_wrover_projects\actions-runner\_diag'
[2026-01-24 01:11:04Z INFO HostContext] Well known directory 'Bin': 'C:\ESP32_Wrover\ebesoh_esp32_wrover_projects\actions-runner\bin'
[2026-01-24 01:11:04Z INFO HostContext] Well known directory 'Root': 'C:\ESP32_Wrover\ebesoh_esp32_wrover_projects\actions-runner'
[2026-01-24 01:11:04Z INFO HostContext] Well known config file 'Credentials': 'C:\ESP32_Wrover\ebesoh_esp32_wrover_projects\actions-runner\.credentials'
[2026-01-24 01:11:04Z INFO HostContext] Well known directory 'Bin': 'C:\ESP32_Wrover\ebesoh_esp32_wrover_projects\actions-runner\bin'
[2026-01-24 01:11:04Z INFO HostContext] Well known directory 'Root': 'C:\ESP32_Wrover\ebesoh_esp32_wrover_projects\actions-runner'
[2026-01-24 01:11:04Z INFO HostContext] Well known config file 'SetupInfo': 'C:\ESP32_Wrover\ebesoh_esp32_wrover_projects\actions-runner\.setup_info'
[2026-01-24 01:11:04Z INFO HostContext] Well known directory 'Bin': 'C:\ESP32_Wrover\ebesoh_esp32_wrover_projects\actions-runner\bin'
[2026-01-24 01:11:04Z INFO HostContext] Well known directory 'Root': 'C:\ESP32_Wrover\ebesoh_esp32_wrover_projects\actions-runner'
[2026-01-24 01:11:04Z INFO HostContext] Well known directory 'Work': 'C:\ESP32_Wrover\ebesoh_esp32_wrover_projects\actions-runner\_work'
[2026-01-24 01:11:04Z INFO PipelineDirectoryManager] Loading tracking config if exists: C:\ESP32_Wrover\ebesoh_esp32_wrover_projects\actions-runner\_work\_PipelineMapping\Ebesoh/ebesoh_esp32_wrover_projects\PipelineFolder.json
[2026-01-24 01:11:04Z INFO PipelineDirectoryManager] Updating job run properties.
[2026-01-24 01:11:04Z INFO HostContext] Well known directory 'Bin': 'C:\ESP32_Wrover\ebesoh_esp32_wrover_projects\actions-runner\bin'
[2026-01-24 01:11:04Z INFO HostContext] Well known directory 'Root': 'C:\ESP32_Wrover\ebesoh_esp32_wrover_projects\actions-runner'
[2026-01-24 01:11:04Z INFO HostContext] Well known directory 'Work': 'C:\ESP32_Wrover\ebesoh_esp32_wrover_projects\actions-runner\_work'
[2026-01-24 01:11:04Z INFO HostContext] Well known directory 'Bin': 'C:\ESP32_Wrover\ebesoh_esp32_wrover_projects\actions-runner\bin'
[2026-01-24 01:11:04Z INFO HostContext] Well known directory 'Root': 'C:\ESP32_Wrover\ebesoh_esp32_wrover_projects\actions-runner'
[2026-01-24 01:11:04Z INFO HostContext] Well known directory 'Work': 'C:\ESP32_Wrover\ebesoh_esp32_wrover_projects\actions-runner\_work'
[2026-01-24 01:11:04Z INFO HostContext] Well known directory 'Bin': 'C:\ESP32_Wrover\ebesoh_esp32_wrover_projects\actions-runner\bin'
[2026-01-24 01:11:04Z INFO HostContext] Well known directory 'Root': 'C:\ESP32_Wrover\ebesoh_esp32_wrover_projects\actions-runner'
[2026-01-24 01:11:04Z INFO HostContext] Well known directory 'Work': 'C:\ESP32_Wrover\ebesoh_esp32_wrover_projects\actions-runner\_work'
[2026-01-24 01:11:04Z INFO JobExtension] Downloading actions
[2026-01-24 01:11:04Z INFO HostContext] Well known directory 'Bin': 'C:\ESP32_Wrover\ebesoh_esp32_wrover_projects\actions-runner\bin'
[2026-01-24 01:11:04Z INFO HostContext] Well known directory 'Root': 'C:\ESP32_Wrover\ebesoh_esp32_wrover_projects\actions-runner'
[2026-01-24 01:11:04Z INFO HostContext] Well known directory 'Work': 'C:\ESP32_Wrover\ebesoh_esp32_wrover_projects\actions-runner\_work'
[2026-01-24 01:11:04Z INFO HostContext] Well known directory 'Actions': 'C:\ESP32_Wrover\ebesoh_esp32_wrover_projects\actions-runner\_work\_actions'
[2026-01-24 01:11:04Z INFO Worker] Listening for cancel message from the channel.
[2026-01-24 01:11:04Z INFO Worker] Waiting for the job to complete or for a cancel message from the channel.
[2026-01-24 01:11:04Z INFO ResultServer] Successfully started websocket client.
[2026-01-24 01:11:04Z INFO JobServerQueue] Try to append 1 batches web console lines for record '8f9362c0-c881-41ca-82a2-9077a8a5acd0', success rate: 1/1.
[2026-01-24 01:11:04Z INFO HostContext] Well known directory 'Bin': 'C:\ESP32_Wrover\ebesoh_esp32_wrover_projects\actions-runner\bin'
[2026-01-24 01:11:04Z INFO HostContext] Well known directory 'Root': 'C:\ESP32_Wrover\ebesoh_esp32_wrover_projects\actions-runner'
[2026-01-24 01:11:04Z INFO HostContext] Well known directory 'Work': 'C:\ESP32_Wrover\ebesoh_esp32_wrover_projects\actions-runner\_work'
[2026-01-24 01:11:04Z INFO HostContext] Well known directory 'Actions': 'C:\ESP32_Wrover\ebesoh_esp32_wrover_projects\actions-runner\_work\_actions'
[2026-01-24 01:11:04Z INFO HostContext] Well known directory 'Bin': 'C:\ESP32_Wrover\ebesoh_esp32_wrover_projects\actions-runner\bin'
[2026-01-24 01:11:04Z INFO HostContext] Well known directory 'Root': 'C:\ESP32_Wrover\ebesoh_esp32_wrover_projects\actions-runner'
[2026-01-24 01:11:04Z INFO HostContext] Well known directory 'Work': 'C:\ESP32_Wrover\ebesoh_esp32_wrover_projects\actions-runner\_work'
[2026-01-24 01:11:04Z INFO HostContext] Well known directory 'Actions': 'C:\ESP32_Wrover\ebesoh_esp32_wrover_projects\actions-runner\_work\_actions'
[2026-01-24 01:11:04Z INFO ActionManager] Save archive 'https://api.github.com/repos/actions/upload-artifact/zipball/ea165f8d65b6e75b540449e92b4886f43607fa02' into C:\ESP32_Wrover\ebesoh_esp32_wrover_projects\actions-runner\_work\_actions\_temp_5c946f05-aca6-4159-bf73-be2119ec21ea\925f4844-1870-44d4-8266-6a769248d076.zip.
[2026-01-24 01:11:05Z INFO JobServerQueue] Try to append 1 batches web console lines for record '8f9362c0-c881-41ca-82a2-9077a8a5acd0', success rate: 1/1.
[2026-01-24 01:11:05Z INFO JobServerQueue] Job timeline record has been updated for the first time.
[2026-01-24 01:11:06Z INFO ActionManager] Request URL: https://api.github.com/repos/actions/upload-artifact/zipball/ea165f8d65b6e75b540449e92b4886f43607fa02 X-GitHub-Request-Id: D675:37D5C4:298D6:127BD5:69741C29 Http Status: OK
[2026-01-24 01:11:07Z INFO ActionManager] Finished getting action repository.
[2026-01-24 01:11:07Z INFO HostContext] Well known directory 'Bin': 'C:\ESP32_Wrover\ebesoh_esp32_wrover_projects\actions-runner\bin'
[2026-01-24 01:11:07Z INFO HostContext] Well known directory 'Root': 'C:\ESP32_Wrover\ebesoh_esp32_wrover_projects\actions-runner'
[2026-01-24 01:11:07Z INFO HostContext] Well known directory 'Work': 'C:\ESP32_Wrover\ebesoh_esp32_wrover_projects\actions-runner\_work'
[2026-01-24 01:11:07Z INFO HostContext] Well known directory 'Actions': 'C:\ESP32_Wrover\ebesoh_esp32_wrover_projects\actions-runner\_work\_actions'
[2026-01-24 01:11:07Z INFO ActionManifestManagerLegacy] Load schema file with definitions: [
  "null",
  "boolean",
  "number",
  "string",
  "sequence",
  "mapping",
  "any",
  "action-root",
  "inputs",
  "input",
  "outputs",
  "output-definition",
  "runs",
  "container-runs",
  "container-runs-args",
  "container-runs-env",
  "node-runs",
  "plugin-runs",
  "composite-runs",
  "composite-steps",
  "composite-step",
  "run-step",
  "uses-step",
  "container-runs-context",
  "output-value",
  "input-default-context",
  "non-empty-string",
  "string-steps-context",
  "boolean-steps-context",
  "step-env",
  "step-if",
  "step-with"
]
[2026-01-24 01:11:07Z INFO ActionManifestManager] Load schema file with definitions: [
  "null",
  "boolean",
  "number",
  "string",
  "sequence",
  "mapping",
  "any",
  "action-root",
  "inputs",
  "input",
  "outputs",
  "output-definition",
  "runs",
  "container-runs",
  "container-runs-args",
  "container-runs-env",
  "node-runs",
  "plugin-runs",
  "composite-runs",
  "composite-steps",
  "composite-step",
  "run-step",
  "uses-step",
  "container-runs-context",
  "output-value",
  "input-default-context",
  "non-empty-string",
  "string-steps-context",
  "boolean-steps-context",
  "step-env",
  "step-if",
  "step-with"
]
[2026-01-24 01:11:07Z INFO HostContext] Well known directory 'Bin': 'C:\ESP32_Wrover\ebesoh_esp32_wrover_projects\actions-runner\bin'
[2026-01-24 01:11:07Z INFO HostContext] Well known directory 'Root': 'C:\ESP32_Wrover\ebesoh_esp32_wrover_projects\actions-runner'
[2026-01-24 01:11:07Z INFO HostContext] Well known directory 'Work': 'C:\ESP32_Wrover\ebesoh_esp32_wrover_projects\actions-runner\_work'
[2026-01-24 01:11:07Z INFO HostContext] Well known directory 'Actions': 'C:\ESP32_Wrover\ebesoh_esp32_wrover_projects\actions-runner\_work\_actions'
[2026-01-24 01:11:07Z INFO ActionManifestManagerLegacy] Ignore action property author.
[2026-01-24 01:11:07Z INFO ActionManifestManagerLegacy] Loaded action.yml file: {
  "name": "Upload a Build Artifact",
  "description": "Upload a build artifact that can be used by subsequent workflow steps",
  "inputs": {
    "type": 2,
    "map": [
      {
        "key": {
          "type": 0,
          "file": 2,
          "line": 5,
          "col": 3,
          "lit": "name"
        },
        "value": {
          "type": 0,
          "file": 2,
          "line": 7,
          "col": 14,
          "lit": "artifact"
        }
      },
      {
        "key": {
          "type": 0,
          "file": 2,
          "line": 8,
          "col": 3,
          "lit": "path"
        },
        "value": ""
      },
      {
        "key": {
          "type": 0,
          "file": 2,
          "line": 11,
          "col": 3,
          "lit": "if-no-files-found"
        },
        "value": {
          "type": 0,
          "file": 2,
          "line": 19,
          "col": 14,
          "lit": "warn"
        }
      },
      {
        "key": {
          "type": 0,
          "file": 2,
          "line": 20,
          "col": 3,
          "lit": "retention-days"
        },
        "value": ""
      },
      {
        "key": {
          "type": 0,
          "file": 2,
          "line": 26,
          "col": 3,
          "lit": "compression-level"
        },
        "value": {
          "type": 0,
          "file": 2,
          "line": 36,
          "col": 14,
          "lit": "6"
        }
      },
      {
        "key": {
          "type": 0,
          "file": 2,
          "line": 37,
          "col": 3,
          "lit": "overwrite"
        },
        "value": {
          "type": 0,
          "file": 2,
          "line": 42,
          "col": 14,
          "lit": "false"
        }
      },
      {
        "key": {
          "type": 0,
          "file": 2,
          "line": 43,
          "col": 3,
          "lit": "include-hidden-files"
        },
        "value": {
          "type": 0,
          "file": 2,
          "line": 47,
          "col": 14,
          "lit": "false"
        }
      }
    ]
  },
  "execution": {
    "executionType": "nodeJS",
    "hasPre": false,
    "hasPost": false,
    "script": "dist/upload/index.js",
    "pre": null,
    "post": null,
    "nodeVersion": "node20",
    "cleanupCondition": "always()",
    "initCondition": "always()"
  },
  "deprecated": null
}
[2026-01-24 01:11:07Z INFO ActionManager] Action node.js file: dist/upload/index.js, no more preparation.
[2026-01-24 01:11:07Z INFO HostContext] Well known directory 'Bin': 'C:\ESP32_Wrover\ebesoh_esp32_wrover_projects\actions-runner\bin'
[2026-01-24 01:11:07Z INFO HostContext] Well known directory 'Root': 'C:\ESP32_Wrover\ebesoh_esp32_wrover_projects\actions-runner'
[2026-01-24 01:11:07Z INFO HostContext] Well known directory 'Work': 'C:\ESP32_Wrover\ebesoh_esp32_wrover_projects\actions-runner\_work'
[2026-01-24 01:11:07Z INFO HostContext] Well known directory 'Actions': 'C:\ESP32_Wrover\ebesoh_esp32_wrover_projects\actions-runner\_work\_actions'
[2026-01-24 01:11:07Z INFO ActionManager] Load action that reference repository from 'C:\ESP32_Wrover\ebesoh_esp32_wrover_projects\actions-runner\_work\_actions\actions\upload-artifact\v4'
[2026-01-24 01:11:07Z INFO HostContext] Well known directory 'Bin': 'C:\ESP32_Wrover\ebesoh_esp32_wrover_projects\actions-runner\bin'
[2026-01-24 01:11:07Z INFO HostContext] Well known directory 'Root': 'C:\ESP32_Wrover\ebesoh_esp32_wrover_projects\actions-runner'
[2026-01-24 01:11:07Z INFO HostContext] Well known directory 'Work': 'C:\ESP32_Wrover\ebesoh_esp32_wrover_projects\actions-runner\_work'
[2026-01-24 01:11:07Z INFO HostContext] Well known directory 'Actions': 'C:\ESP32_Wrover\ebesoh_esp32_wrover_projects\actions-runner\_work\_actions'
[2026-01-24 01:11:07Z INFO ActionManifestManagerLegacy] Ignore action property author.
[2026-01-24 01:11:07Z INFO ActionManifestManagerLegacy] Loaded action.yml file: {
  "name": "Upload a Build Artifact",
  "description": "Upload a build artifact that can be used by subsequent workflow steps",
  "inputs": {
    "type": 2,
    "map": [
      {
        "key": {
          "type": 0,
          "file": 2,
          "line": 5,
          "col": 3,
          "lit": "name"
        },
        "value": {
          "type": 0,
          "file": 2,
          "line": 7,
          "col": 14,
          "lit": "artifact"
        }
      },
      {
        "key": {
          "type": 0,
          "file": 2,
          "line": 8,
          "col": 3,
          "lit": "path"
        },
        "value": ""
      },
      {
        "key": {
          "type": 0,
          "file": 2,
          "line": 11,
          "col": 3,
          "lit": "if-no-files-found"
        },
        "value": {
          "type": 0,
          "file": 2,
          "line": 19,
          "col": 14,
          "lit": "warn"
        }
      },
      {
        "key": {
          "type": 0,
          "file": 2,
          "line": 20,
          "col": 3,
          "lit": "retention-days"
        },
        "value": ""
      },
      {
        "key": {
          "type": 0,
          "file": 2,
          "line": 26,
          "col": 3,
          "lit": "compression-level"
        },
        "value": {
          "type": 0,
          "file": 2,
          "line": 36,
          "col": 14,
          "lit": "6"
        }
      },
      {
        "key": {
          "type": 0,
          "file": 2,
          "line": 37,
          "col": 3,
          "lit": "overwrite"
        },
        "value": {
          "type": 0,
          "file": 2,
          "line": 42,
          "col": 14,
          "lit": "false"
        }
      },
      {
        "key": {
          "type": 0,
          "file": 2,
          "line": 43,
          "col": 3,
          "lit": "include-hidden-files"
        },
        "value": {
          "type": 0,
          "file": 2,
          "line": 47,
          "col": 14,
          "lit": "false"
        }
      }
    ]
  },
  "execution": {
    "executionType": "nodeJS",
    "hasPre": false,
    "hasPost": false,
    "script": "dist/upload/index.js",
    "pre": null,
    "post": null,
    "nodeVersion": "node20",
    "cleanupCondition": "always()",
    "initCondition": "always()"
  },
  "deprecated": null
}
[2026-01-24 01:11:07Z INFO ActionManager] Action pre node.js file: N/A.
[2026-01-24 01:11:07Z INFO ActionManager] Action node.js file: dist/upload/index.js.
[2026-01-24 01:11:07Z INFO ActionManager] Action post node.js file: N/A.
[2026-01-24 01:11:07Z INFO JobExtension] Adding .
[2026-01-24 01:11:07Z INFO JobExtension] Adding .
[2026-01-24 01:11:07Z INFO HostContext] Well known directory 'Bin': 'C:\ESP32_Wrover\ebesoh_esp32_wrover_projects\actions-runner\bin'
[2026-01-24 01:11:07Z INFO HostContext] Well known directory 'Root': 'C:\ESP32_Wrover\ebesoh_esp32_wrover_projects\actions-runner'
[2026-01-24 01:11:07Z INFO HostContext] Well known directory 'Diag': 'C:\ESP32_Wrover\ebesoh_esp32_wrover_projects\actions-runner\_diag'
[2026-01-24 01:11:07Z INFO HostContext] Well known directory 'Bin': 'C:\ESP32_Wrover\ebesoh_esp32_wrover_projects\actions-runner\bin'
[2026-01-24 01:11:07Z INFO HostContext] Well known directory 'Root': 'C:\ESP32_Wrover\ebesoh_esp32_wrover_projects\actions-runner'
[2026-01-24 01:11:07Z INFO HostContext] Well known directory 'Diag': 'C:\ESP32_Wrover\ebesoh_esp32_wrover_projects\actions-runner\_diag'
[2026-01-24 01:11:07Z INFO HostContext] Well known directory 'Bin': 'C:\ESP32_Wrover\ebesoh_esp32_wrover_projects\actions-runner\bin'
[2026-01-24 01:11:07Z INFO HostContext] Well known directory 'Root': 'C:\ESP32_Wrover\ebesoh_esp32_wrover_projects\actions-runner'
[2026-01-24 01:11:07Z INFO HostContext] Well known directory 'Diag': 'C:\ESP32_Wrover\ebesoh_esp32_wrover_projects\actions-runner\_diag'
[2026-01-24 01:11:07Z INFO HostContext] Well known directory 'Bin': 'C:\ESP32_Wrover\ebesoh_esp32_wrover_projects\actions-runner\bin'
[2026-01-24 01:11:07Z INFO HostContext] Well known directory 'Root': 'C:\ESP32_Wrover\ebesoh_esp32_wrover_projects\actions-runner'
[2026-01-24 01:11:07Z INFO HostContext] Well known directory 'Diag': 'C:\ESP32_Wrover\ebesoh_esp32_wrover_projects\actions-runner\_diag'
[2026-01-24 01:11:07Z INFO JobExtension] Total accessible running process: 367.
[2026-01-24 01:11:07Z INFO HostContext] Well known directory 'Bin': 'C:\ESP32_Wrover\ebesoh_esp32_wrover_projects\actions-runner\bin'
[2026-01-24 01:11:07Z INFO HostContext] Well known directory 'Root': 'C:\ESP32_Wrover\ebesoh_esp32_wrover_projects\actions-runner'
[2026-01-24 01:11:07Z INFO HostContext] Well known directory 'Work': 'C:\ESP32_Wrover\ebesoh_esp32_wrover_projects\actions-runner\_work'
[2026-01-24 01:11:07Z INFO JobExtension] Start checking server connectivity.
[2026-01-24 01:11:07Z INFO JobExtension] Check server connectivity for https://broker.actions.githubusercontent.com/health.
[2026-01-24 01:11:07Z INFO JobExtension] Check server connectivity for https://token.actions.githubusercontent.com/ready.
[2026-01-24 01:11:07Z INFO JobExtension] Start checking service connectivity in background.
[2026-01-24 01:11:07Z INFO ExecutionContext] Publish step telemetry for current step {
  "action": "setup_job",
  "type": "runner",
  "stage": "Pre",
  "stepId": "8f9362c0-c881-41ca-82a2-9077a8a5acd0",
  "result": "succeeded",
  "errorMessages": [],
  "executionTimeInSeconds": 3,
  "startTime": "2026-01-24T01:11:04.3993872Z",
  "finishTime": "2026-01-24T01:11:07.2500193Z"
}.
[2026-01-24 01:11:07Z INFO JobRunner] Total job steps: 2.
[2026-01-24 01:11:07Z INFO JobRunner] Run all job steps.
[2026-01-24 01:11:07Z INFO StepsRunner] Processing step: DisplayName='Run DS18B20 tests'
[2026-01-24 01:11:07Z INFO StepsRunner] Evaluating: success()
[2026-01-24 01:11:07Z INFO StepsRunner] Result: true
[2026-01-24 01:11:07Z INFO StepsRunner] Starting the step.
[2026-01-24 01:11:07Z INFO HostContext] Well known directory 'Bin': 'C:\ESP32_Wrover\ebesoh_esp32_wrover_projects\actions-runner\bin'
[2026-01-24 01:11:07Z INFO HostContext] Well known directory 'Root': 'C:\ESP32_Wrover\ebesoh_esp32_wrover_projects\actions-runner'
[2026-01-24 01:11:07Z INFO HostContext] Well known directory 'Work': 'C:\ESP32_Wrover\ebesoh_esp32_wrover_projects\actions-runner\_work'
[2026-01-24 01:11:07Z INFO StepsRunner] Which2: 'chcp'
[2026-01-24 01:11:07Z INFO StepsRunner] Location: 'C:\WINDOWS\system32\chcp.COM'
[2026-01-24 01:11:07Z INFO ProcessInvokerWrapper] Starting process:
[2026-01-24 01:11:07Z INFO ProcessInvokerWrapper]   File name: 'C:\WINDOWS\system32\chcp.COM'
[2026-01-24 01:11:07Z INFO ProcessInvokerWrapper]   Arguments: '65001'
[2026-01-24 01:11:07Z INFO ProcessInvokerWrapper]   Working directory: 'C:\ESP32_Wrover\ebesoh_esp32_wrover_projects\actions-runner\_work'
[2026-01-24 01:11:07Z INFO ProcessInvokerWrapper]   Require exit code zero: 'False'
[2026-01-24 01:11:07Z INFO ProcessInvokerWrapper]   Encoding web name:  ; code page: ''
[2026-01-24 01:11:07Z INFO ProcessInvokerWrapper]   Force kill process on cancellation: 'False'
[2026-01-24 01:11:07Z INFO ProcessInvokerWrapper]   Redirected STDIN: 'False'
[2026-01-24 01:11:07Z INFO ProcessInvokerWrapper]   Persist current code page: 'True'
[2026-01-24 01:11:07Z INFO ProcessInvokerWrapper]   Keep redirected STDIN open: 'False'
[2026-01-24 01:11:07Z INFO ProcessInvokerWrapper]   High priority process: 'False'
[2026-01-24 01:11:07Z INFO ProcessInvokerWrapper] Process started with process id 28288, waiting for process exit.
[2026-01-24 01:11:07Z INFO ProcessInvokerWrapper] STDOUT/STDERR stream read finished.
[2026-01-24 01:11:07Z INFO ProcessInvokerWrapper] STDOUT/STDERR stream read finished.
[2026-01-24 01:11:07Z INFO JobServerQueue] Try to append 1 batches web console lines for record '8f9362c0-c881-41ca-82a2-9077a8a5acd0', success rate: 1/1.
[2026-01-24 01:11:07Z INFO ProcessInvokerWrapper] Finished process 28288 with exit code 0, and elapsed time 00:00:00.0237388.
[2026-01-24 01:11:07Z INFO StepsRunner] Successfully returned to code page 65001 (UTF8)
[2026-01-24 01:11:07Z INFO HostContext] Well known directory 'Bin': 'C:\ESP32_Wrover\ebesoh_esp32_wrover_projects\actions-runner\bin'
[2026-01-24 01:11:07Z INFO HostContext] Well known directory 'Root': 'C:\ESP32_Wrover\ebesoh_esp32_wrover_projects\actions-runner'
[2026-01-24 01:11:07Z INFO HostContext] Well known directory 'Work': 'C:\ESP32_Wrover\ebesoh_esp32_wrover_projects\actions-runner\_work'
[2026-01-24 01:11:07Z INFO HostContext] Well known directory 'Temp': 'C:\ESP32_Wrover\ebesoh_esp32_wrover_projects\actions-runner\_work\_temp'
[2026-01-24 01:11:07Z INFO ExecutionContext] Write event payload to C:\ESP32_Wrover\ebesoh_esp32_wrover_projects\actions-runner\_work\_temp\_github_workflow\event.json
[2026-01-24 01:11:07Z INFO HostContext] Well known directory 'Bin': 'C:\ESP32_Wrover\ebesoh_esp32_wrover_projects\actions-runner\bin'
[2026-01-24 01:11:07Z INFO HostContext] Well known directory 'Root': 'C:\ESP32_Wrover\ebesoh_esp32_wrover_projects\actions-runner'
[2026-01-24 01:11:07Z INFO HostContext] Well known directory 'Work': 'C:\ESP32_Wrover\ebesoh_esp32_wrover_projects\actions-runner\_work'
[2026-01-24 01:11:07Z INFO HostContext] Well known directory 'Temp': 'C:\ESP32_Wrover\ebesoh_esp32_wrover_projects\actions-runner\_work\_temp'
[2026-01-24 01:11:07Z INFO ExtensionManager] Getting extensions for interface: 'GitHub.Runner.Worker.IFileCommandExtension'
[2026-01-24 01:11:07Z INFO ExtensionManager] Creating instance: GitHub.Runner.Worker.AddPathFileCommand, Runner.Worker
[2026-01-24 01:11:07Z INFO ExtensionManager] Creating instance: GitHub.Runner.Worker.SetEnvFileCommand, Runner.Worker
[2026-01-24 01:11:07Z INFO ExtensionManager] Creating instance: GitHub.Runner.Worker.CreateStepSummaryCommand, Runner.Worker
[2026-01-24 01:11:07Z INFO ExtensionManager] Creating instance: GitHub.Runner.Worker.SaveStateFileCommand, Runner.Worker
[2026-01-24 01:11:07Z INFO ExtensionManager] Creating instance: GitHub.Runner.Worker.SetOutputFileCommand, Runner.Worker
[2026-01-24 01:11:07Z INFO ExtensionManager] Getting extensions for interface: 'GitHub.Runner.Worker.IActionCommandExtension'
[2026-01-24 01:11:07Z INFO ExtensionManager] Creating instance: GitHub.Runner.Worker.InternalPluginSetRepoPathCommandExtension, Runner.Worker
[2026-01-24 01:11:07Z INFO ExtensionManager] Creating instance: GitHub.Runner.Worker.SetEnvCommandExtension, Runner.Worker
[2026-01-24 01:11:07Z INFO ExtensionManager] Creating instance: GitHub.Runner.Worker.SetOutputCommandExtension, Runner.Worker
[2026-01-24 01:11:07Z INFO ExtensionManager] Creating instance: GitHub.Runner.Worker.SaveStateCommandExtension, Runner.Worker
[2026-01-24 01:11:07Z INFO ExtensionManager] Creating instance: GitHub.Runner.Worker.AddPathCommandExtension, Runner.Worker
[2026-01-24 01:11:07Z INFO ExtensionManager] Creating instance: GitHub.Runner.Worker.AddMaskCommandExtension, Runner.Worker
[2026-01-24 01:11:07Z INFO ExtensionManager] Creating instance: GitHub.Runner.Worker.AddMatcherCommandExtension, Runner.Worker
[2026-01-24 01:11:07Z INFO ExtensionManager] Creating instance: GitHub.Runner.Worker.RemoveMatcherCommandExtension, Runner.Worker
[2026-01-24 01:11:07Z INFO ExtensionManager] Creating instance: GitHub.Runner.Worker.WarningCommandExtension, Runner.Worker
[2026-01-24 01:11:07Z INFO ExtensionManager] Creating instance: GitHub.Runner.Worker.ErrorCommandExtension, Runner.Worker
[2026-01-24 01:11:07Z INFO ExtensionManager] Creating instance: GitHub.Runner.Worker.NoticeCommandExtension, Runner.Worker
[2026-01-24 01:11:07Z INFO ExtensionManager] Creating instance: GitHub.Runner.Worker.DebugCommandExtension, Runner.Worker
[2026-01-24 01:11:07Z INFO ExtensionManager] Creating instance: GitHub.Runner.Worker.GroupCommandExtension, Runner.Worker
[2026-01-24 01:11:07Z INFO ExtensionManager] Creating instance: GitHub.Runner.Worker.EndGroupCommandExtension, Runner.Worker
[2026-01-24 01:11:07Z INFO ExtensionManager] Creating instance: GitHub.Runner.Worker.EchoCommandExtension, Runner.Worker
[2026-01-24 01:11:07Z INFO ActionCommandManager] Register action command extension for command internal-set-repo-path
[2026-01-24 01:11:07Z INFO ActionCommandManager] Register action command extension for command set-env
[2026-01-24 01:11:07Z INFO ActionCommandManager] Register action command extension for command set-output
[2026-01-24 01:11:07Z INFO ActionCommandManager] Register action command extension for command save-state
[2026-01-24 01:11:07Z INFO ActionCommandManager] Register action command extension for command add-path
[2026-01-24 01:11:07Z INFO ActionCommandManager] Register action command extension for command add-mask
[2026-01-24 01:11:07Z INFO ActionCommandManager] Register action command extension for command add-matcher
[2026-01-24 01:11:07Z INFO ActionCommandManager] Register action command extension for command remove-matcher
[2026-01-24 01:11:07Z INFO ActionCommandManager] Register action command extension for command warning
[2026-01-24 01:11:07Z INFO ActionCommandManager] Register action command extension for command error
[2026-01-24 01:11:07Z INFO ActionCommandManager] Register action command extension for command notice
[2026-01-24 01:11:07Z INFO ActionCommandManager] Register action command extension for command debug
[2026-01-24 01:11:07Z INFO ActionCommandManager] Register action command extension for command group
[2026-01-24 01:11:07Z INFO ActionCommandManager] Register action command extension for command endgroup
[2026-01-24 01:11:07Z INFO ActionCommandManager] Register action command extension for command echo
[2026-01-24 01:11:07Z INFO ScriptHandler] Which2: 'cmd'
[2026-01-24 01:11:07Z INFO ScriptHandler] Location: 'C:\WINDOWS\system32\cmd.EXE'
[2026-01-24 01:11:07Z INFO HostContext] Well known directory 'Bin': 'C:\ESP32_Wrover\ebesoh_esp32_wrover_projects\actions-runner\bin'
[2026-01-24 01:11:07Z INFO JobServerQueue] Got a step log file to send to results service.
[2026-01-24 01:11:07Z INFO HostContext] Well known directory 'Root': 'C:\ESP32_Wrover\ebesoh_esp32_wrover_projects\actions-runner'
[2026-01-24 01:11:07Z INFO HostContext] Well known directory 'Work': 'C:\ESP32_Wrover\ebesoh_esp32_wrover_projects\actions-runner\_work'
[2026-01-24 01:11:07Z INFO HostContext] Well known directory 'Temp': 'C:\ESP32_Wrover\ebesoh_esp32_wrover_projects\actions-runner\_work\_temp'
[2026-01-24 01:11:07Z INFO ScriptHandler] Which2: 'cmd'
[2026-01-24 01:11:07Z INFO JobServerQueue] Starting upload of step log file to results service ResultsLog, C:\ESP32_Wrover\ebesoh_esp32_wrover_projects\actions-runner\_diag\blocks\0b62620b-2bba-4903-880f-1587cc8ebc57_8f9362c0-c881-41ca-82a2-9077a8a5acd0.1
[2026-01-24 01:11:07Z INFO JobServerQueue] Try to upload 1 log files or attachments, success rate: 1/1.
[2026-01-24 01:11:07Z INFO ScriptHandler] Location: 'C:\WINDOWS\system32\cmd.EXE'
[2026-01-24 01:11:07Z INFO ProcessInvokerWrapper] Starting process:
[2026-01-24 01:11:07Z INFO ProcessInvokerWrapper]   File name: 'C:\WINDOWS\system32\cmd.EXE'
[2026-01-24 01:11:07Z INFO ProcessInvokerWrapper]   Arguments: '/D /E:ON /V:OFF /S /C "CALL "C:\ESP32_Wrover\ebesoh_esp32_wrover_projects\actions-runner\_work\_temp\f529eddb-e9a7-46dc-9f87-60e24b8bb436.cmd""'
[2026-01-24 01:11:07Z INFO ProcessInvokerWrapper]   Working directory: 'C:\ESP32_Wrover\ebesoh_esp32_wrover_projects\actions-runner\_work\ebesoh_esp32_wrover_projects\ebesoh_esp32_wrover_projects'
[2026-01-24 01:11:07Z INFO ProcessInvokerWrapper]   Require exit code zero: 'False'
[2026-01-24 01:11:07Z INFO ProcessInvokerWrapper]   Encoding web name:  ; code page: ''
[2026-01-24 01:11:07Z INFO ProcessInvokerWrapper]   Force kill process on cancellation: 'False'
[2026-01-24 01:11:07Z INFO ProcessInvokerWrapper]   Redirected STDIN: 'False'
[2026-01-24 01:11:07Z INFO ProcessInvokerWrapper]   Persist current code page: 'True'
[2026-01-24 01:11:07Z INFO ProcessInvokerWrapper]   Keep redirected STDIN open: 'False'
[2026-01-24 01:11:07Z INFO ProcessInvokerWrapper]   High priority process: 'False'
[2026-01-24 01:11:07Z INFO ProcessInvokerWrapper] Process started with process id 12208, waiting for process exit.
[2026-01-24 01:11:07Z INFO JobServerQueue] Try to append 1 batches web console lines for record 'b7a97b13-f56f-4992-93b7-c3be2f7cdc39', success rate: 1/1.
[2026-01-24 01:11:08Z INFO JobServerQueue] Tried to upload 1 file(s) to results, success rate: 1/1.
[2026-01-24 01:11:08Z INFO ProcessInvokerWrapper] STDOUT/STDERR stream read finished.
[2026-01-24 01:11:08Z INFO ProcessInvokerWrapper] STDOUT/STDERR stream read finished.
[2026-01-24 01:11:08Z INFO ProcessInvokerWrapper] Finished process 12208 with exit code 1, and elapsed time 00:00:00.8755248.
[2026-01-24 01:11:08Z INFO CreateStepSummaryCommand] Step Summary file (C:\ESP32_Wrover\ebesoh_esp32_wrover_projects\actions-runner\_work\_temp\_runner_file_commands\step_summary_c5bd091d-66f3-4fc6-956e-58caa12cb505) is empty; skipping attachment upload
[2026-01-24 01:11:08Z INFO StepsRunner] Step result: Failed
[2026-01-24 01:11:08Z INFO ExecutionContext] Publish step telemetry for current step {
  "action": "cmd",
  "type": "run",
  "stage": "Main",
  "stepId": "b7a97b13-f56f-4992-93b7-c3be2f7cdc39",
  "stepContextName": "__run",
  "result": "failed",
  "errorMessages": [
    "Process completed with exit code 1."
  ],
  "executionTimeInSeconds": 1,
  "startTime": "2026-01-24T01:11:07.2987727Z",
  "finishTime": "2026-01-24T01:11:08.2695795Z"
}.
[2026-01-24 01:11:08Z INFO StepsRunner] Update job result with current step result 'Failed'.
[2026-01-24 01:11:08Z INFO StepsRunner] Current state: job state = 'Failed'
[2026-01-24 01:11:08Z INFO StepsRunner] Processing step: DisplayName='Run actions/upload-artifact@v4'
[2026-01-24 01:11:08Z INFO StepsRunner] Evaluating: always()
[2026-01-24 01:11:08Z INFO StepsRunner] Result: true
[2026-01-24 01:11:08Z INFO StepsRunner] Starting the step.
[2026-01-24 01:11:08Z INFO HostContext] Well known directory 'Bin': 'C:\ESP32_Wrover\ebesoh_esp32_wrover_projects\actions-runner\bin'
[2026-01-24 01:11:08Z INFO HostContext] Well known directory 'Root': 'C:\ESP32_Wrover\ebesoh_esp32_wrover_projects\actions-runner'
[2026-01-24 01:11:08Z INFO HostContext] Well known directory 'Work': 'C:\ESP32_Wrover\ebesoh_esp32_wrover_projects\actions-runner\_work'
[2026-01-24 01:11:08Z INFO StepsRunner] Which2: 'chcp'
[2026-01-24 01:11:08Z INFO StepsRunner] Location: 'C:\WINDOWS\system32\chcp.COM'
[2026-01-24 01:11:08Z INFO ProcessInvokerWrapper] Starting process:
[2026-01-24 01:11:08Z INFO ProcessInvokerWrapper]   File name: 'C:\WINDOWS\system32\chcp.COM'
[2026-01-24 01:11:08Z INFO ProcessInvokerWrapper]   Arguments: '65001'
[2026-01-24 01:11:08Z INFO ProcessInvokerWrapper]   Working directory: 'C:\ESP32_Wrover\ebesoh_esp32_wrover_projects\actions-runner\_work'
[2026-01-24 01:11:08Z INFO ProcessInvokerWrapper]   Require exit code zero: 'False'
[2026-01-24 01:11:08Z INFO ProcessInvokerWrapper]   Encoding web name:  ; code page: ''
[2026-01-24 01:11:08Z INFO ProcessInvokerWrapper]   Force kill process on cancellation: 'False'
[2026-01-24 01:11:08Z INFO ProcessInvokerWrapper]   Redirected STDIN: 'False'
[2026-01-24 01:11:08Z INFO ProcessInvokerWrapper]   Persist current code page: 'True'
[2026-01-24 01:11:08Z INFO ProcessInvokerWrapper]   Keep redirected STDIN open: 'False'
[2026-01-24 01:11:08Z INFO ProcessInvokerWrapper]   High priority process: 'False'
[2026-01-24 01:11:08Z INFO ProcessInvokerWrapper] Process started with process id 11548, waiting for process exit.
[2026-01-24 01:11:08Z INFO ProcessInvokerWrapper] STDOUT/STDERR stream read finished.
[2026-01-24 01:11:08Z INFO ProcessInvokerWrapper] STDOUT/STDERR stream read finished.
[2026-01-24 01:11:08Z INFO ProcessInvokerWrapper] Finished process 11548 with exit code 0, and elapsed time 00:00:00.0164462.
[2026-01-24 01:11:08Z INFO StepsRunner] Successfully returned to code page 65001 (UTF8)
[2026-01-24 01:11:08Z INFO HostContext] Well known directory 'Bin': 'C:\ESP32_Wrover\ebesoh_esp32_wrover_projects\actions-runner\bin'
[2026-01-24 01:11:08Z INFO HostContext] Well known directory 'Root': 'C:\ESP32_Wrover\ebesoh_esp32_wrover_projects\actions-runner'
[2026-01-24 01:11:08Z INFO HostContext] Well known directory 'Work': 'C:\ESP32_Wrover\ebesoh_esp32_wrover_projects\actions-runner\_work'
[2026-01-24 01:11:08Z INFO HostContext] Well known directory 'Actions': 'C:\ESP32_Wrover\ebesoh_esp32_wrover_projects\actions-runner\_work\_actions'
[2026-01-24 01:11:08Z INFO ActionManager] Load action that reference repository from 'C:\ESP32_Wrover\ebesoh_esp32_wrover_projects\actions-runner\_work\_actions\actions\upload-artifact\v4'
[2026-01-24 01:11:08Z INFO HostContext] Well known directory 'Bin': 'C:\ESP32_Wrover\ebesoh_esp32_wrover_projects\actions-runner\bin'
[2026-01-24 01:11:08Z INFO HostContext] Well known directory 'Root': 'C:\ESP32_Wrover\ebesoh_esp32_wrover_projects\actions-runner'
[2026-01-24 01:11:08Z INFO HostContext] Well known directory 'Work': 'C:\ESP32_Wrover\ebesoh_esp32_wrover_projects\actions-runner\_work'
[2026-01-24 01:11:08Z INFO HostContext] Well known directory 'Actions': 'C:\ESP32_Wrover\ebesoh_esp32_wrover_projects\actions-runner\_work\_actions'
[2026-01-24 01:11:08Z INFO ActionManifestManagerLegacy] Ignore action property author.
[2026-01-24 01:11:08Z INFO ActionManifestManagerLegacy] Loaded action.yml file: {
  "name": "Upload a Build Artifact",
  "description": "Upload a build artifact that can be used by subsequent workflow steps",
  "inputs": {
    "type": 2,
    "map": [
      {
        "key": {
          "type": 0,
          "file": 2,
          "line": 5,
          "col": 3,
          "lit": "name"
        },
        "value": {
          "type": 0,
          "file": 2,
          "line": 7,
          "col": 14,
          "lit": "artifact"
        }
      },
      {
        "key": {
          "type": 0,
          "file": 2,
          "line": 8,
          "col": 3,
          "lit": "path"
        },
        "value": ""
      },
      {
        "key": {
          "type": 0,
          "file": 2,
          "line": 11,
          "col": 3,
          "lit": "if-no-files-found"
        },
        "value": {
          "type": 0,
          "file": 2,
          "line": 19,
          "col": 14,
          "lit": "warn"
        }
      },
      {
        "key": {
          "type": 0,
          "file": 2,
          "line": 20,
          "col": 3,
          "lit": "retention-days"
        },
        "value": ""
      },
      {
        "key": {
          "type": 0,
          "file": 2,
          "line": 26,
          "col": 3,
          "lit": "compression-level"
        },
        "value": {
          "type": 0,
          "file": 2,
          "line": 36,
          "col": 14,
          "lit": "6"
        }
      },
      {
        "key": {
          "type": 0,
          "file": 2,
          "line": 37,
          "col": 3,
          "lit": "overwrite"
        },
        "value": {
          "type": 0,
          "file": 2,
          "line": 42,
          "col": 14,
          "lit": "false"
        }
      },
      {
        "key": {
          "type": 0,
          "file": 2,
          "line": 43,
          "col": 3,
          "lit": "include-hidden-files"
        },
        "value": {
          "type": 0,
          "file": 2,
          "line": 47,
          "col": 14,
          "lit": "false"
        }
      }
    ]
  },
  "execution": {
    "executionType": "nodeJS",
    "hasPre": false,
    "hasPost": false,
    "script": "dist/upload/index.js",
    "pre": null,
    "post": null,
    "nodeVersion": "node20",
    "cleanupCondition": "always()",
    "initCondition": "always()"
  },
  "deprecated": null
}
[2026-01-24 01:11:08Z INFO ActionManager] Action pre node.js file: N/A.
[2026-01-24 01:11:08Z INFO ActionManager] Action node.js file: dist/upload/index.js.
[2026-01-24 01:11:08Z INFO ActionManager] Action post node.js file: N/A.
[2026-01-24 01:11:08Z INFO HostContext] Well known directory 'Bin': 'C:\ESP32_Wrover\ebesoh_esp32_wrover_projects\actions-runner\bin'
[2026-01-24 01:11:08Z INFO HostContext] Well known directory 'Root': 'C:\ESP32_Wrover\ebesoh_esp32_wrover_projects\actions-runner'
[2026-01-24 01:11:08Z INFO HostContext] Well known directory 'Work': 'C:\ESP32_Wrover\ebesoh_esp32_wrover_projects\actions-runner\_work'
[2026-01-24 01:11:08Z INFO HostContext] Well known directory 'Temp': 'C:\ESP32_Wrover\ebesoh_esp32_wrover_projects\actions-runner\_work\_temp'
[2026-01-24 01:11:08Z INFO ExecutionContext] Write event payload to C:\ESP32_Wrover\ebesoh_esp32_wrover_projects\actions-runner\_work\_temp\_github_workflow\event.json
[2026-01-24 01:11:08Z INFO HostContext] Well known directory 'Bin': 'C:\ESP32_Wrover\ebesoh_esp32_wrover_projects\actions-runner\bin'
[2026-01-24 01:11:08Z INFO HostContext] Well known directory 'Root': 'C:\ESP32_Wrover\ebesoh_esp32_wrover_projects\actions-runner'
[2026-01-24 01:11:08Z INFO HostContext] Well known directory 'Work': 'C:\ESP32_Wrover\ebesoh_esp32_wrover_projects\actions-runner\_work'
[2026-01-24 01:11:08Z INFO HostContext] Well known directory 'Temp': 'C:\ESP32_Wrover\ebesoh_esp32_wrover_projects\actions-runner\_work\_temp'
[2026-01-24 01:11:08Z INFO ExtensionManager] Getting extensions for interface: 'GitHub.Runner.Worker.IFileCommandExtension'
[2026-01-24 01:11:08Z INFO ActionManifestManagerLegacy] Input 'if-no-files-found': default value evaluate result: {
  "type": 0,
  "file": 2,
  "line": 19,
  "col": 14,
  "lit": "warn"
}
[2026-01-24 01:11:08Z INFO ActionManifestManagerLegacy] Input 'retention-days': default value evaluate result: ""
[2026-01-24 01:11:08Z INFO ActionManifestManagerLegacy] Input 'compression-level': default value evaluate result: {
  "type": 0,
  "file": 2,
  "line": 36,
  "col": 14,
  "lit": "6"
}
[2026-01-24 01:11:08Z INFO ActionManifestManagerLegacy] Input 'overwrite': default value evaluate result: {
  "type": 0,
  "file": 2,
  "line": 42,
  "col": 14,
  "lit": "false"
}
[2026-01-24 01:11:08Z INFO ActionManifestManagerLegacy] Input 'include-hidden-files': default value evaluate result: {
  "type": 0,
  "file": 2,
  "line": 47,
  "col": 14,
  "lit": "false"
}
[2026-01-24 01:11:08Z INFO ExtensionManager] Getting extensions for interface: 'GitHub.Runner.Worker.IActionCommandExtension'
[2026-01-24 01:11:08Z INFO ActionCommandManager] Register action command extension for command internal-set-repo-path
[2026-01-24 01:11:08Z INFO ActionCommandManager] Register action command extension for command set-env
[2026-01-24 01:11:08Z INFO ActionCommandManager] Register action command extension for command set-output
[2026-01-24 01:11:08Z INFO ActionCommandManager] Register action command extension for command save-state
[2026-01-24 01:11:08Z INFO ActionCommandManager] Register action command extension for command add-path
[2026-01-24 01:11:08Z INFO ActionCommandManager] Register action command extension for command add-mask
[2026-01-24 01:11:08Z INFO ActionCommandManager] Register action command extension for command add-matcher
[2026-01-24 01:11:08Z INFO ActionCommandManager] Register action command extension for command remove-matcher
[2026-01-24 01:11:08Z INFO ActionCommandManager] Register action command extension for command warning
[2026-01-24 01:11:08Z INFO ActionCommandManager] Register action command extension for command error
[2026-01-24 01:11:08Z INFO ActionCommandManager] Register action command extension for command notice
[2026-01-24 01:11:08Z INFO ActionCommandManager] Register action command extension for command debug
[2026-01-24 01:11:08Z INFO ActionCommandManager] Register action command extension for command group
[2026-01-24 01:11:08Z INFO ActionCommandManager] Register action command extension for command endgroup
[2026-01-24 01:11:08Z INFO ActionCommandManager] Register action command extension for command echo
[2026-01-24 01:11:08Z INFO HostContext] Well known directory 'Bin': 'C:\ESP32_Wrover\ebesoh_esp32_wrover_projects\actions-runner\bin'
[2026-01-24 01:11:08Z INFO HostContext] Well known directory 'Root': 'C:\ESP32_Wrover\ebesoh_esp32_wrover_projects\actions-runner'
[2026-01-24 01:11:08Z INFO HostContext] Well known directory 'Externals': 'C:\ESP32_Wrover\ebesoh_esp32_wrover_projects\actions-runner\externals'
[2026-01-24 01:11:08Z INFO ProcessInvokerWrapper] Starting process:
[2026-01-24 01:11:08Z INFO ProcessInvokerWrapper]   File name: 'C:\ESP32_Wrover\ebesoh_esp32_wrover_projects\actions-runner\externals\node20\bin\node.exe'
[2026-01-24 01:11:08Z INFO ProcessInvokerWrapper]   Arguments: '"C:\ESP32_Wrover\ebesoh_esp32_wrover_projects\actions-runner\_work\_actions\actions\upload-artifact\v4\dist/upload/index.js"'
[2026-01-24 01:11:08Z INFO ProcessInvokerWrapper]   Working directory: 'C:\ESP32_Wrover\ebesoh_esp32_wrover_projects\actions-runner\_work\ebesoh_esp32_wrover_projects\ebesoh_esp32_wrover_projects'
[2026-01-24 01:11:08Z INFO ProcessInvokerWrapper]   Require exit code zero: 'False'
[2026-01-24 01:11:08Z INFO ProcessInvokerWrapper]   Encoding web name: utf-8 ; code page: '65001'
[2026-01-24 01:11:08Z INFO ProcessInvokerWrapper]   Force kill process on cancellation: 'False'
[2026-01-24 01:11:08Z INFO ProcessInvokerWrapper]   Redirected STDIN: 'False'
[2026-01-24 01:11:08Z INFO ProcessInvokerWrapper]   Persist current code page: 'True'
[2026-01-24 01:11:08Z INFO ProcessInvokerWrapper]   Keep redirected STDIN open: 'False'
[2026-01-24 01:11:08Z INFO ProcessInvokerWrapper]   High priority process: 'False'
[2026-01-24 01:11:08Z INFO ProcessInvokerWrapper] Process started with process id 17656, waiting for process exit.
[2026-01-24 01:11:08Z INFO JobServerQueue] Try to append 1 batches web console lines for record 'b7a97b13-f56f-4992-93b7-c3be2f7cdc39', success rate: 1/1.
[2026-01-24 01:11:08Z INFO JobServerQueue] Try to append 1 batches web console lines for record '47e384bf-739f-4b70-8371-cdcbd89643a5', success rate: 1/1.
[2026-01-24 01:11:08Z INFO JobServerQueue] Try to upload 1 log files or attachments, success rate: 1/1.
[2026-01-24 01:11:08Z INFO JobServerQueue] Try to append 1 batches web console lines for record '47e384bf-739f-4b70-8371-cdcbd89643a5', success rate: 1/1.
[2026-01-24 01:11:09Z INFO AddMaskCommandExtension] Add new secret mask with length of 44
[2026-01-24 01:11:09Z INFO AddMaskCommandExtension] Add new secret mask with length of 50
[2026-01-24 01:11:09Z INFO JobServerQueue] Got a step log file to send to results service.
[2026-01-24 01:11:09Z INFO JobServerQueue] Starting upload of step log file to results service ResultsLog, C:\ESP32_Wrover\ebesoh_esp32_wrover_projects\actions-runner\_diag\blocks\0b62620b-2bba-4903-880f-1587cc8ebc57_b7a97b13-f56f-4992-93b7-c3be2f7cdc39.1
[2026-01-24 01:11:09Z INFO JobServerQueue] Try to append 1 batches web console lines for record '47e384bf-739f-4b70-8371-cdcbd89643a5', success rate: 1/1.
[2026-01-24 01:11:09Z INFO JobServerQueue] Tried to upload 1 file(s) to results, success rate: 1/1.
[2026-01-24 01:11:09Z INFO JobServerQueue] Try to append 1 batches web console lines for record '47e384bf-739f-4b70-8371-cdcbd89643a5', success rate: 1/1.
[2026-01-24 01:11:09Z INFO JobServerQueue] Try to append 1 batches web console lines for record '47e384bf-739f-4b70-8371-cdcbd89643a5', success rate: 1/1.
[2026-01-24 01:11:09Z INFO ProcessInvokerWrapper] STDOUT/STDERR stream read finished.
[2026-01-24 01:11:09Z INFO ProcessInvokerWrapper] STDOUT/STDERR stream read finished.
[2026-01-24 01:11:09Z INFO ProcessInvokerWrapper] Finished process 17656 with exit code 0, and elapsed time 00:00:01.6598806.
[2026-01-24 01:11:09Z INFO CreateStepSummaryCommand] Step Summary file (C:\ESP32_Wrover\ebesoh_esp32_wrover_projects\actions-runner\_work\_temp\_runner_file_commands\step_summary_4350acb3-9229-47a6-beac-9caafc65a82a) is empty; skipping attachment upload
[2026-01-24 01:11:09Z INFO StepsRunner] Step result: 
[2026-01-24 01:11:09Z INFO ExecutionContext] Publish step telemetry for current step {
  "action": "actions/upload-artifact",
  "ref": "v4",
  "type": "node20",
  "stage": "Main",
  "stepId": "47e384bf-739f-4b70-8371-cdcbd89643a5",
  "stepContextName": "__actions_upload-artifact",
  "hasPreStep": false,
  "hasPostStep": false,
  "result": "succeeded",
  "errorMessages": [],
  "executionTimeInSeconds": 2,
  "startTime": "2026-01-24T01:11:08.2721517Z",
  "finishTime": "2026-01-24T01:11:09.981822Z"
}.
[2026-01-24 01:11:09Z INFO StepsRunner] No need for updating job result with current step result 'Succeeded'.
[2026-01-24 01:11:09Z INFO StepsRunner] Current state: job state = 'Failed'
[2026-01-24 01:11:09Z INFO JobRunner] Finalize job.
[2026-01-24 01:11:09Z INFO HostContext] Well known directory 'Bin': 'C:\ESP32_Wrover\ebesoh_esp32_wrover_projects\actions-runner\bin'
[2026-01-24 01:11:09Z INFO HostContext] Well known directory 'Root': 'C:\ESP32_Wrover\ebesoh_esp32_wrover_projects\actions-runner'
[2026-01-24 01:11:09Z INFO HostContext] Well known directory 'Diag': 'C:\ESP32_Wrover\ebesoh_esp32_wrover_projects\actions-runner\_diag'
[2026-01-24 01:11:09Z INFO HostContext] Well known directory 'Bin': 'C:\ESP32_Wrover\ebesoh_esp32_wrover_projects\actions-runner\bin'
[2026-01-24 01:11:09Z INFO HostContext] Well known directory 'Root': 'C:\ESP32_Wrover\ebesoh_esp32_wrover_projects\actions-runner'
[2026-01-24 01:11:09Z INFO HostContext] Well known directory 'Diag': 'C:\ESP32_Wrover\ebesoh_esp32_wrover_projects\actions-runner\_diag'
[2026-01-24 01:11:09Z INFO JobExtension] Initialize Env context
[2026-01-24 01:11:09Z INFO JobExtension] Initialize steps context
[2026-01-24 01:11:09Z INFO JobExtension] Total accessible running process: 367.
[2026-01-24 01:11:10Z INFO JobExtension] Wait for all connectivity checks to finish.
[2026-01-24 01:11:10Z INFO JobExtension] Connectivity check result: GitHub.Runner.Worker.JobExtension+CheckResult
[2026-01-24 01:11:10Z INFO JobExtension] Connectivity check result: GitHub.Runner.Worker.JobExtension+CheckResult
[2026-01-24 01:11:10Z INFO ExecutionContext] Publish step telemetry for current step {
  "action": "complete_job",
  "type": "runner",
  "stage": "Post",
  "stepId": "6f492796-7a33-488b-ab55-d38e89165520",
  "result": "succeeded",
  "errorMessages": [],
  "executionTimeInSeconds": 1,
  "startTime": "2026-01-24T01:11:09.9865438Z",
  "finishTime": "2026-01-24T01:11:10.0064561Z"
}.
[2026-01-24 01:11:10Z INFO JobRunner] Job result after all job steps finish: Failed
[2026-01-24 01:11:10Z INFO JobRunner] Completing the job execution context.
[2026-01-24 01:11:10Z INFO JobRunner] Shutting down the job server queue.
[2026-01-24 01:11:10Z INFO JobServerQueue] Fire signal to shutdown all queues.
[2026-01-24 01:11:10Z INFO JobServerQueue] All queue process task stopped.
[2026-01-24 01:11:10Z INFO JobServerQueue] Try to append 1 batches web console lines for record '47e384bf-739f-4b70-8371-cdcbd89643a5', success rate: 1/1.
[2026-01-24 01:11:10Z INFO JobServerQueue] Try to append 1 batches web console lines for record '6f492796-7a33-488b-ab55-d38e89165520', success rate: 1/1.
[2026-01-24 01:11:10Z INFO JobServerQueue] Web console line queue drained.
[2026-01-24 01:11:10Z INFO JobServerQueue] Uploading 3 files in one shot.
[2026-01-24 01:11:10Z INFO JobServerQueue] Try to upload 3 log files or attachments, success rate: 3/3.
[2026-01-24 01:11:10Z INFO JobServerQueue] File upload queue drained.
[2026-01-24 01:11:10Z INFO JobServerQueue] Starting results-based upload queue...
[2026-01-24 01:11:10Z INFO JobServerQueue] Uploading 3 file(s) in one shot through results service.
[2026-01-24 01:11:10Z INFO JobServerQueue] Got a step log file to send to results service.
[2026-01-24 01:11:10Z INFO JobServerQueue] Starting upload of step log file to results service ResultsLog, C:\ESP32_Wrover\ebesoh_esp32_wrover_projects\actions-runner\_diag\blocks\0b62620b-2bba-4903-880f-1587cc8ebc57_47e384bf-739f-4b70-8371-cdcbd89643a5.1
[2026-01-24 01:11:10Z INFO JobServerQueue] Got a step log file to send to results service.
[2026-01-24 01:11:10Z INFO JobServerQueue] Starting upload of step log file to results service ResultsLog, C:\ESP32_Wrover\ebesoh_esp32_wrover_projects\actions-runner\_diag\blocks\0b62620b-2bba-4903-880f-1587cc8ebc57_6f492796-7a33-488b-ab55-d38e89165520.1
[2026-01-24 01:11:11Z INFO JobServerQueue] Got a job log file to send to results service.
[2026-01-24 01:11:11Z INFO JobServerQueue] Starting upload of job log file to results service ResultsLog, C:\ESP32_Wrover\ebesoh_esp32_wrover_projects\actions-runner\_diag\blocks\0b62620b-2bba-4903-880f-1587cc8ebc57_dfebf173-63e1-554c-9183-bda96f53ea4d.1
[2026-01-24 01:11:11Z INFO JobServerQueue] Tried to upload 3 file(s) to results, success rate: 3/3.
[2026-01-24 01:11:11Z INFO JobServerQueue] Results upload queue drained.
[2026-01-24 01:11:11Z INFO JobServerQueue] Timeline update queue drained.
[2026-01-24 01:11:11Z INFO JobServerQueue] Disposing job server ...
[2026-01-24 01:11:11Z INFO JobServerQueue] Disposing results server ...
[2026-01-24 01:11:11Z INFO JobServerQueue] All queue process tasks have been stopped, and all queues are drained.
[2026-01-24 01:11:11Z INFO TempDirectoryManager] Cleaning runner temp folder: C:\ESP32_Wrover\ebesoh_esp32_wrover_projects\actions-runner\_work\_temp
[2026-01-24 01:11:11Z INFO HostContext] Well known directory 'Bin': 'C:\ESP32_Wrover\ebesoh_esp32_wrover_projects\actions-runner\bin'
[2026-01-24 01:11:11Z INFO HostContext] Well known directory 'Root': 'C:\ESP32_Wrover\ebesoh_esp32_wrover_projects\actions-runner'
[2026-01-24 01:11:11Z INFO HostContext] Well known directory 'Diag': 'C:\ESP32_Wrover\ebesoh_esp32_wrover_projects\actions-runner\_diag'
[2026-01-24 01:11:11Z INFO HostContext] Well known config file 'Telemetry': 'C:\ESP32_Wrover\ebesoh_esp32_wrover_projects\actions-runner\_diag\.telemetry'
[2026-01-24 01:11:11Z INFO JobRunner] Raising job completed against run service
[2026-01-24 01:11:12Z INFO Worker] Job completed.
