[2026-01-24 02:07:48Z INFO HostContext] No proxy settings were found based on environmental variables (http_proxy/https_proxy/HTTP_PROXY/HTTPS_PROXY)
[2026-01-24 02:07:48Z INFO HostContext] Well known directory 'Bin': 'C:\ESP32_Wrover\ebesoh_esp32_wrover_projects\actions-runner\bin'
[2026-01-24 02:07:48Z INFO HostContext] Well known directory 'Root': 'C:\ESP32_Wrover\ebesoh_esp32_wrover_projects\actions-runner'
[2026-01-24 02:07:48Z INFO HostContext] Well known config file 'Credentials': 'C:\ESP32_Wrover\ebesoh_esp32_wrover_projects\actions-runner\.credentials'
[2026-01-24 02:07:48Z INFO HostContext] Well known directory 'Bin': 'C:\ESP32_Wrover\ebesoh_esp32_wrover_projects\actions-runner\bin'
[2026-01-24 02:07:48Z INFO HostContext] Well known directory 'Root': 'C:\ESP32_Wrover\ebesoh_esp32_wrover_projects\actions-runner'
[2026-01-24 02:07:48Z INFO HostContext] Well known config file 'Runner': 'C:\ESP32_Wrover\ebesoh_esp32_wrover_projects\actions-runner\.runner'
[2026-01-24 02:07:48Z INFO Worker] Version: 2.331.0
[2026-01-24 02:07:48Z INFO Worker] Commit: 39f6c643d3032f8795fa71f1482731ca90c8e038
[2026-01-24 02:07:48Z INFO Worker] Culture: en-US
[2026-01-24 02:07:48Z INFO Worker] UI Culture: en-US
[2026-01-24 02:07:48Z INFO Worker] Waiting to receive the job message from the channel.
[2026-01-24 02:07:48Z INFO ProcessChannel] Receiving message of length 20253, with hash '541bb86f4e479da7357921ac9f31813e9c2f7d314031ad2a46d1adb1358b5fe0'
[2026-01-24 02:07:48Z INFO Worker] Message received.
[2026-01-24 02:07:48Z INFO Worker] Job message:
 {
  "environmentVariables": [
    {
      "type": 2,
      "file": 1,
      "line": 16,
      "col": 3,
      "map": [
        {
          "key": {
            "type": 0,
            "file": 1,
            "line": 16,
            "col": 3,
            "lit": "ESP_PORT"
          },
          "value": {
            "type": 0,
            "file": 1,
            "line": 16,
            "col": 13,
            "lit": "COM5"
          }
        },
        {
          "key": {
            "type": 0,
            "file": 1,
            "line": 17,
            "col": 3,
            "lit": "FIRMWARE"
          },
          "value": {
            "type": 0,
            "file": 1,
            "line": 17,
            "col": 13,
            "lit": "firmware/ESP32_GENERIC-SPIRAM-20251209-v1.27.0.bin"
          }
        },
        {
          "key": {
            "type": 0,
            "file": 1,
            "line": 18,
            "col": 3,
            "lit": "PYTHONUNBUFFERED"
          },
          "value": {
            "type": 0,
            "file": 1,
            "line": 18,
            "col": 21,
            "lit": "1"
          }
        }
      ]
    }
  ],
  "fileTable": [
    ".github/workflows/esp32-ci.yml"
  ],
  "mask": [
    {
      "type": "regex",
      "value": "***"
    },
    {
      "type": "regex",
      "value": "***"
    },
    {
      "type": "regex",
      "value": "***"
    },
    {
      "type": "regex",
      "value": "***"
    },
    {
      "type": "regex",
      "value": "***"
    },
    {
      "type": "regex",
      "value": "***"
    },
    {
      "type": "regex",
      "value": "***"
    },
    {
      "type": "regex",
      "value": "***"
    },
    {
      "type": "regex",
      "value": "***"
    },
    {
      "type": "regex",
      "value": "***"
    },
    {
      "type": "regex",
      "value": "***"
    },
    {
      "type": "regex",
      "value": "***"
    },
    {
      "type": "regex",
      "value": "***"
    },
    {
      "type": "regex",
      "value": "***"
    },
    {
      "type": "regex",
      "value": "***"
    },
    {
      "type": "regex",
      "value": "***"
    },
    {
      "type": "regex",
      "value": "***"
    },
    {
      "type": "regex",
      "value": "***"
    }
  ],
  "steps": [
    {
      "type": "action",
      "reference": {
        "type": "script"
      },
      "displayNameToken": {
        "type": 0,
        "file": 1,
        "line": 163,
        "col": 15,
        "lit": "Evaluate results"
      },
      "contextName": "__run",
      "inputs": {
        "type": 2,
        "map": [
          {
            "key": "script",
            "value": {
              "type": 3,
              "file": 1,
              "line": 165,
              "col": 14,
              "expr": "format('if \"{0}\"==\"failure\" exit /b 1\necho ALL TEST SUITES PASSED\n', needs.hardware-tests.result)"
            }
          },
          {
            "key": "shell",
            "value": {
              "type": 0,
              "file": 1,
              "line": 164,
              "col": 16,
              "lit": "cmd"
            }
          }
        ]
      },
      "condition": "success()",
      "id": "02e3a77d-92e1-4da2-a399-b5b290f4ca61",
      "name": "__run"
    }
  ],
  "variables": {
    "Actions.EnableHttpRedirects": {
      "value": "true"
    },
    "DistributedTask.AddWarningToNode12Action": {
      "value": "true"
    },
    "DistributedTask.AddWarningToNode16Action": {
      "value": "true"
    },
    "DistributedTask.AllowRunnerContainerHooks": {
      "value": "true"
    },
    "DistributedTask.DeprecateStepOutputCommands": {
      "value": "true"
    },
    "DistributedTask.DetailUntarFailure": {
      "value": "true"
    },
    "DistributedTask.EnableCompositeActions": {
      "value": "true"
    },
    "DistributedTask.EnableJobServerQueueTelemetry": {
      "value": "true"
    },
    "DistributedTask.EnhancedAnnotations": {
      "value": "true"
    },
    "DistributedTask.ForceGithubJavascriptActionsToNode16": {
      "value": "true"
    },
    "DistributedTask.ForceGithubJavascriptActionsToNode20": {
      "value": "true"
    },
    "DistributedTask.LogTemplateErrorsAsDebugMessages": {
      "value": "true"
    },
    "DistributedTask.MarkJobAsFailedOnWorkerCrash": {
      "value": "true"
    },
    "DistributedTask.NewActionMetadata": {
      "value": "true"
    },
    "DistributedTask.UploadStepSummary": {
      "value": "true"
    },
    "DistributedTask.UseActionArchiveCache": {
      "value": "true"
    },
    "DistributedTask.UseWhich2": {
      "value": "true"
    },
    "RunService.FixEmbeddedIssues": {
      "value": "true"
    },
    "actions_add_check_run_id_to_job_context": {
      "value": "true"
    },
    "actions_container_action_runner_temp": {
      "value": "true"
    },
    "actions_display_helpful_actions_download_errors": {
      "value": "true"
    },
    "actions_runner_compare_workflow_parser": {
      "value": "false"
    },
    "actions_set_orchestration_id_env_for_actions": {
      "value": "false"
    },
    "actions_skip_retry_complete_job_upon_known_errors": {
      "value": "true"
    },
    "actions_uses_cache_service_v2": {
      "value": "true"
    },
    "github_token": {
      "value": "***",
      "isSecret": true
    },
    "system.from_run_service": {
      "value": "true"
    },
    "system.github.job": {
      "value": "final-verdict"
    },
    "system.github.launch_endpoint": {
      "value": "https://launch.actions.githubusercontent.com"
    },
    "system.github.results_endpoint": {
      "value": "https://results-receiver.actions.githubusercontent.com/"
    },
    "system.github.results_upload_with_sdk": {
      "value": "true"
    },
    "system.github.token": {
      "value": "***",
      "isSecret": true
    },
    "system.github.token.permissions": {
      "value": "{\"Contents\":\"read\",\"Metadata\":\"read\",\"Packages\":\"read\"}"
    },
    "system.orchestrationId": {
      "value": "892ae9d8-c0e3-4fbd-a48f-8c853e1ce123.final-verdict.__default"
    },
    "system.phaseDisplayName": {
      "value": "Final CI Verdict"
    },
    "system.runner.lowdiskspacethreshold": {
      "value": "100"
    },
    "system.runnerEnvironment": {
      "value": "self-hosted"
    },
    "system.runnerGroupName": {
      "value": "Default"
    }
  },
  "messageType": "RunnerJobRequest",
  "plan": {
    "scopeIdentifier": "00000000-0000-0000-0000-000000000000",
    "planType": "actions",
    "version": 0,
    "planId": "892ae9d8-c0e3-4fbd-a48f-8c853e1ce123",
    "planGroup": null,
    "artifactUri": null,
    "artifactLocation": null,
    "definition": null,
    "owner": null
  },
  "timeline": {
    "id": "892ae9d8-c0e3-4fbd-a48f-8c853e1ce123",
    "changeId": 0,
    "location": null
  },
  "jobId": "096a3938-2175-5290-a441-5a7ee718ca89",
  "jobDisplayName": "Final CI Verdict",
  "jobName": "__default",
  "requestId": 0,
  "lockedUntil": "0001-01-01T00:00:00",
  "resources": {
    "endpoints": [
      {
        "data": {
          "ServerId": "",
          "ServerName": "",
          "CacheServerUrl": "https://artifactcache.actions.githubusercontent.com/34JA5Uwd79UWO7O3EL9bnmESHaWSbMRpXIKH2Ha9fSKf2CpyCy/",
          "FeedStreamUrl": "wss://results-receiver.actions.githubusercontent.com/_ws/ingest.sock",
          "ResultsServiceUrl": "https://results-receiver.actions.githubusercontent.com/",
          "PipelinesServiceUrl": "https://pipelinesghubeus2.actions.githubusercontent.com/34JA5Uwd79UWO7O3EL9bnmESHaWSbMRpXIKH2Ha9fSKf2CpyCy/",
          "GenerateIdTokenUrl": "",
          "ConnectivityChecks": "[\"https://broker.actions.githubusercontent.com/health\",\"https://token.actions.githubusercontent.com/ready\"]"
        },
        "name": "SystemVssConnection",
        "url": "https://run-actions-3-azure-eastus.actions.githubusercontent.com/176/",
        "authorization": {
          "parameters": {
            "AccessToken": "***"
          },
          "scheme": "OAuth"
        },
        "isShared": false,
        "isReady": true
      }
    ]
  },
  "contextData": {
    "github": {
      "t": 2,
      "d": [
        {
          "k": "ref",
          "v": "refs/heads/main"
        },
        {
          "k": "sha",
          "v": "3363913159ffb5a644d8f113cf9a1344fd6a8828"
        },
        {
          "k": "repository",
          "v": "Ebesoh/ebesoh_esp32_wrover_projects"
        },
        {
          "k": "repository_owner",
          "v": "Ebesoh"
        },
        {
          "k": "repository_owner_id",
          "v": "98786507"
        },
        {
          "k": "repositoryUrl",
          "v": "git://github.com/Ebesoh/ebesoh_esp32_wrover_projects.git"
        },
        {
          "k": "run_id",
          "v": "21307211213"
        },
        {
          "k": "run_number",
          "v": "34"
        },
        {
          "k": "retention_days",
          "v": "90"
        },
        {
          "k": "run_attempt",
          "v": "1"
        },
        {
          "k": "artifact_cache_size_limit",
          "v": "10"
        },
        {
          "k": "repository_visibility",
          "v": "public"
        },
        {
          "k": "actor_id",
          "v": "98786507"
        },
        {
          "k": "actor",
          "v": "Ebesoh"
        },
        {
          "k": "workflow",
          "v": "ESP32 Hardware Testing"
        },
        {
          "k": "head_ref",
          "v": ""
        },
        {
          "k": "base_ref",
          "v": ""
        },
        {
          "k": "event_name",
          "v": "push"
        },
        {
          "k": "server_url",
          "v": "https://github.com"
        },
        {
          "k": "api_url",
          "v": "https://api.github.com"
        },
        {
          "k": "graphql_url",
          "v": "https://api.github.com/graphql"
        },
        {
          "k": "ref_name",
          "v": "main"
        },
        {
          "k": "ref_protected",
          "v": false
        },
        {
          "k": "ref_type",
          "v": "branch"
        },
        {
          "k": "secret_source",
          "v": "Actions"
        },
        {
          "k": "event",
          "v": {
            "t": 2,
            "d": [
              {
                "k": "after",
                "v": "3363913159ffb5a644d8f113cf9a1344fd6a8828"
              },
              {
                "k": "base_ref",
                "v": null
              },
              {
                "k": "before",
                "v": "81fc5ae024a9c9c7c730527a885d36f1c5ee9ed7"
              },
              {
                "k": "commits",
                "v": {
                  "t": 1,
                  "a": [
                    {
                      "t": 2,
                      "d": [
                        {
                          "k": "author",
                          "v": {
                            "t": 2,
                            "d": [
                              {
                                "k": "email",
                                "v": "98786507+Ebesoh@users.noreply.github.com"
                              },
                              {
                                "k": "name",
                                "v": "Ebesoh"
                              },
                              {
                                "k": "username",
                                "v": "Ebesoh"
                              }
                            ]
                          }
                        },
                        {
                          "k": "committer",
                          "v": {
                            "t": 2,
                            "d": [
                              {
                                "k": "email",
                                "v": "noreply@github.com"
                              },
                              {
                                "k": "name",
                                "v": "GitHub"
                              },
                              {
                                "k": "username",
                                "v": "web-flow"
                              }
                            ]
                          }
                        },
                        {
                          "k": "distinct",
                          "v": true
                        },
                        {
                          "k": "id",
                          "v": "3363913159ffb5a644d8f113cf9a1344fd6a8828"
                        },
                        {
                          "k": "message",
                          "v": "Remove continue-on-error for Bluetooth tests\n\nRemoved continue-on-error option for Bluetooth tests."
                        },
                        {
                          "k": "timestamp",
                          "v": "2026-01-24T02:58:07+01:00"
                        },
                        {
                          "k": "tree_id",
                          "v": "f88469a5736210beacdaeb6d8398aa723b0c73c3"
                        },
                        {
                          "k": "url",
                          "v": "https://github.com/Ebesoh/ebesoh_esp32_wrover_projects/commit/3363913159ffb5a644d8f113cf9a1344fd6a8828"
                        }
                      ]
                    }
                  ]
                }
              },
              {
                "k": "compare",
                "v": "https://github.com/Ebesoh/ebesoh_esp32_wrover_projects/compare/81fc5ae024a9...3363913159ff"
              },
              {
                "k": "created",
                "v": false
              },
              {
                "k": "deleted",
                "v": false
              },
              {
                "k": "forced",
                "v": false
              },
              {
                "k": "head_commit",
                "v": {
                  "t": 2,
                  "d": [
                    {
                      "k": "author",
                      "v": {
                        "t": 2,
                        "d": [
                          {
                            "k": "email",
                            "v": "98786507+Ebesoh@users.noreply.github.com"
                          },
                          {
                            "k": "name",
                            "v": "Ebesoh"
                          },
                          {
                            "k": "username",
                            "v": "Ebesoh"
                          }
                        ]
                      }
                    },
                    {
                      "k": "committer",
                      "v": {
                        "t": 2,
                        "d": [
                          {
                            "k": "email",
                            "v": "noreply@github.com"
                          },
                          {
                            "k": "name",
                            "v": "GitHub"
                          },
                          {
                            "k": "username",
                            "v": "web-flow"
                          }
                        ]
                      }
                    },
                    {
                      "k": "distinct",
                      "v": true
                    },
                    {
                      "k": "id",
                      "v": "3363913159ffb5a644d8f113cf9a1344fd6a8828"
                    },
                    {
                      "k": "message",
                      "v": "Remove continue-on-error for Bluetooth tests\n\nRemoved continue-on-error option for Bluetooth tests."
                    },
                    {
                      "k": "timestamp",
                      "v": "2026-01-24T02:58:07+01:00"
                    },
                    {
                      "k": "tree_id",
                      "v": "f88469a5736210beacdaeb6d8398aa723b0c73c3"
                    },
                    {
                      "k": "url",
                      "v": "https://github.com/Ebesoh/ebesoh_esp32_wrover_projects/commit/3363913159ffb5a644d8f113cf9a1344fd6a8828"
                    }
                  ]
                }
              },
              {
                "k": "pusher",
                "v": {
                  "t": 2,
                  "d": [
                    {
                      "k": "email",
                      "v": "98786507+Ebesoh@users.noreply.github.com"
                    },
                    {
                      "k": "name",
                      "v": "Ebesoh"
                    }
                  ]
                }
              },
              {
                "k": "ref",
                "v": "refs/heads/main"
              },
              {
                "k": "repository",
                "v": {
                  "t": 2,
                  "d": [
                    {
                      "k": "allow_forking",
                      "v": true
                    },
                    {
                      "k": "archive_url",
                      "v": "https://api.github.com/repos/Ebesoh/ebesoh_esp32_wrover_projects/{archive_format}{/ref}"
                    },
                    {
                      "k": "archived",
                      "v": false
                    },
                    {
                      "k": "assignees_url",
                      "v": "https://api.github.com/repos/Ebesoh/ebesoh_esp32_wrover_projects/assignees{/user}"
                    },
                    {
                      "k": "blobs_url",
                      "v": "https://api.github.com/repos/Ebesoh/ebesoh_esp32_wrover_projects/git/blobs{/sha}"
                    },
                    {
                      "k": "branches_url",
                      "v": "https://api.github.com/repos/Ebesoh/ebesoh_esp32_wrover_projects/branches{/branch}"
                    },
                    {
                      "k": "clone_url",
                      "v": "https://github.com/Ebesoh/ebesoh_esp32_wrover_projects.git"
                    },
                    {
                      "k": "collaborators_url",
                      "v": "https://api.github.com/repos/Ebesoh/ebesoh_esp32_wrover_projects/collaborators{/collaborator}"
                    },
                    {
                      "k": "comments_url",
                      "v": "https://api.github.com/repos/Ebesoh/ebesoh_esp32_wrover_projects/comments{/number}"
                    },
                    {
                      "k": "commits_url",
                      "v": "https://api.github.com/repos/Ebesoh/ebesoh_esp32_wrover_projects/commits{/sha}"
                    },
                    {
                      "k": "compare_url",
                      "v": "https://api.github.com/repos/Ebesoh/ebesoh_esp32_wrover_projects/compare/{base}...{head}"
                    },
                    {
                      "k": "contents_url",
                      "v": "https://api.github.com/repos/Ebesoh/ebesoh_esp32_wrover_projects/contents/{+path}"
                    },
                    {
                      "k": "contributors_url",
                      "v": "https://api.github.com/repos/Ebesoh/ebesoh_esp32_wrover_projects/contributors"
                    },
                    {
                      "k": "created_at",
                      "v": 1769125078.0
                    },
                    {
                      "k": "default_branch",
                      "v": "main"
                    },
                    {
                      "k": "deployments_url",
                      "v": "https://api.github.com/repos/Ebesoh/ebesoh_esp32_wrover_projects/deployments"
                    },
                    {
                      "k": "description",
                      "v": "esp32 wrover projects created by ebesoh "
                    },
                    {
                      "k": "disabled",
                      "v": false
                    },
                    {
                      "k": "downloads_url",
                      "v": "https://api.github.com/repos/Ebesoh/ebesoh_esp32_wrover_projects/downloads"
                    },
                    {
                      "k": "events_url",
                      "v": "https://api.github.com/repos/Ebesoh/ebesoh_esp32_wrover_projects/events"
                    },
                    {
                      "k": "fork",
                      "v": false
                    },
                    {
                      "k": "forks",
                      "v": 0.0
                    },
                    {
                      "k": "forks_count",
                      "v": 0.0
                    },
                    {
                      "k": "forks_url",
                      "v": "https://api.github.com/repos/Ebesoh/ebesoh_esp32_wrover_projects/forks"
                    },
                    {
                      "k": "full_name",
                      "v": "Ebesoh/ebesoh_esp32_wrover_projects"
                    },
                    {
                      "k": "git_commits_url",
                      "v": "https://api.github.com/repos/Ebesoh/ebesoh_esp32_wrover_projects/git/commits{/sha}"
                    },
                    {
                      "k": "git_refs_url",
                      "v": "https://api.github.com/repos/Ebesoh/ebesoh_esp32_wrover_projects/git/refs{/sha}"
                    },
                    {
                      "k": "git_tags_url",
                      "v": "https://api.github.com/repos/Ebesoh/ebesoh_esp32_wrover_projects/git/tags{/sha}"
                    },
                    {
                      "k": "git_url",
                      "v": "git://github.com/Ebesoh/ebesoh_esp32_wrover_projects.git"
                    },
                    {
                      "k": "has_discussions",
                      "v": false
                    },
                    {
                      "k": "has_downloads",
                      "v": true
                    },
                    {
                      "k": "has_issues",
                      "v": true
                    },
                    {
                      "k": "has_pages",
                      "v": false
                    },
                    {
                      "k": "has_projects",
                      "v": true
                    },
                    {
                      "k": "has_wiki",
                      "v": true
                    },
                    {
                      "k": "homepage",
                      "v": null
                    },
                    {
                      "k": "hooks_url",
                      "v": "https://api.github.com/repos/Ebesoh/ebesoh_esp32_wrover_projects/hooks"
                    },
                    {
                      "k": "html_url",
                      "v": "https://github.com/Ebesoh/ebesoh_esp32_wrover_projects"
                    },
                    {
                      "k": "id",
                      "v": 1140178483.0
                    },
                    {
                      "k": "is_template",
                      "v": false
                    },
                    {
                      "k": "issue_comment_url",
                      "v": "https://api.github.com/repos/Ebesoh/ebesoh_esp32_wrover_projects/issues/comments{/number}"
                    },
                    {
                      "k": "issue_events_url",
                      "v": "https://api.github.com/repos/Ebesoh/ebesoh_esp32_wrover_projects/issues/events{/number}"
                    },
                    {
                      "k": "issues_url",
                      "v": "https://api.github.com/repos/Ebesoh/ebesoh_esp32_wrover_projects/issues{/number}"
                    },
                    {
                      "k": "keys_url",
                      "v": "https://api.github.com/repos/Ebesoh/ebesoh_esp32_wrover_projects/keys{/key_id}"
                    },
                    {
                      "k": "labels_url",
                      "v": "https://api.github.com/repos/Ebesoh/ebesoh_esp32_wrover_projects/labels{/name}"
                    },
                    {
                      "k": "language",
                      "v": "Python"
                    },
                    {
                      "k": "languages_url",
                      "v": "https://api.github.com/repos/Ebesoh/ebesoh_esp32_wrover_projects/languages"
                    },
                    {
                      "k": "license",
                      "v": null
                    },
                    {
                      "k": "master_branch",
                      "v": "main"
                    },
                    {
                      "k": "merges_url",
                      "v": "https://api.github.com/repos/Ebesoh/ebesoh_esp32_wrover_projects/merges"
                    },
                    {
                      "k": "milestones_url",
                      "v": "https://api.github.com/repos/Ebesoh/ebesoh_esp32_wrover_projects/milestones{/number}"
                    },
                    {
                      "k": "mirror_url",
                      "v": null
                    },
                    {
                      "k": "name",
                      "v": "ebesoh_esp32_wrover_projects"
                    },
                    {
                      "k": "node_id",
                      "v": "R_kgDOQ_W-Mw"
                    },
                    {
                      "k": "notifications_url",
                      "v": "https://api.github.com/repos/Ebesoh/ebesoh_esp32_wrover_projects/notifications{?since,all,participating}"
                    },
                    {
                      "k": "open_issues",
                      "v": 0.0
                    },
                    {
                      "k": "open_issues_count",
                      "v": 0.0
                    },
                    {
                      "k": "owner",
                      "v": {
                        "t": 2,
                        "d": [
                          {
                            "k": "avatar_url",
                            "v": "https://avatars.githubusercontent.com/u/98786507?v=4"
                          },
                          {
                            "k": "email",
                            "v": "98786507+Ebesoh@users.noreply.github.com"
                          },
                          {
                            "k": "events_url",
                            "v": "https://api.github.com/users/Ebesoh/events{/privacy}"
                          },
                          {
                            "k": "followers_url",
                            "v": "https://api.github.com/users/Ebesoh/followers"
                          },
                          {
                            "k": "following_url",
                            "v": "https://api.github.com/users/Ebesoh/following{/other_user}"
                          },
                          {
                            "k": "gists_url",
                            "v": "https://api.github.com/users/Ebesoh/gists{/gist_id}"
                          },
                          {
                            "k": "gravatar_id",
                            "v": ""
                          },
                          {
                            "k": "html_url",
                            "v": "https://github.com/Ebesoh"
                          },
                          {
                            "k": "id",
                            "v": 98786507.0
                          },
                          {
                            "k": "login",
                            "v": "Ebesoh"
                          },
                          {
                            "k": "name",
                            "v": "Ebesoh"
                          },
                          {
                            "k": "node_id",
                            "v": "U_kgDOBeNcyw"
                          },
                          {
                            "k": "organizations_url",
                            "v": "https://api.github.com/users/Ebesoh/orgs"
                          },
                          {
                            "k": "received_events_url",
                            "v": "https://api.github.com/users/Ebesoh/received_events"
                          },
                          {
                            "k": "repos_url",
                            "v": "https://api.github.com/users/Ebesoh/repos"
                          },
                          {
                            "k": "site_admin",
                            "v": false
                          },
                          {
                            "k": "starred_url",
                            "v": "https://api.github.com/users/Ebesoh/starred{/owner}{/repo}"
                          },
                          {
                            "k": "subscriptions_url",
                            "v": "https://api.github.com/users/Ebesoh/subscriptions"
                          },
                          {
                            "k": "type",
                            "v": "User"
                          },
                          {
                            "k": "url",
                            "v": "https://api.github.com/users/Ebesoh"
                          },
                          {
                            "k": "user_view_type",
                            "v": "public"
                          }
                        ]
                      }
                    },
                    {
                      "k": "private",
                      "v": false
                    },
                    {
                      "k": "pulls_url",
                      "v": "https://api.github.com/repos/Ebesoh/ebesoh_esp32_wrover_projects/pulls{/number}"
                    },
                    {
                      "k": "pushed_at",
                      "v": 1769219887.0
                    },
                    {
                      "k": "releases_url",
                      "v": "https://api.github.com/repos/Ebesoh/ebesoh_esp32_wrover_projects/releases{/id}"
                    },
                    {
                      "k": "size",
                      "v": 1154.0
                    },
                    {
                      "k": "ssh_url",
                      "v": "git@github.com:Ebesoh/ebesoh_esp32_wrover_projects.git"
                    },
                    {
                      "k": "stargazers",
                      "v": 0.0
                    },
                    {
                      "k": "stargazers_count",
                      "v": 0.0
                    },
                    {
                      "k": "stargazers_url",
                      "v": "https://api.github.com/repos/Ebesoh/ebesoh_esp32_wrover_projects/stargazers"
                    },
                    {
                      "k": "statuses_url",
                      "v": "https://api.github.com/repos/Ebesoh/ebesoh_esp32_wrover_projects/statuses/{sha}"
                    },
                    {
                      "k": "subscribers_url",
                      "v": "https://api.github.com/repos/Ebesoh/ebesoh_esp32_wrover_projects/subscribers"
                    },
                    {
                      "k": "subscription_url",
                      "v": "https://api.github.com/repos/Ebesoh/ebesoh_esp32_wrover_projects/subscription"
                    },
                    {
                      "k": "svn_url",
                      "v": "https://github.com/Ebesoh/ebesoh_esp32_wrover_projects"
                    },
                    {
                      "k": "tags_url",
                      "v": "https://api.github.com/repos/Ebesoh/ebesoh_esp32_wrover_projects/tags"
                    },
                    {
                      "k": "teams_url",
                      "v": "https://api.github.com/repos/Ebesoh/ebesoh_esp32_wrover_projects/teams"
                    },
                    {
                      "k": "topics",
                      "v": {
                        "t": 1
                      }
                    },
                    {
                      "k": "trees_url",
                      "v": "https://api.github.com/repos/Ebesoh/ebesoh_esp32_wrover_projects/git/trees{/sha}"
                    },
                    {
                      "k": "updated_at",
                      "v": "2026-01-24T01:44:39Z"
                    },
                    {
                      "k": "url",
                      "v": "https://api.github.com/repos/Ebesoh/ebesoh_esp32_wrover_projects"
                    },
                    {
                      "k": "visibility",
                      "v": "public"
                    },
                    {
                      "k": "watchers",
                      "v": 0.0
                    },
                    {
                      "k": "watchers_count",
                      "v": 0.0
                    },
                    {
                      "k": "web_commit_signoff_required",
                      "v": false
                    }
                  ]
                }
              },
              {
                "k": "sender",
                "v": {
                  "t": 2,
                  "d": [
                    {
                      "k": "avatar_url",
                      "v": "https://avatars.githubusercontent.com/u/98786507?v=4"
                    },
                    {
                      "k": "events_url",
                      "v": "https://api.github.com/users/Ebesoh/events{/privacy}"
                    },
                    {
                      "k": "followers_url",
                      "v": "https://api.github.com/users/Ebesoh/followers"
                    },
                    {
                      "k": "following_url",
                      "v": "https://api.github.com/users/Ebesoh/following{/other_user}"
                    },
                    {
                      "k": "gists_url",
                      "v": "https://api.github.com/users/Ebesoh/gists{/gist_id}"
                    },
                    {
                      "k": "gravatar_id",
                      "v": ""
                    },
                    {
                      "k": "html_url",
                      "v": "https://github.com/Ebesoh"
                    },
                    {
                      "k": "id",
                      "v": 98786507.0
                    },
                    {
                      "k": "login",
                      "v": "Ebesoh"
                    },
                    {
                      "k": "node_id",
                      "v": "U_kgDOBeNcyw"
                    },
                    {
                      "k": "organizations_url",
                      "v": "https://api.github.com/users/Ebesoh/orgs"
                    },
                    {
                      "k": "received_events_url",
                      "v": "https://api.github.com/users/Ebesoh/received_events"
                    },
                    {
                      "k": "repos_url",
                      "v": "https://api.github.com/users/Ebesoh/repos"
                    },
                    {
                      "k": "site_admin",
                      "v": false
                    },
                    {
                      "k": "starred_url",
                      "v": "https://api.github.com/users/Ebesoh/starred{/owner}{/repo}"
                    },
                    {
                      "k": "subscriptions_url",
                      "v": "https://api.github.com/users/Ebesoh/subscriptions"
                    },
                    {
                      "k": "type",
                      "v": "User"
                    },
                    {
                      "k": "url",
                      "v": "https://api.github.com/users/Ebesoh"
                    },
                    {
                      "k": "user_view_type",
                      "v": "public"
                    }
                  ]
                }
              }
            ]
          }
        },
        {
          "k": "workflow_ref",
          "v": "Ebesoh/ebesoh_esp32_wrover_projects/.github/workflows/esp32-ci.yml@refs/heads/main"
        },
        {
          "k": "workflow_sha",
          "v": "3363913159ffb5a644d8f113cf9a1344fd6a8828"
        },
        {
          "k": "repository_id",
          "v": "1140178483"
        },
        {
          "k": "triggering_actor",
          "v": "Ebesoh"
        }
      ]
    },
    "inputs": {
      "t": 2
    },
    "job": {
      "t": 2,
      "d": [
        {
          "k": "check_run_id",
          "v": 61337659005.0
        }
      ]
    },
    "matrix": null,
    "needs": {
      "t": 2,
      "d": [
        {
          "k": "hardware-tests",
          "v": {
            "t": 2,
            "d": [
              {
                "k": "result",
                "v": "failure"
              },
              {
                "k": "outputs",
                "v": {
                  "t": 2
                }
              }
            ]
          }
        }
      ]
    },
    "strategy": {
      "t": 2,
      "d": [
        {
          "k": "fail-fast",
          "v": true
        },
        {
          "k": "job-index",
          "v": 0.0
        },
        {
          "k": "job-total",
          "v": 1.0
        },
        {
          "k": "max-parallel",
          "v": 1.0
        }
      ]
    },
    "vars": {
      "t": 2
    }
  },
  "billingOwnerId": "U_kgDOBeNcyw"
}
[2026-01-24 02:07:48Z INFO JobRunner] Job ID 096a3938-2175-5290-a441-5a7ee718ca89
[2026-01-24 02:07:48Z INFO ConfigurationStore] currentAssemblyLocation: C:\ESP32_Wrover\ebesoh_esp32_wrover_projects\actions-runner\bin\Runner.Worker.dll
[2026-01-24 02:07:48Z INFO HostContext] Well known directory 'Bin': 'C:\ESP32_Wrover\ebesoh_esp32_wrover_projects\actions-runner\bin'
[2026-01-24 02:07:48Z INFO ConfigurationStore] binPath: C:\ESP32_Wrover\ebesoh_esp32_wrover_projects\actions-runner\bin
[2026-01-24 02:07:48Z INFO HostContext] Well known directory 'Bin': 'C:\ESP32_Wrover\ebesoh_esp32_wrover_projects\actions-runner\bin'
[2026-01-24 02:07:48Z INFO HostContext] Well known directory 'Root': 'C:\ESP32_Wrover\ebesoh_esp32_wrover_projects\actions-runner'
[2026-01-24 02:07:48Z INFO ConfigurationStore] RootFolder: C:\ESP32_Wrover\ebesoh_esp32_wrover_projects\actions-runner
[2026-01-24 02:07:48Z INFO HostContext] Well known directory 'Bin': 'C:\ESP32_Wrover\ebesoh_esp32_wrover_projects\actions-runner\bin'
[2026-01-24 02:07:48Z INFO HostContext] Well known directory 'Root': 'C:\ESP32_Wrover\ebesoh_esp32_wrover_projects\actions-runner'
[2026-01-24 02:07:48Z INFO HostContext] Well known config file 'Runner': 'C:\ESP32_Wrover\ebesoh_esp32_wrover_projects\actions-runner\.runner'
[2026-01-24 02:07:48Z INFO ConfigurationStore] ConfigFilePath: C:\ESP32_Wrover\ebesoh_esp32_wrover_projects\actions-runner\.runner
[2026-01-24 02:07:48Z INFO HostContext] Well known directory 'Bin': 'C:\ESP32_Wrover\ebesoh_esp32_wrover_projects\actions-runner\bin'
[2026-01-24 02:07:48Z INFO HostContext] Well known directory 'Root': 'C:\ESP32_Wrover\ebesoh_esp32_wrover_projects\actions-runner'
[2026-01-24 02:07:48Z INFO HostContext] Well known config file 'MigratedRunner': 'C:\ESP32_Wrover\ebesoh_esp32_wrover_projects\actions-runner\.runner_migrated'
[2026-01-24 02:07:48Z INFO ConfigurationStore] MigratedConfigFilePath: C:\ESP32_Wrover\ebesoh_esp32_wrover_projects\actions-runner\.runner_migrated
[2026-01-24 02:07:48Z INFO HostContext] Well known directory 'Bin': 'C:\ESP32_Wrover\ebesoh_esp32_wrover_projects\actions-runner\bin'
[2026-01-24 02:07:48Z INFO HostContext] Well known directory 'Root': 'C:\ESP32_Wrover\ebesoh_esp32_wrover_projects\actions-runner'
[2026-01-24 02:07:48Z INFO HostContext] Well known config file 'Credentials': 'C:\ESP32_Wrover\ebesoh_esp32_wrover_projects\actions-runner\.credentials'
[2026-01-24 02:07:48Z INFO ConfigurationStore] CredFilePath: C:\ESP32_Wrover\ebesoh_esp32_wrover_projects\actions-runner\.credentials
[2026-01-24 02:07:48Z INFO HostContext] Well known directory 'Bin': 'C:\ESP32_Wrover\ebesoh_esp32_wrover_projects\actions-runner\bin'
[2026-01-24 02:07:48Z INFO HostContext] Well known directory 'Root': 'C:\ESP32_Wrover\ebesoh_esp32_wrover_projects\actions-runner'
[2026-01-24 02:07:48Z INFO HostContext] Well known config file 'MigratedCredentials': 'C:\ESP32_Wrover\ebesoh_esp32_wrover_projects\actions-runner\.credentials_migrated'
[2026-01-24 02:07:48Z INFO ConfigurationStore] MigratedCredFilePath: C:\ESP32_Wrover\ebesoh_esp32_wrover_projects\actions-runner\.credentials_migrated
[2026-01-24 02:07:48Z INFO HostContext] Well known directory 'Bin': 'C:\ESP32_Wrover\ebesoh_esp32_wrover_projects\actions-runner\bin'
[2026-01-24 02:07:48Z INFO HostContext] Well known directory 'Root': 'C:\ESP32_Wrover\ebesoh_esp32_wrover_projects\actions-runner'
[2026-01-24 02:07:48Z INFO HostContext] Well known config file 'Service': 'C:\ESP32_Wrover\ebesoh_esp32_wrover_projects\actions-runner\.service'
[2026-01-24 02:07:48Z INFO ConfigurationStore] ServiceConfigFilePath: C:\ESP32_Wrover\ebesoh_esp32_wrover_projects\actions-runner\.service
[2026-01-24 02:07:48Z INFO ConfigurationStore] Read setting file: 413 chars
[2026-01-24 02:07:48Z INFO JobRunner] Initializing launch client
[2026-01-24 02:07:48Z INFO JobServerQueue] Initializing results client
[2026-01-24 02:07:48Z INFO ResultServer] Creating websocket client ...wss://results-receiver.actions.githubusercontent.com/_ws/ingest.sock
[2026-01-24 02:07:48Z INFO ResultServer] Attempting to start websocket client with delay 00:00:00.
[2026-01-24 02:07:48Z INFO JobServerQueue] Start process web console line queue.
[2026-01-24 02:07:48Z INFO JobServerQueue] Start process file upload queue.
[2026-01-24 02:07:48Z INFO JobServerQueue] Start results file upload queue.
[2026-01-24 02:07:48Z INFO JobServerQueue] Starting results-based upload queue...
[2026-01-24 02:07:48Z INFO JobServerQueue] Start process timeline update queue.
[2026-01-24 02:07:48Z INFO ExecutionContext] Initializing Job context
[2026-01-24 02:07:48Z INFO ExecutionContext] Initialize GitHub context
[2026-01-24 02:07:48Z INFO ExecutionContext] Initialize Env context
[2026-01-24 02:07:48Z INFO HostContext] Well known directory 'Bin': 'C:\ESP32_Wrover\ebesoh_esp32_wrover_projects\actions-runner\bin'
[2026-01-24 02:07:48Z INFO HostContext] Well known directory 'Root': 'C:\ESP32_Wrover\ebesoh_esp32_wrover_projects\actions-runner'
[2026-01-24 02:07:48Z INFO HostContext] Well known directory 'Diag': 'C:\ESP32_Wrover\ebesoh_esp32_wrover_projects\actions-runner\_diag'
[2026-01-24 02:07:48Z INFO HostContext] Well known directory 'Bin': 'C:\ESP32_Wrover\ebesoh_esp32_wrover_projects\actions-runner\bin'
[2026-01-24 02:07:48Z INFO HostContext] Well known directory 'Root': 'C:\ESP32_Wrover\ebesoh_esp32_wrover_projects\actions-runner'
[2026-01-24 02:07:48Z INFO HostContext] Well known directory 'Diag': 'C:\ESP32_Wrover\ebesoh_esp32_wrover_projects\actions-runner\_diag'
[2026-01-24 02:07:48Z INFO JobRunner] Starting the job execution context.
[2026-01-24 02:07:48Z INFO HostContext] Well known directory 'Bin': 'C:\ESP32_Wrover\ebesoh_esp32_wrover_projects\actions-runner\bin'
[2026-01-24 02:07:48Z INFO HostContext] Well known directory 'Root': 'C:\ESP32_Wrover\ebesoh_esp32_wrover_projects\actions-runner'
[2026-01-24 02:07:48Z INFO HostContext] Well known directory 'Work': 'C:\ESP32_Wrover\ebesoh_esp32_wrover_projects\actions-runner\_work'
[2026-01-24 02:07:48Z INFO JobRunner] Validating directory permissions for: 'C:\ESP32_Wrover\ebesoh_esp32_wrover_projects\actions-runner\_work'
[2026-01-24 02:07:48Z INFO HostContext] Well known directory 'Bin': 'C:\ESP32_Wrover\ebesoh_esp32_wrover_projects\actions-runner\bin'
[2026-01-24 02:07:48Z INFO HostContext] Well known directory 'Root': 'C:\ESP32_Wrover\ebesoh_esp32_wrover_projects\actions-runner'
[2026-01-24 02:07:48Z INFO HostContext] Well known directory 'Work': 'C:\ESP32_Wrover\ebesoh_esp32_wrover_projects\actions-runner\_work'
[2026-01-24 02:07:48Z INFO HostContext] Well known directory 'Tools': 'C:\ESP32_Wrover\ebesoh_esp32_wrover_projects\actions-runner\_work\_tool'
[2026-01-24 02:07:48Z INFO HostContext] Well known directory 'Bin': 'C:\ESP32_Wrover\ebesoh_esp32_wrover_projects\actions-runner\bin'
[2026-01-24 02:07:48Z INFO HostContext] Well known directory 'Root': 'C:\ESP32_Wrover\ebesoh_esp32_wrover_projects\actions-runner'
[2026-01-24 02:07:48Z INFO HostContext] Well known directory 'Work': 'C:\ESP32_Wrover\ebesoh_esp32_wrover_projects\actions-runner\_work'
[2026-01-24 02:07:48Z INFO HostContext] Well known directory 'Temp': 'C:\ESP32_Wrover\ebesoh_esp32_wrover_projects\actions-runner\_work\_temp'
[2026-01-24 02:07:48Z INFO JobRunner] Getting job extension.
[2026-01-24 02:07:48Z INFO JobRunner] Initialize job. Getting all job steps.
[2026-01-24 02:07:48Z INFO HostContext] Well known directory 'Bin': 'C:\ESP32_Wrover\ebesoh_esp32_wrover_projects\actions-runner\bin'
[2026-01-24 02:07:48Z INFO HostContext] Well known directory 'Root': 'C:\ESP32_Wrover\ebesoh_esp32_wrover_projects\actions-runner'
[2026-01-24 02:07:48Z INFO HostContext] Well known directory 'Diag': 'C:\ESP32_Wrover\ebesoh_esp32_wrover_projects\actions-runner\_diag'
[2026-01-24 02:07:48Z INFO HostContext] Well known directory 'Bin': 'C:\ESP32_Wrover\ebesoh_esp32_wrover_projects\actions-runner\bin'
[2026-01-24 02:07:48Z INFO HostContext] Well known directory 'Root': 'C:\ESP32_Wrover\ebesoh_esp32_wrover_projects\actions-runner'
[2026-01-24 02:07:48Z INFO HostContext] Well known directory 'Diag': 'C:\ESP32_Wrover\ebesoh_esp32_wrover_projects\actions-runner\_diag'
[2026-01-24 02:07:48Z INFO HostContext] Well known directory 'Bin': 'C:\ESP32_Wrover\ebesoh_esp32_wrover_projects\actions-runner\bin'
[2026-01-24 02:07:48Z INFO HostContext] Well known directory 'Root': 'C:\ESP32_Wrover\ebesoh_esp32_wrover_projects\actions-runner'
[2026-01-24 02:07:48Z INFO HostContext] Well known config file 'Credentials': 'C:\ESP32_Wrover\ebesoh_esp32_wrover_projects\actions-runner\.credentials'
[2026-01-24 02:07:48Z INFO HostContext] Well known directory 'Bin': 'C:\ESP32_Wrover\ebesoh_esp32_wrover_projects\actions-runner\bin'
[2026-01-24 02:07:48Z INFO HostContext] Well known directory 'Root': 'C:\ESP32_Wrover\ebesoh_esp32_wrover_projects\actions-runner'
[2026-01-24 02:07:48Z INFO HostContext] Well known config file 'SetupInfo': 'C:\ESP32_Wrover\ebesoh_esp32_wrover_projects\actions-runner\.setup_info'
[2026-01-24 02:07:48Z INFO HostContext] Well known directory 'Bin': 'C:\ESP32_Wrover\ebesoh_esp32_wrover_projects\actions-runner\bin'
[2026-01-24 02:07:48Z INFO HostContext] Well known directory 'Root': 'C:\ESP32_Wrover\ebesoh_esp32_wrover_projects\actions-runner'
[2026-01-24 02:07:48Z INFO HostContext] Well known directory 'Work': 'C:\ESP32_Wrover\ebesoh_esp32_wrover_projects\actions-runner\_work'
[2026-01-24 02:07:48Z INFO PipelineDirectoryManager] Loading tracking config if exists: C:\ESP32_Wrover\ebesoh_esp32_wrover_projects\actions-runner\_work\_PipelineMapping\Ebesoh/ebesoh_esp32_wrover_projects\PipelineFolder.json
[2026-01-24 02:07:48Z INFO PipelineDirectoryManager] Updating job run properties.
[2026-01-24 02:07:48Z INFO HostContext] Well known directory 'Bin': 'C:\ESP32_Wrover\ebesoh_esp32_wrover_projects\actions-runner\bin'
[2026-01-24 02:07:48Z INFO HostContext] Well known directory 'Root': 'C:\ESP32_Wrover\ebesoh_esp32_wrover_projects\actions-runner'
[2026-01-24 02:07:48Z INFO HostContext] Well known directory 'Work': 'C:\ESP32_Wrover\ebesoh_esp32_wrover_projects\actions-runner\_work'
[2026-01-24 02:07:48Z INFO HostContext] Well known directory 'Bin': 'C:\ESP32_Wrover\ebesoh_esp32_wrover_projects\actions-runner\bin'
[2026-01-24 02:07:48Z INFO HostContext] Well known directory 'Root': 'C:\ESP32_Wrover\ebesoh_esp32_wrover_projects\actions-runner'
[2026-01-24 02:07:48Z INFO HostContext] Well known directory 'Work': 'C:\ESP32_Wrover\ebesoh_esp32_wrover_projects\actions-runner\_work'
[2026-01-24 02:07:48Z INFO HostContext] Well known directory 'Bin': 'C:\ESP32_Wrover\ebesoh_esp32_wrover_projects\actions-runner\bin'
[2026-01-24 02:07:48Z INFO HostContext] Well known directory 'Root': 'C:\ESP32_Wrover\ebesoh_esp32_wrover_projects\actions-runner'
[2026-01-24 02:07:48Z INFO HostContext] Well known directory 'Work': 'C:\ESP32_Wrover\ebesoh_esp32_wrover_projects\actions-runner\_work'
[2026-01-24 02:07:49Z INFO JobExtension] Downloading actions
[2026-01-24 02:07:49Z INFO HostContext] Well known directory 'Bin': 'C:\ESP32_Wrover\ebesoh_esp32_wrover_projects\actions-runner\bin'
[2026-01-24 02:07:49Z INFO HostContext] Well known directory 'Root': 'C:\ESP32_Wrover\ebesoh_esp32_wrover_projects\actions-runner'
[2026-01-24 02:07:49Z INFO HostContext] Well known directory 'Work': 'C:\ESP32_Wrover\ebesoh_esp32_wrover_projects\actions-runner\_work'
[2026-01-24 02:07:49Z INFO HostContext] Well known directory 'Actions': 'C:\ESP32_Wrover\ebesoh_esp32_wrover_projects\actions-runner\_work\_actions'
[2026-01-24 02:07:49Z INFO JobExtension] Adding .
[2026-01-24 02:07:49Z INFO HostContext] Well known directory 'Bin': 'C:\ESP32_Wrover\ebesoh_esp32_wrover_projects\actions-runner\bin'
[2026-01-24 02:07:49Z INFO HostContext] Well known directory 'Root': 'C:\ESP32_Wrover\ebesoh_esp32_wrover_projects\actions-runner'
[2026-01-24 02:07:49Z INFO HostContext] Well known directory 'Diag': 'C:\ESP32_Wrover\ebesoh_esp32_wrover_projects\actions-runner\_diag'
[2026-01-24 02:07:49Z INFO HostContext] Well known directory 'Bin': 'C:\ESP32_Wrover\ebesoh_esp32_wrover_projects\actions-runner\bin'
[2026-01-24 02:07:49Z INFO HostContext] Well known directory 'Root': 'C:\ESP32_Wrover\ebesoh_esp32_wrover_projects\actions-runner'
[2026-01-24 02:07:49Z INFO HostContext] Well known directory 'Diag': 'C:\ESP32_Wrover\ebesoh_esp32_wrover_projects\actions-runner\_diag'
[2026-01-24 02:07:49Z INFO JobExtension] Total accessible running process: 372.
[2026-01-24 02:07:49Z INFO HostContext] Well known directory 'Bin': 'C:\ESP32_Wrover\ebesoh_esp32_wrover_projects\actions-runner\bin'
[2026-01-24 02:07:49Z INFO HostContext] Well known directory 'Root': 'C:\ESP32_Wrover\ebesoh_esp32_wrover_projects\actions-runner'
[2026-01-24 02:07:49Z INFO HostContext] Well known directory 'Work': 'C:\ESP32_Wrover\ebesoh_esp32_wrover_projects\actions-runner\_work'
[2026-01-24 02:07:49Z INFO JobExtension] Start checking server connectivity.
[2026-01-24 02:07:49Z INFO JobExtension] Check server connectivity for https://broker.actions.githubusercontent.com/health.
[2026-01-24 02:07:49Z INFO JobExtension] Check server connectivity for https://token.actions.githubusercontent.com/ready.
[2026-01-24 02:07:49Z INFO JobExtension] Start checking service connectivity in background.
[2026-01-24 02:07:49Z INFO ExecutionContext] Publish step telemetry for current step {
  "action": "setup_job",
  "type": "runner",
  "stage": "Pre",
  "stepId": "4e8cd90c-1a71-41ad-ad41-20235db32699",
  "result": "succeeded",
  "errorMessages": [],
  "executionTimeInSeconds": 1,
  "startTime": "2026-01-24T02:07:48.9785464Z",
  "finishTime": "2026-01-24T02:07:49.1014249Z"
}.
[2026-01-24 02:07:49Z INFO JobRunner] Total job steps: 1.
[2026-01-24 02:07:49Z INFO JobRunner] Run all job steps.
[2026-01-24 02:07:49Z INFO StepsRunner] Processing step: DisplayName='Evaluate results'
[2026-01-24 02:07:49Z INFO StepsRunner] Evaluating: success()
[2026-01-24 02:07:49Z INFO StepsRunner] Result: true
[2026-01-24 02:07:49Z INFO StepsRunner] Starting the step.
[2026-01-24 02:07:49Z INFO HostContext] Well known directory 'Bin': 'C:\ESP32_Wrover\ebesoh_esp32_wrover_projects\actions-runner\bin'
[2026-01-24 02:07:49Z INFO HostContext] Well known directory 'Root': 'C:\ESP32_Wrover\ebesoh_esp32_wrover_projects\actions-runner'
[2026-01-24 02:07:49Z INFO HostContext] Well known directory 'Work': 'C:\ESP32_Wrover\ebesoh_esp32_wrover_projects\actions-runner\_work'
[2026-01-24 02:07:49Z INFO StepsRunner] Which2: 'chcp'
[2026-01-24 02:07:49Z INFO StepsRunner] Location: 'C:\WINDOWS\system32\chcp.COM'
[2026-01-24 02:07:49Z INFO ProcessInvokerWrapper] Starting process:
[2026-01-24 02:07:49Z INFO ProcessInvokerWrapper]   File name: 'C:\WINDOWS\system32\chcp.COM'
[2026-01-24 02:07:49Z INFO ProcessInvokerWrapper]   Arguments: '65001'
[2026-01-24 02:07:49Z INFO ProcessInvokerWrapper]   Working directory: 'C:\ESP32_Wrover\ebesoh_esp32_wrover_projects\actions-runner\_work'
[2026-01-24 02:07:49Z INFO ProcessInvokerWrapper]   Require exit code zero: 'False'
[2026-01-24 02:07:49Z INFO ProcessInvokerWrapper]   Encoding web name:  ; code page: ''
[2026-01-24 02:07:49Z INFO ProcessInvokerWrapper]   Force kill process on cancellation: 'False'
[2026-01-24 02:07:49Z INFO ProcessInvokerWrapper]   Redirected STDIN: 'False'
[2026-01-24 02:07:49Z INFO ProcessInvokerWrapper]   Persist current code page: 'True'
[2026-01-24 02:07:49Z INFO ProcessInvokerWrapper]   Keep redirected STDIN open: 'False'
[2026-01-24 02:07:49Z INFO ProcessInvokerWrapper]   High priority process: 'False'
[2026-01-24 02:07:49Z INFO ProcessInvokerWrapper] Process started with process id 11120, waiting for process exit.
[2026-01-24 02:07:49Z INFO Worker] Listening for cancel message from the channel.
[2026-01-24 02:07:49Z INFO Worker] Waiting for the job to complete or for a cancel message from the channel.
[2026-01-24 02:07:49Z INFO ProcessInvokerWrapper] STDOUT/STDERR stream read finished.
[2026-01-24 02:07:49Z INFO ProcessInvokerWrapper] STDOUT/STDERR stream read finished.
[2026-01-24 02:07:49Z INFO ProcessInvokerWrapper] Finished process 11120 with exit code 0, and elapsed time 00:00:00.0257015.
[2026-01-24 02:07:49Z INFO StepsRunner] Successfully returned to code page 65001 (UTF8)
[2026-01-24 02:07:49Z INFO HostContext] Well known directory 'Bin': 'C:\ESP32_Wrover\ebesoh_esp32_wrover_projects\actions-runner\bin'
[2026-01-24 02:07:49Z INFO HostContext] Well known directory 'Root': 'C:\ESP32_Wrover\ebesoh_esp32_wrover_projects\actions-runner'
[2026-01-24 02:07:49Z INFO HostContext] Well known directory 'Work': 'C:\ESP32_Wrover\ebesoh_esp32_wrover_projects\actions-runner\_work'
[2026-01-24 02:07:49Z INFO HostContext] Well known directory 'Temp': 'C:\ESP32_Wrover\ebesoh_esp32_wrover_projects\actions-runner\_work\_temp'
[2026-01-24 02:07:49Z INFO ExecutionContext] Write event payload to C:\ESP32_Wrover\ebesoh_esp32_wrover_projects\actions-runner\_work\_temp\_github_workflow\event.json
[2026-01-24 02:07:49Z INFO HostContext] Well known directory 'Bin': 'C:\ESP32_Wrover\ebesoh_esp32_wrover_projects\actions-runner\bin'
[2026-01-24 02:07:49Z INFO HostContext] Well known directory 'Root': 'C:\ESP32_Wrover\ebesoh_esp32_wrover_projects\actions-runner'
[2026-01-24 02:07:49Z INFO HostContext] Well known directory 'Work': 'C:\ESP32_Wrover\ebesoh_esp32_wrover_projects\actions-runner\_work'
[2026-01-24 02:07:49Z INFO HostContext] Well known directory 'Temp': 'C:\ESP32_Wrover\ebesoh_esp32_wrover_projects\actions-runner\_work\_temp'
[2026-01-24 02:07:49Z INFO ExtensionManager] Getting extensions for interface: 'GitHub.Runner.Worker.IFileCommandExtension'
[2026-01-24 02:07:49Z INFO ExtensionManager] Creating instance: GitHub.Runner.Worker.AddPathFileCommand, Runner.Worker
[2026-01-24 02:07:49Z INFO ExtensionManager] Creating instance: GitHub.Runner.Worker.SetEnvFileCommand, Runner.Worker
[2026-01-24 02:07:49Z INFO ExtensionManager] Creating instance: GitHub.Runner.Worker.CreateStepSummaryCommand, Runner.Worker
[2026-01-24 02:07:49Z INFO ExtensionManager] Creating instance: GitHub.Runner.Worker.SaveStateFileCommand, Runner.Worker
[2026-01-24 02:07:49Z INFO ExtensionManager] Creating instance: GitHub.Runner.Worker.SetOutputFileCommand, Runner.Worker
[2026-01-24 02:07:49Z INFO ExtensionManager] Getting extensions for interface: 'GitHub.Runner.Worker.IActionCommandExtension'
[2026-01-24 02:07:49Z INFO ExtensionManager] Creating instance: GitHub.Runner.Worker.InternalPluginSetRepoPathCommandExtension, Runner.Worker
[2026-01-24 02:07:49Z INFO ExtensionManager] Creating instance: GitHub.Runner.Worker.SetEnvCommandExtension, Runner.Worker
[2026-01-24 02:07:49Z INFO ExtensionManager] Creating instance: GitHub.Runner.Worker.SetOutputCommandExtension, Runner.Worker
[2026-01-24 02:07:49Z INFO ExtensionManager] Creating instance: GitHub.Runner.Worker.SaveStateCommandExtension, Runner.Worker
[2026-01-24 02:07:49Z INFO ExtensionManager] Creating instance: GitHub.Runner.Worker.AddPathCommandExtension, Runner.Worker
[2026-01-24 02:07:49Z INFO ExtensionManager] Creating instance: GitHub.Runner.Worker.AddMaskCommandExtension, Runner.Worker
[2026-01-24 02:07:49Z INFO ExtensionManager] Creating instance: GitHub.Runner.Worker.AddMatcherCommandExtension, Runner.Worker
[2026-01-24 02:07:49Z INFO ExtensionManager] Creating instance: GitHub.Runner.Worker.RemoveMatcherCommandExtension, Runner.Worker
[2026-01-24 02:07:49Z INFO ExtensionManager] Creating instance: GitHub.Runner.Worker.WarningCommandExtension, Runner.Worker
[2026-01-24 02:07:49Z INFO ExtensionManager] Creating instance: GitHub.Runner.Worker.ErrorCommandExtension, Runner.Worker
[2026-01-24 02:07:49Z INFO ExtensionManager] Creating instance: GitHub.Runner.Worker.NoticeCommandExtension, Runner.Worker
[2026-01-24 02:07:49Z INFO ExtensionManager] Creating instance: GitHub.Runner.Worker.DebugCommandExtension, Runner.Worker
[2026-01-24 02:07:49Z INFO ExtensionManager] Creating instance: GitHub.Runner.Worker.GroupCommandExtension, Runner.Worker
[2026-01-24 02:07:49Z INFO ExtensionManager] Creating instance: GitHub.Runner.Worker.EndGroupCommandExtension, Runner.Worker
[2026-01-24 02:07:49Z INFO ExtensionManager] Creating instance: GitHub.Runner.Worker.EchoCommandExtension, Runner.Worker
[2026-01-24 02:07:49Z INFO ActionCommandManager] Register action command extension for command internal-set-repo-path
[2026-01-24 02:07:49Z INFO ActionCommandManager] Register action command extension for command set-env
[2026-01-24 02:07:49Z INFO ActionCommandManager] Register action command extension for command set-output
[2026-01-24 02:07:49Z INFO ActionCommandManager] Register action command extension for command save-state
[2026-01-24 02:07:49Z INFO ActionCommandManager] Register action command extension for command add-path
[2026-01-24 02:07:49Z INFO ActionCommandManager] Register action command extension for command add-mask
[2026-01-24 02:07:49Z INFO ActionCommandManager] Register action command extension for command add-matcher
[2026-01-24 02:07:49Z INFO ActionCommandManager] Register action command extension for command remove-matcher
[2026-01-24 02:07:49Z INFO ActionCommandManager] Register action command extension for command warning
[2026-01-24 02:07:49Z INFO ActionCommandManager] Register action command extension for command error
[2026-01-24 02:07:49Z INFO ActionCommandManager] Register action command extension for command notice
[2026-01-24 02:07:49Z INFO ActionCommandManager] Register action command extension for command debug
[2026-01-24 02:07:49Z INFO ActionCommandManager] Register action command extension for command group
[2026-01-24 02:07:49Z INFO ActionCommandManager] Register action command extension for command endgroup
[2026-01-24 02:07:49Z INFO ActionCommandManager] Register action command extension for command echo
[2026-01-24 02:07:49Z INFO ScriptHandler] Which2: 'cmd'
[2026-01-24 02:07:49Z INFO ScriptHandler] Location: 'C:\WINDOWS\system32\cmd.EXE'
[2026-01-24 02:07:49Z INFO HostContext] Well known directory 'Bin': 'C:\ESP32_Wrover\ebesoh_esp32_wrover_projects\actions-runner\bin'
[2026-01-24 02:07:49Z INFO HostContext] Well known directory 'Root': 'C:\ESP32_Wrover\ebesoh_esp32_wrover_projects\actions-runner'
[2026-01-24 02:07:49Z INFO HostContext] Well known directory 'Work': 'C:\ESP32_Wrover\ebesoh_esp32_wrover_projects\actions-runner\_work'
[2026-01-24 02:07:49Z INFO HostContext] Well known directory 'Temp': 'C:\ESP32_Wrover\ebesoh_esp32_wrover_projects\actions-runner\_work\_temp'
[2026-01-24 02:07:49Z INFO ScriptHandler] Which2: 'cmd'
[2026-01-24 02:07:49Z INFO ScriptHandler] Location: 'C:\WINDOWS\system32\cmd.EXE'
[2026-01-24 02:07:49Z INFO ProcessInvokerWrapper] Starting process:
[2026-01-24 02:07:49Z INFO ProcessInvokerWrapper]   File name: 'C:\WINDOWS\system32\cmd.EXE'
[2026-01-24 02:07:49Z INFO ProcessInvokerWrapper]   Arguments: '/D /E:ON /V:OFF /S /C "CALL "C:\ESP32_Wrover\ebesoh_esp32_wrover_projects\actions-runner\_work\_temp\e9b9b5b9-1dcc-4973-853f-dfd76633ee35.cmd""'
[2026-01-24 02:07:49Z INFO ProcessInvokerWrapper]   Working directory: 'C:\ESP32_Wrover\ebesoh_esp32_wrover_projects\actions-runner\_work\ebesoh_esp32_wrover_projects\ebesoh_esp32_wrover_projects'
[2026-01-24 02:07:49Z INFO ProcessInvokerWrapper]   Require exit code zero: 'False'
[2026-01-24 02:07:49Z INFO ProcessInvokerWrapper]   Encoding web name:  ; code page: ''
[2026-01-24 02:07:49Z INFO ProcessInvokerWrapper]   Force kill process on cancellation: 'False'
[2026-01-24 02:07:49Z INFO ProcessInvokerWrapper]   Redirected STDIN: 'False'
[2026-01-24 02:07:49Z INFO ProcessInvokerWrapper]   Persist current code page: 'True'
[2026-01-24 02:07:49Z INFO ProcessInvokerWrapper]   Keep redirected STDIN open: 'False'
[2026-01-24 02:07:49Z INFO ProcessInvokerWrapper]   High priority process: 'False'
[2026-01-24 02:07:49Z INFO ProcessInvokerWrapper] Process started with process id 23792, waiting for process exit.
[2026-01-24 02:07:49Z INFO ProcessInvokerWrapper] STDOUT/STDERR stream read finished.
[2026-01-24 02:07:49Z INFO ProcessInvokerWrapper] STDOUT/STDERR stream read finished.
[2026-01-24 02:07:49Z INFO ProcessInvokerWrapper] Finished process 23792 with exit code 1, and elapsed time 00:00:00.0254375.
[2026-01-24 02:07:49Z INFO CreateStepSummaryCommand] Step Summary file (C:\ESP32_Wrover\ebesoh_esp32_wrover_projects\actions-runner\_work\_temp\_runner_file_commands\step_summary_559fc56d-9b96-485f-8b42-da6d3fe61296) is empty; skipping attachment upload
[2026-01-24 02:07:49Z INFO StepsRunner] Step result: Failed
[2026-01-24 02:07:49Z INFO ExecutionContext] Publish step telemetry for current step {
  "action": "cmd",
  "type": "run",
  "stage": "Main",
  "stepId": "02e3a77d-92e1-4da2-a399-b5b290f4ca61",
  "stepContextName": "__run",
  "result": "failed",
  "errorMessages": [
    "Process completed with exit code 1."
  ],
  "executionTimeInSeconds": 1,
  "startTime": "2026-01-24T02:07:49.1154101Z",
  "finishTime": "2026-01-24T02:07:49.2334555Z"
}.
[2026-01-24 02:07:49Z INFO StepsRunner] Update job result with current step result 'Failed'.
[2026-01-24 02:07:49Z INFO StepsRunner] Current state: job state = 'Failed'
[2026-01-24 02:07:49Z INFO JobRunner] Finalize job.
[2026-01-24 02:07:49Z INFO HostContext] Well known directory 'Bin': 'C:\ESP32_Wrover\ebesoh_esp32_wrover_projects\actions-runner\bin'
[2026-01-24 02:07:49Z INFO HostContext] Well known directory 'Root': 'C:\ESP32_Wrover\ebesoh_esp32_wrover_projects\actions-runner'
[2026-01-24 02:07:49Z INFO HostContext] Well known directory 'Diag': 'C:\ESP32_Wrover\ebesoh_esp32_wrover_projects\actions-runner\_diag'
[2026-01-24 02:07:49Z INFO HostContext] Well known directory 'Bin': 'C:\ESP32_Wrover\ebesoh_esp32_wrover_projects\actions-runner\bin'
[2026-01-24 02:07:49Z INFO HostContext] Well known directory 'Root': 'C:\ESP32_Wrover\ebesoh_esp32_wrover_projects\actions-runner'
[2026-01-24 02:07:49Z INFO HostContext] Well known directory 'Diag': 'C:\ESP32_Wrover\ebesoh_esp32_wrover_projects\actions-runner\_diag'
[2026-01-24 02:07:49Z INFO JobExtension] Initialize Env context
[2026-01-24 02:07:49Z INFO JobExtension] Initialize steps context
[2026-01-24 02:07:49Z INFO JobExtension] Total accessible running process: 372.
[2026-01-24 02:07:49Z INFO JobExtension] Wait for all connectivity checks to finish.
[2026-01-24 02:07:49Z INFO ResultServer] Successfully started websocket client.
[2026-01-24 02:07:49Z INFO JobServerQueue] Try to append 1 batches web console lines for record '4e8cd90c-1a71-41ad-ad41-20235db32699', success rate: 1/1.
[2026-01-24 02:07:49Z INFO JobExtension] Connectivity check result: GitHub.Runner.Worker.JobExtension+CheckResult
[2026-01-24 02:07:49Z INFO JobExtension] Connectivity check result: GitHub.Runner.Worker.JobExtension+CheckResult
[2026-01-24 02:07:49Z INFO JobServerQueue] Try to append 1 batches web console lines for record '02e3a77d-92e1-4da2-a399-b5b290f4ca61', success rate: 1/1.
[2026-01-24 02:07:49Z INFO ExecutionContext] Publish step telemetry for current step {
  "action": "complete_job",
  "type": "runner",
  "stage": "Post",
  "stepId": "ab161280-c55a-45ba-ad9c-cd74ba1b9671",
  "result": "succeeded",
  "errorMessages": [],
  "executionTimeInSeconds": 1,
  "startTime": "2026-01-24T02:07:49.2394634Z",
  "finishTime": "2026-01-24T02:07:49.4454985Z"
}.
[2026-01-24 02:07:49Z INFO JobRunner] Job result after all job steps finish: Failed
[2026-01-24 02:07:49Z INFO JobRunner] Completing the job execution context.
[2026-01-24 02:07:49Z INFO JobRunner] Shutting down the job server queue.
[2026-01-24 02:07:49Z INFO JobServerQueue] Fire signal to shutdown all queues.
[2026-01-24 02:07:49Z INFO JobServerQueue] Job timeline record has been updated for the first time.
[2026-01-24 02:07:50Z INFO JobServerQueue] All queue process task stopped.
[2026-01-24 02:07:50Z INFO JobServerQueue] Try to append 1 batches web console lines for record '02e3a77d-92e1-4da2-a399-b5b290f4ca61', success rate: 1/1.
[2026-01-24 02:07:50Z INFO JobServerQueue] Try to append 1 batches web console lines for record 'ab161280-c55a-45ba-ad9c-cd74ba1b9671', success rate: 1/1.
[2026-01-24 02:07:50Z INFO JobServerQueue] Web console line queue drained.
[2026-01-24 02:07:50Z INFO JobServerQueue] Uploading 4 files in one shot.
[2026-01-24 02:07:50Z INFO JobServerQueue] Try to upload 4 log files or attachments, success rate: 4/4.
[2026-01-24 02:07:50Z INFO JobServerQueue] File upload queue drained.
[2026-01-24 02:07:50Z INFO JobServerQueue] Starting results-based upload queue...
[2026-01-24 02:07:50Z INFO JobServerQueue] Uploading 4 file(s) in one shot through results service.
[2026-01-24 02:07:50Z INFO JobServerQueue] Got a step log file to send to results service.
[2026-01-24 02:07:50Z INFO JobServerQueue] Starting upload of step log file to results service ResultsLog, C:\ESP32_Wrover\ebesoh_esp32_wrover_projects\actions-runner\_diag\blocks\892ae9d8-c0e3-4fbd-a48f-8c853e1ce123_4e8cd90c-1a71-41ad-ad41-20235db32699.1
[2026-01-24 02:07:51Z INFO JobServerQueue] Got a step log file to send to results service.
[2026-01-24 02:07:51Z INFO JobServerQueue] Starting upload of step log file to results service ResultsLog, C:\ESP32_Wrover\ebesoh_esp32_wrover_projects\actions-runner\_diag\blocks\892ae9d8-c0e3-4fbd-a48f-8c853e1ce123_02e3a77d-92e1-4da2-a399-b5b290f4ca61.1
[2026-01-24 02:07:51Z INFO JobServerQueue] Got a step log file to send to results service.
[2026-01-24 02:07:51Z INFO JobServerQueue] Starting upload of step log file to results service ResultsLog, C:\ESP32_Wrover\ebesoh_esp32_wrover_projects\actions-runner\_diag\blocks\892ae9d8-c0e3-4fbd-a48f-8c853e1ce123_ab161280-c55a-45ba-ad9c-cd74ba1b9671.1
[2026-01-24 02:07:52Z INFO JobServerQueue] Got a job log file to send to results service.
[2026-01-24 02:07:52Z INFO JobServerQueue] Starting upload of job log file to results service ResultsLog, C:\ESP32_Wrover\ebesoh_esp32_wrover_projects\actions-runner\_diag\blocks\892ae9d8-c0e3-4fbd-a48f-8c853e1ce123_096a3938-2175-5290-a441-5a7ee718ca89.1
[2026-01-24 02:07:52Z INFO JobServerQueue] Tried to upload 4 file(s) to results, success rate: 4/4.
[2026-01-24 02:07:52Z INFO JobServerQueue] Results upload queue drained.
[2026-01-24 02:07:52Z INFO JobServerQueue] Timeline update queue drained.
[2026-01-24 02:07:52Z INFO JobServerQueue] Disposing job server ...
[2026-01-24 02:07:52Z INFO JobServerQueue] Disposing results server ...
[2026-01-24 02:07:52Z INFO JobServerQueue] All queue process tasks have been stopped, and all queues are drained.
[2026-01-24 02:07:52Z INFO TempDirectoryManager] Cleaning runner temp folder: C:\ESP32_Wrover\ebesoh_esp32_wrover_projects\actions-runner\_work\_temp
[2026-01-24 02:07:52Z INFO HostContext] Well known directory 'Bin': 'C:\ESP32_Wrover\ebesoh_esp32_wrover_projects\actions-runner\bin'
[2026-01-24 02:07:52Z INFO HostContext] Well known directory 'Root': 'C:\ESP32_Wrover\ebesoh_esp32_wrover_projects\actions-runner'
[2026-01-24 02:07:52Z INFO HostContext] Well known directory 'Diag': 'C:\ESP32_Wrover\ebesoh_esp32_wrover_projects\actions-runner\_diag'
[2026-01-24 02:07:52Z INFO HostContext] Well known config file 'Telemetry': 'C:\ESP32_Wrover\ebesoh_esp32_wrover_projects\actions-runner\_diag\.telemetry'
[2026-01-24 02:07:52Z INFO JobRunner] Raising job completed against run service
[2026-01-24 02:07:52Z INFO Worker] Job completed.
